<?xml version="1.0" encoding="UTF-8"?>
<robot generator="Robot 6.0.2 (Python 3.8.10 on linux)" generated="20230303 23:34:55.639" rpa="false" schemaversion="3">
<suite id="s1" name="Tests" source="/home/dione/Documents/Projet/ProjetDaouda/Eco-testauto/tests">
<suite id="s1-s1" name="Mon Espace Commercial" source="/home/dione/Documents/Projet/ProjetDaouda/Eco-testauto/tests/mon_espace_commercial.robot">
<test id="s1-s1-t1" name="Connexion en tant que commercial/assureur/admin/caisse regionale/Distributeur" line="59">
<kw name="Ouvrir le navigateur" library="selenium_utils" type="SETUP">
<arg>${url}</arg>
<arg>${browser}</arg>
<kw name="Open Browser" library="SeleniumLibrary">
<arg>${url}</arg>
<arg>${browser}</arg>
<doc>Opens a new browser instance to the optional ``url``.</doc>
<msg timestamp="20230303 23:34:56.242" level="INFO">Opening browser 'Chrome' to base url 'https://qualif-partenaires.groupagrica.com/'.</msg>
<status status="PASS" starttime="20230303 23:34:56.241" endtime="20230303 23:34:59.955"/>
</kw>
<kw name="Maximize Browser Window" library="SeleniumLibrary">
<doc>Maximizes current browser window.</doc>
<status status="PASS" starttime="20230303 23:34:59.956" endtime="20230303 23:35:00.069"/>
</kw>
<kw name="Log To Console" library="BuiltIn">
<arg>Exécution de test démarrée sur ${browser}</arg>
<doc>Logs the given message to the console.</doc>
<status status="PASS" starttime="20230303 23:35:00.070" endtime="20230303 23:35:00.071"/>
</kw>
<status status="PASS" starttime="20230303 23:34:56.234" endtime="20230303 23:35:00.071"/>
</kw>
<kw name="Connexion en tant que Distributeur" library="creation_devis_offre_zenea">
<kw name="Log To Console" library="BuiltIn">
<arg>Step-01-Connexion en tant que destributeur</arg>
<doc>Logs the given message to the console.</doc>
<status status="PASS" starttime="20230303 23:35:00.073" endtime="20230303 23:35:00.074"/>
</kw>
<kw name="Log To Console" library="BuiltIn">
<arg>path : ${EXEC_DIR}/pages/connexion_page.robot</arg>
<doc>Logs the given message to the console.</doc>
<status status="PASS" starttime="20230303 23:35:00.076" endtime="20230303 23:35:00.079"/>
</kw>
<kw name="Se connecter à Agrica Espace Co" library="connexion_page">
<arg>${nom_utilisateur_Distributeur}</arg>
<arg>${motdepasse_Distributeur}</arg>
<arg>${titre_profil_Distributeur}</arg>
<kw name="Entrer l'adresse mail" library="connexion_page">
<arg>${nom_utilisateur}</arg>
<kw name="Input Text" library="SeleniumLibrary">
<arg>${champ_adressemail}</arg>
<arg>${nom_utilisateur}</arg>
<doc>Types the given ``text`` into the text field identified by ``locator``.</doc>
<msg timestamp="20230303 23:35:00.091" level="INFO">Typing text 'distributeur_qtpm@groupagrica.com' into text field 'id:username'.</msg>
<status status="PASS" starttime="20230303 23:35:00.089" endtime="20230303 23:35:00.421"/>
</kw>
<status status="PASS" starttime="20230303 23:35:00.084" endtime="20230303 23:35:00.421"/>
</kw>
<kw name="Entrer le mot de passe" library="connexion_page">
<arg>${motdepasse}</arg>
<kw name="Input Text" library="SeleniumLibrary">
<arg>${champ_motdepasse}</arg>
<arg>${motdepasse}</arg>
<doc>Types the given ``text`` into the text field identified by ``locator``.</doc>
<msg timestamp="20230303 23:35:00.424" level="INFO">Typing text 'sRM!9w97p' into text field 'id:password'.</msg>
<status status="PASS" starttime="20230303 23:35:00.423" endtime="20230303 23:35:00.605"/>
</kw>
<status status="PASS" starttime="20230303 23:35:00.422" endtime="20230303 23:35:00.606"/>
</kw>
<kw name="Cliquer sur le bouton Connexion" library="connexion_page">
<kw name="Click Button" library="SeleniumLibrary">
<arg>${btn_connexion}</arg>
<doc>Clicks the button identified by ``locator``.</doc>
<msg timestamp="20230303 23:35:00.609" level="INFO">Clicking button 'id:edit-submit'.</msg>
<status status="PASS" starttime="20230303 23:35:00.608" endtime="20230303 23:35:02.260"/>
</kw>
<status status="PASS" starttime="20230303 23:35:00.606" endtime="20230303 23:35:02.260"/>
</kw>
<kw name="Wait Until Page Contains" library="SeleniumLibrary">
<arg>${nom_profil_attendu}</arg>
<doc>Waits until ``text`` appears on the current page.</doc>
<status status="PASS" starttime="20230303 23:35:02.261" endtime="20230303 23:35:02.284"/>
</kw>
<status status="PASS" starttime="20230303 23:35:00.083" endtime="20230303 23:35:02.284"/>
</kw>
<status status="PASS" starttime="20230303 23:35:00.072" endtime="20230303 23:35:02.284"/>
</kw>
<kw name="Se deconnecter de Agrica" library="connexion_page">
<kw name="Click Element" library="SeleniumLibrary">
<arg>${btn_deconnexion}</arg>
<doc>Click the element identified by ``locator``.</doc>
<msg timestamp="20230303 23:35:02.288" level="INFO">Clicking element 'xpath://a[contains(text(),'Déconnexion')]'.</msg>
<status status="PASS" starttime="20230303 23:35:02.287" endtime="20230303 23:35:03.025"/>
</kw>
<status status="PASS" starttime="20230303 23:35:02.285" endtime="20230303 23:35:03.025"/>
</kw>
<kw name="Connexion en tant que Credit Agricole" library="creation_devis_accord_national_de_la_production_agricole">
<kw name="Se connecter à Agrica Espace Co" library="connexion_page">
<arg>${nom_utilisateur_CreditAgricole}</arg>
<arg>${motdepasse_CreditAgricole}</arg>
<arg>${titre_profil_CreditAgricole}</arg>
<kw name="Entrer l'adresse mail" library="connexion_page">
<arg>${nom_utilisateur}</arg>
<kw name="Input Text" library="SeleniumLibrary">
<arg>${champ_adressemail}</arg>
<arg>${nom_utilisateur}</arg>
<doc>Types the given ``text`` into the text field identified by ``locator``.</doc>
<msg timestamp="20230303 23:35:03.030" level="INFO">Typing text 'auto.caisse-regionale@test.fr' into text field 'id:username'.</msg>
<status status="PASS" starttime="20230303 23:35:03.028" endtime="20230303 23:35:03.221"/>
</kw>
<status status="PASS" starttime="20230303 23:35:03.027" endtime="20230303 23:35:03.221"/>
</kw>
<kw name="Entrer le mot de passe" library="connexion_page">
<arg>${motdepasse}</arg>
<kw name="Input Text" library="SeleniumLibrary">
<arg>${champ_motdepasse}</arg>
<arg>${motdepasse}</arg>
<doc>Types the given ``text`` into the text field identified by ``locator``.</doc>
<msg timestamp="20230303 23:35:03.226" level="INFO">Typing text 'e*QT8JYrF' into text field 'id:password'.</msg>
<status status="PASS" starttime="20230303 23:35:03.224" endtime="20230303 23:35:03.351"/>
</kw>
<status status="PASS" starttime="20230303 23:35:03.222" endtime="20230303 23:35:03.351"/>
</kw>
<kw name="Cliquer sur le bouton Connexion" library="connexion_page">
<kw name="Click Button" library="SeleniumLibrary">
<arg>${btn_connexion}</arg>
<doc>Clicks the button identified by ``locator``.</doc>
<msg timestamp="20230303 23:35:03.353" level="INFO">Clicking button 'id:edit-submit'.</msg>
<status status="PASS" starttime="20230303 23:35:03.352" endtime="20230303 23:35:05.519"/>
</kw>
<status status="PASS" starttime="20230303 23:35:03.352" endtime="20230303 23:35:05.520"/>
</kw>
<kw name="Wait Until Page Contains" library="SeleniumLibrary">
<arg>${nom_profil_attendu}</arg>
<doc>Waits until ``text`` appears on the current page.</doc>
<status status="PASS" starttime="20230303 23:35:05.520" endtime="20230303 23:35:05.548"/>
</kw>
<status status="PASS" starttime="20230303 23:35:03.026" endtime="20230303 23:35:05.548"/>
</kw>
<status status="PASS" starttime="20230303 23:35:03.026" endtime="20230303 23:35:05.548"/>
</kw>
<kw name="Se deconnecter de Agrica" library="connexion_page">
<kw name="Click Element" library="SeleniumLibrary">
<arg>${btn_deconnexion}</arg>
<doc>Click the element identified by ``locator``.</doc>
<msg timestamp="20230303 23:35:05.551" level="INFO">Clicking element 'xpath://a[contains(text(),'Déconnexion')]'.</msg>
<status status="PASS" starttime="20230303 23:35:05.550" endtime="20230303 23:35:06.299"/>
</kw>
<status status="PASS" starttime="20230303 23:35:05.549" endtime="20230303 23:35:06.300"/>
</kw>
<kw name="Connexion en tant que Assureur" library="creation_devis_offre_zenea">
<kw name="Log To Console" library="BuiltIn">
<arg>path : ${EXEC_DIR}/pages/connexion_page.robot</arg>
<doc>Logs the given message to the console.</doc>
<status status="PASS" starttime="20230303 23:35:06.302" endtime="20230303 23:35:06.303"/>
</kw>
<kw name="Se connecter à Agrica Espace Co" library="connexion_page">
<arg>${nom_utilisateur_ASSUREUR}</arg>
<arg>${motdepasse_ASSUREUR}</arg>
<arg>${titre_profil_ASSUREUR}</arg>
<kw name="Entrer l'adresse mail" library="connexion_page">
<arg>${nom_utilisateur}</arg>
<kw name="Input Text" library="SeleniumLibrary">
<arg>${champ_adressemail}</arg>
<arg>${nom_utilisateur}</arg>
<doc>Types the given ``text`` into the text field identified by ``locator``.</doc>
<msg timestamp="20230303 23:35:06.314" level="INFO">Typing text 'assureur.qtpm@groupagrica.com' into text field 'id:username'.</msg>
<status status="PASS" starttime="20230303 23:35:06.313" endtime="20230303 23:35:06.566"/>
</kw>
<status status="PASS" starttime="20230303 23:35:06.312" endtime="20230303 23:35:06.566"/>
</kw>
<kw name="Entrer le mot de passe" library="connexion_page">
<arg>${motdepasse}</arg>
<kw name="Input Text" library="SeleniumLibrary">
<arg>${champ_motdepasse}</arg>
<arg>${motdepasse}</arg>
<doc>Types the given ``text`` into the text field identified by ``locator``.</doc>
<msg timestamp="20230303 23:35:06.568" level="INFO">Typing text 'HUruzh7%J' into text field 'id:password'.</msg>
<status status="PASS" starttime="20230303 23:35:06.568" endtime="20230303 23:35:06.682"/>
</kw>
<status status="PASS" starttime="20230303 23:35:06.566" endtime="20230303 23:35:06.682"/>
</kw>
<kw name="Cliquer sur le bouton Connexion" library="connexion_page">
<kw name="Click Button" library="SeleniumLibrary">
<arg>${btn_connexion}</arg>
<doc>Clicks the button identified by ``locator``.</doc>
<msg timestamp="20230303 23:35:06.685" level="INFO">Clicking button 'id:edit-submit'.</msg>
<status status="PASS" starttime="20230303 23:35:06.684" endtime="20230303 23:35:08.055"/>
</kw>
<status status="PASS" starttime="20230303 23:35:06.683" endtime="20230303 23:35:08.055"/>
</kw>
<kw name="Wait Until Page Contains" library="SeleniumLibrary">
<arg>${nom_profil_attendu}</arg>
<doc>Waits until ``text`` appears on the current page.</doc>
<status status="PASS" starttime="20230303 23:35:08.056" endtime="20230303 23:35:08.077"/>
</kw>
<status status="PASS" starttime="20230303 23:35:06.303" endtime="20230303 23:35:08.077"/>
</kw>
<status status="PASS" starttime="20230303 23:35:06.302" endtime="20230303 23:35:08.078"/>
</kw>
<kw name="Se deconnecter de Agrica" library="connexion_page">
<kw name="Click Element" library="SeleniumLibrary">
<arg>${btn_deconnexion}</arg>
<doc>Click the element identified by ``locator``.</doc>
<msg timestamp="20230303 23:35:08.081" level="INFO">Clicking element 'xpath://a[contains(text(),'Déconnexion')]'.</msg>
<status status="PASS" starttime="20230303 23:35:08.080" endtime="20230303 23:35:08.722"/>
</kw>
<status status="PASS" starttime="20230303 23:35:08.078" endtime="20230303 23:35:08.722"/>
</kw>
<kw name="Fermer le navigateur" library="selenium_utils" type="TEARDOWN">
<kw name="Close Browser" library="SeleniumLibrary">
<doc>Closes the current browser.</doc>
<status status="PASS" starttime="20230303 23:35:08.726" endtime="20230303 23:35:08.798"/>
</kw>
<kw name="Log To Console" library="BuiltIn">
<arg>Fin de l'exécution de test</arg>
<doc>Logs the given message to the console.</doc>
<status status="PASS" starttime="20230303 23:35:08.798" endtime="20230303 23:35:08.801"/>
</kw>
<status status="PASS" starttime="20230303 23:35:08.724" endtime="20230303 23:35:08.802"/>
</kw>
<status status="PASS" starttime="20230303 23:34:56.232" endtime="20230303 23:35:08.802"/>
</test>
<test id="s1-s1-t2" name="Creation devis offre Zenea" line="72">
<kw name="Ouvrir le navigateur" library="selenium_utils" type="SETUP">
<arg>${url}</arg>
<arg>${browser}</arg>
<kw name="Open Browser" library="SeleniumLibrary">
<arg>${url}</arg>
<arg>${browser}</arg>
<doc>Opens a new browser instance to the optional ``url``.</doc>
<msg timestamp="20230303 23:35:08.811" level="INFO">Opening browser 'Chrome' to base url 'https://qualif-partenaires.groupagrica.com/'.</msg>
<status status="PASS" starttime="20230303 23:35:08.809" endtime="20230303 23:35:11.994"/>
</kw>
<kw name="Maximize Browser Window" library="SeleniumLibrary">
<doc>Maximizes current browser window.</doc>
<status status="PASS" starttime="20230303 23:35:11.996" endtime="20230303 23:35:12.103"/>
</kw>
<kw name="Log To Console" library="BuiltIn">
<arg>Exécution de test démarrée sur ${browser}</arg>
<doc>Logs the given message to the console.</doc>
<status status="PASS" starttime="20230303 23:35:12.103" endtime="20230303 23:35:12.104"/>
</kw>
<status status="PASS" starttime="20230303 23:35:08.808" endtime="20230303 23:35:12.105"/>
</kw>
<kw name="Connexion en tant que Distributeur" library="creation_devis_offre_zenea">
<kw name="Log To Console" library="BuiltIn">
<arg>Step-01-Connexion en tant que destributeur</arg>
<doc>Logs the given message to the console.</doc>
<status status="PASS" starttime="20230303 23:35:12.107" endtime="20230303 23:35:12.107"/>
</kw>
<kw name="Log To Console" library="BuiltIn">
<arg>path : ${EXEC_DIR}/pages/connexion_page.robot</arg>
<doc>Logs the given message to the console.</doc>
<status status="PASS" starttime="20230303 23:35:12.108" endtime="20230303 23:35:12.111"/>
</kw>
<kw name="Se connecter à Agrica Espace Co" library="connexion_page">
<arg>${nom_utilisateur_Distributeur}</arg>
<arg>${motdepasse_Distributeur}</arg>
<arg>${titre_profil_Distributeur}</arg>
<kw name="Entrer l'adresse mail" library="connexion_page">
<arg>${nom_utilisateur}</arg>
<kw name="Input Text" library="SeleniumLibrary">
<arg>${champ_adressemail}</arg>
<arg>${nom_utilisateur}</arg>
<doc>Types the given ``text`` into the text field identified by ``locator``.</doc>
<msg timestamp="20230303 23:35:12.128" level="INFO">Typing text 'distributeur_qtpm@groupagrica.com' into text field 'id:username'.</msg>
<status status="PASS" starttime="20230303 23:35:12.123" endtime="20230303 23:35:12.464"/>
</kw>
<status status="PASS" starttime="20230303 23:35:12.121" endtime="20230303 23:35:12.465"/>
</kw>
<kw name="Entrer le mot de passe" library="connexion_page">
<arg>${motdepasse}</arg>
<kw name="Input Text" library="SeleniumLibrary">
<arg>${champ_motdepasse}</arg>
<arg>${motdepasse}</arg>
<doc>Types the given ``text`` into the text field identified by ``locator``.</doc>
<msg timestamp="20230303 23:35:12.467" level="INFO">Typing text 'sRM!9w97p' into text field 'id:password'.</msg>
<status status="PASS" starttime="20230303 23:35:12.466" endtime="20230303 23:35:12.621"/>
</kw>
<status status="PASS" starttime="20230303 23:35:12.465" endtime="20230303 23:35:12.621"/>
</kw>
<kw name="Cliquer sur le bouton Connexion" library="connexion_page">
<kw name="Click Button" library="SeleniumLibrary">
<arg>${btn_connexion}</arg>
<doc>Clicks the button identified by ``locator``.</doc>
<msg timestamp="20230303 23:35:12.625" level="INFO">Clicking button 'id:edit-submit'.</msg>
<status status="PASS" starttime="20230303 23:35:12.623" endtime="20230303 23:35:14.988"/>
</kw>
<status status="PASS" starttime="20230303 23:35:12.621" endtime="20230303 23:35:14.989"/>
</kw>
<kw name="Wait Until Page Contains" library="SeleniumLibrary">
<arg>${nom_profil_attendu}</arg>
<doc>Waits until ``text`` appears on the current page.</doc>
<status status="PASS" starttime="20230303 23:35:14.990" endtime="20230303 23:35:15.025"/>
</kw>
<status status="PASS" starttime="20230303 23:35:12.111" endtime="20230303 23:35:15.025"/>
</kw>
<status status="PASS" starttime="20230303 23:35:12.105" endtime="20230303 23:35:15.025"/>
</kw>
<kw name="Formulaire Devis-Accès-Offre Zenea" library="creation_devis_offre_zenea">
<kw name="Cliquer sur le lien Offres" library="choix_offre_agrica">
<kw name="Click Element" library="SeleniumLibrary">
<arg>${lien_offe_Agrica_Prevoyance}</arg>
<doc>Click the element identified by ``locator``.</doc>
<msg timestamp="20230303 23:35:15.030" level="INFO">Clicking element 'xpath://a[contains(@href,'offres-agrica-prevoyance') and @class='btn btn-primary btn-arrow btn-large']'.</msg>
<status status="PASS" starttime="20230303 23:35:15.029" endtime="20230303 23:35:16.019"/>
</kw>
<status status="PASS" starttime="20230303 23:35:15.027" endtime="20230303 23:35:16.020"/>
</kw>
<kw name="Cliquer sur l'offre Zenea" library="choix_offre_agrica">
<kw name="Click Element" library="SeleniumLibrary">
<arg>${btn_devis_zenea}</arg>
<doc>Click the element identified by ``locator``.</doc>
<msg timestamp="20230303 23:35:16.021" level="INFO">Clicking element 'xpath://a[contains(@href,'ZENEA') and @class='btn btn-devis']'.</msg>
<status status="PASS" starttime="20230303 23:35:16.021" endtime="20230303 23:35:17.648"/>
</kw>
<status status="PASS" starttime="20230303 23:35:16.020" endtime="20230303 23:35:17.648"/>
</kw>
<kw name="Renseigner la date d'entretien" library="creation_devis_page">
<kw name="Cliquer sur le champ date" library="creation_devis_page">
<kw name="Click Element" library="SeleniumLibrary">
<arg>${champ_date_entretien}</arg>
<doc>Click the element identified by ``locator``.</doc>
<msg timestamp="20230303 23:35:17.652" level="INFO">Clicking element 'id:edit-date-entretien'.</msg>
<status status="PASS" starttime="20230303 23:35:17.651" endtime="20230303 23:35:17.735"/>
</kw>
<status status="PASS" starttime="20230303 23:35:17.650" endtime="20230303 23:35:17.736"/>
</kw>
<kw name="Cliquer sur la date d'aujourd'hui" library="creation_devis_page">
<kw name="Click Element" library="SeleniumLibrary">
<arg>${date_aujourd'hui}</arg>
<doc>Click the element identified by ``locator``.</doc>
<msg timestamp="20230303 23:35:17.738" level="INFO">Clicking element 'xpath://span[@class='flatpickr-day today' and @aria-current='date']'.</msg>
<status status="PASS" starttime="20230303 23:35:17.737" endtime="20230303 23:35:17.828"/>
</kw>
<status status="PASS" starttime="20230303 23:35:17.736" endtime="20230303 23:35:17.828"/>
</kw>
<status status="PASS" starttime="20230303 23:35:17.649" endtime="20230303 23:35:17.828"/>
</kw>
<status status="PASS" starttime="20230303 23:35:15.026" endtime="20230303 23:35:17.829"/>
</kw>
<kw name="Formulaire Devis-Entreprise-Offre Zenea" library="creation_devis_offre_zenea">
<kw name="Set Selenium Speed" library="SeleniumLibrary">
<arg>1s</arg>
<doc>Sets the delay that is waited after each Selenium command.</doc>
<status status="PASS" starttime="20230303 23:35:17.830" endtime="20230303 23:35:17.830"/>
</kw>
<kw name="Renseigner le numéro du SIRET" library="creation_devis_page">
<arg>${num_siret}</arg>
<kw name="Input Text" library="SeleniumLibrary">
<arg>${champ_siret}</arg>
<arg>${num_siret}</arg>
<doc>Types the given ``text`` into the text field identified by ``locator``.</doc>
<msg timestamp="20230303 23:35:17.835" level="INFO">Typing text '71203916300035' into text field 'xpath://*[@id="edit-siret"]'.</msg>
<status status="PASS" starttime="20230303 23:35:17.834" endtime="20230303 23:35:21.087"/>
</kw>
<status status="PASS" starttime="20230303 23:35:17.831" endtime="20230303 23:35:21.087"/>
</kw>
<kw name="Renseigner la couverture annuelle" library="creation_devis_page">
<arg>${couverture_annuelle}</arg>
<kw name="Input Text" library="SeleniumLibrary">
<arg>${champ_couverture_annuelle}</arg>
<arg>${couverture_annuelle}</arg>
<doc>Types the given ``text`` into the text field identified by ``locator``.</doc>
<msg timestamp="20230303 23:35:21.091" level="INFO">Typing text '5' into text field 'xpath://*[@id="edit-couverture-actuelle"]'.</msg>
<status status="PASS" starttime="20230303 23:35:21.091" endtime="20230303 23:35:25.018"/>
</kw>
<status status="PASS" starttime="20230303 23:35:21.088" endtime="20230303 23:35:25.019"/>
</kw>
<kw name="Renseigner la convention collective" library="creation_devis_page">
<arg>${convention_collective}</arg>
<kw name="Input Text" library="SeleniumLibrary">
<arg>${champ_convention_collective}</arg>
<arg>${convention_collective}</arg>
<doc>Types the given ``text`` into the text field identified by ``locator``.</doc>
<msg timestamp="20230303 23:35:25.022" level="INFO">Typing text 'nn' into text field 'xpath://*[@id="edit-convention-collective"]'.</msg>
<status status="PASS" starttime="20230303 23:35:25.022" endtime="20230303 23:35:28.171"/>
</kw>
<status status="PASS" starttime="20230303 23:35:25.020" endtime="20230303 23:35:28.172"/>
</kw>
<kw name="Ajouter un numero de SIRET de rattachemment" library="creation_devis_page">
<arg>${num_siret_rattachement}</arg>
<kw name="Click Element" library="SeleniumLibrary">
<arg>${btn_ajout_num_siret_rattachement}</arg>
<doc>Click the element identified by ``locator``.</doc>
<msg timestamp="20230303 23:35:28.175" level="INFO">Clicking element 'xpath://*[@id="add_siret_ratt"]'.</msg>
<status status="PASS" starttime="20230303 23:35:28.175" endtime="20230303 23:35:30.279"/>
</kw>
<kw name="Input Text" library="SeleniumLibrary">
<arg>${champ_siret_rattachement}</arg>
<arg>${num_siret_rattachement}</arg>
<doc>Types the given ``text`` into the text field identified by ``locator``.</doc>
<msg timestamp="20230303 23:35:30.282" level="INFO">Typing text '900 848 938 00016' into text field 'xpath://*[@id="edit-siret-1"]'.</msg>
<status status="PASS" starttime="20230303 23:35:30.280" endtime="20230303 23:35:33.535"/>
</kw>
<status status="PASS" starttime="20230303 23:35:28.173" endtime="20230303 23:35:33.536"/>
</kw>
<kw name="Vérifier que le champ raison sociale est rempli automatiquement" library="creation_devis_page">
<arg>${nom_entreprise}</arg>
<kw name="Input Text" library="SeleniumLibrary">
<arg>${champ_raisonsociale}</arg>
<arg>${raison_sociale}</arg>
<doc>Types the given ``text`` into the text field identified by ``locator``.</doc>
<msg timestamp="20230303 23:35:33.543" level="INFO">Typing text 'SOLY RUN' into text field 'xpath://*[@id="edit-raison-sociale"]'.</msg>
<status status="PASS" starttime="20230303 23:35:33.540" endtime="20230303 23:35:37.286"/>
</kw>
<status status="PASS" starttime="20230303 23:35:33.537" endtime="20230303 23:35:37.287"/>
</kw>
<kw name="Vérifier que le champ Code NAF est rempli automatiquement" library="creation_devis_page">
<arg>${code_NAF_actualise}</arg>
<kw name="Textfield Value Should Be" library="SeleniumLibrary">
<arg>${champ_codeNaf}</arg>
<arg>${code_NAF_actualise}</arg>
<doc>Verifies text field ``locator`` has exactly text ``expected``.</doc>
<msg timestamp="20230303 23:35:41.426" level="INFO">Content of text field 'xpath ://*[@id="edit-code-naf"]' is '6430Z'.</msg>
<status status="PASS" starttime="20230303 23:35:37.290" endtime="20230303 23:35:41.426"/>
</kw>
<status status="PASS" starttime="20230303 23:35:37.288" endtime="20230303 23:35:41.427"/>
</kw>
<kw name="Vérifier que le champ Forme juridique est rempli automatiquement" library="creation_devis_page">
<arg>${forme_juridique_actualise}</arg>
<kw name="Textfield Value Should Be" library="SeleniumLibrary">
<arg>${champ_formejuridique}</arg>
<arg>${forme_juridique_actualise}</arg>
<doc>Verifies text field ``locator`` has exactly text ``expected``.</doc>
<msg timestamp="20230303 23:35:45.520" level="INFO">Content of text field 'xpath://*[@id="edit-forme-juridique"]' is 'SA à conseil d'administration (s.a.i.)'.</msg>
<status status="PASS" starttime="20230303 23:35:41.429" endtime="20230303 23:35:45.520"/>
</kw>
<status status="PASS" starttime="20230303 23:35:41.428" endtime="20230303 23:35:45.521"/>
</kw>
<kw name="Vérifier que la date de création de l'entreprise est renseignée automatiquement" library="creation_devis_page">
<arg>${date_creation_entreprise_actualise}</arg>
<kw name="Textfield Value Should Be" library="SeleniumLibrary">
<arg>${champ_datecreation_entreprise}</arg>
<arg>${date_creation}</arg>
<doc>Verifies text field ``locator`` has exactly text ``expected``.</doc>
<msg timestamp="20230303 23:35:49.589" level="INFO">Content of text field 'xpath://*[@id="edit-date-creation-entreprise"]' is '14/02/1992'.</msg>
<status status="PASS" starttime="20230303 23:35:45.522" endtime="20230303 23:35:49.590"/>
</kw>
<status status="PASS" starttime="20230303 23:35:45.521" endtime="20230303 23:35:49.590"/>
</kw>
<kw name="Vérifier que l'adresse de l'entreprise est renseignée automatiquement" library="creation_devis_page">
<arg>${adresse_entreprise}</arg>
<kw name="Textfield Value Should Be" library="SeleniumLibrary">
<arg>${champ_adresse_entreprise}</arg>
<arg>${adresse_entreprise}</arg>
<doc>Verifies text field ``locator`` has exactly text ``expected``.</doc>
<msg timestamp="20230303 23:35:53.680" level="INFO">Content of text field 'xpath://*[@id="edit-adresse"]' is '83 Rue DU FAUBOURG SAINT HONORE'.</msg>
<status status="PASS" starttime="20230303 23:35:49.592" endtime="20230303 23:35:53.681"/>
</kw>
<status status="PASS" starttime="20230303 23:35:49.591" endtime="20230303 23:35:53.681"/>
</kw>
<kw name="Vérifier que le code postal de l'entreprise est renseigné automatiquement" library="creation_devis_page">
<arg>${codepostal_entreprise}</arg>
<kw name="Textfield Value Should Be" library="SeleniumLibrary">
<arg>${champ_codepostal_entreprise}</arg>
<arg>${codepostal_entreprise}</arg>
<doc>Verifies text field ``locator`` has exactly text ``expected``.</doc>
<msg timestamp="20230303 23:35:57.756" level="INFO">Content of text field 'xpath://*[@id="edit-code-postal"]' is '75008'.</msg>
<status status="PASS" starttime="20230303 23:35:53.685" endtime="20230303 23:35:57.756"/>
</kw>
<status status="PASS" starttime="20230303 23:35:53.683" endtime="20230303 23:35:57.757"/>
</kw>
<kw name="Vérifier que la ville de l'entreprise est renseignée automatiquement" library="creation_devis_page">
<arg>${ville_entreprise}</arg>
<kw name="Textfield Value Should Be" library="SeleniumLibrary">
<arg>${champ_ville_entreprise}</arg>
<arg>${ville_entreprise}</arg>
<doc>Verifies text field ``locator`` has exactly text ``expected``.</doc>
<msg timestamp="20230303 23:36:01.827" level="INFO">Content of text field 'xpath://*[@id="edit-ville"]' is 'PARIS 8'.</msg>
<status status="PASS" starttime="20230303 23:35:57.759" endtime="20230303 23:36:01.827"/>
</kw>
<status status="PASS" starttime="20230303 23:35:57.758" endtime="20230303 23:36:01.828"/>
</kw>
<kw name="Vérifier que le pays de l'entreprise est renseigné automatiquement" library="creation_devis_page">
<arg>${pays_entreprise}</arg>
<kw name="Textfield Value Should Be" library="SeleniumLibrary">
<arg>${champ_pays_entreprise}</arg>
<arg>${pays_entreprise}</arg>
<doc>Verifies text field ``locator`` has exactly text ``expected``.</doc>
<msg timestamp="20230303 23:36:05.919" level="INFO">Content of text field 'xpath://*[@id="edit-pays"]' is 'France'.</msg>
<status status="PASS" starttime="20230303 23:36:01.830" endtime="20230303 23:36:05.919"/>
</kw>
<status status="PASS" starttime="20230303 23:36:01.829" endtime="20230303 23:36:05.919"/>
</kw>
<kw name="Vérifier que le champ Raison sociale rattachement est rempli automatiquement" library="creation_devis_page">
<arg>${raison_sociale_rattachement}</arg>
<kw name="Click Element" library="SeleniumLibrary">
<arg>${champ_raisonsociale}</arg>
<doc>Click the element identified by ``locator``.</doc>
<msg timestamp="20230303 23:36:05.921" level="INFO">Clicking element 'xpath://*[@id="edit-raison-sociale"]'.</msg>
<status status="PASS" starttime="20230303 23:36:05.920" endtime="20230303 23:36:07.977"/>
</kw>
<kw name="Textfield Value Should Be" library="SeleniumLibrary">
<arg>${champ_raisonsociale}</arg>
<arg>${raison_sociale_rattachement}</arg>
<doc>Verifies text field ``locator`` has exactly text ``expected``.</doc>
<msg timestamp="20230303 23:36:12.056" level="INFO">Content of text field 'xpath://*[@id="edit-raison-sociale"]' is 'SOLY RUN'.</msg>
<status status="PASS" starttime="20230303 23:36:07.978" endtime="20230303 23:36:12.056"/>
</kw>
<status status="PASS" starttime="20230303 23:36:05.920" endtime="20230303 23:36:12.057"/>
</kw>
<kw name="Set Selenium Speed" library="SeleniumLibrary">
<arg>0s</arg>
<doc>Sets the delay that is waited after each Selenium command.</doc>
<status status="PASS" starttime="20230303 23:36:12.057" endtime="20230303 23:36:12.057"/>
</kw>
<status status="PASS" starttime="20230303 23:35:17.829" endtime="20230303 23:36:12.057"/>
</kw>
<kw name="Formulaire Devis-Signataires-Offre Zenea" library="creation_devis_offre_zenea">
<kw name="Selectionner la civilité" library="creation_devis_page">
<arg>${civilite}</arg>
<kw name="Select From List By Value" library="SeleniumLibrary">
<arg>${champ_civilite}</arg>
<arg>${civilite}</arg>
<doc>Selects options from selection list ``locator`` by ``values``.</doc>
<msg timestamp="20230303 23:36:12.059" level="INFO">Selecting options from selection list 'xpath://*[@id="dashboardFilter1"]' by value MADAME.</msg>
<status status="PASS" starttime="20230303 23:36:12.059" endtime="20230303 23:36:12.157"/>
</kw>
<status status="PASS" starttime="20230303 23:36:12.058" endtime="20230303 23:36:12.157"/>
</kw>
<kw name="Renseigner le nom du signataire" library="creation_devis_page">
<arg>${nom_signataire}</arg>
<kw name="Input Text" library="SeleniumLibrary">
<arg>${champ_nom}</arg>
<arg>${nom_signataire}</arg>
<doc>Types the given ``text`` into the text field identified by ``locator``.</doc>
<msg timestamp="20230303 23:36:12.160" level="INFO">Typing text 'Open' into text field 'xpath://*[@id="edit-nom"]'.</msg>
<status status="PASS" starttime="20230303 23:36:12.159" endtime="20230303 23:36:12.310"/>
</kw>
<status status="PASS" starttime="20230303 23:36:12.158" endtime="20230303 23:36:12.310"/>
</kw>
<kw name="Renseigner le prénom du signataire" library="creation_devis_page">
<arg>${prenom_signataire}</arg>
<kw name="Input Text" library="SeleniumLibrary">
<arg>${champ_prenom}</arg>
<arg>${prenom_signataire}</arg>
<doc>Types the given ``text`` into the text field identified by ``locator``.</doc>
<msg timestamp="20230303 23:36:12.312" level="INFO">Typing text 'Test' into text field 'xpath://*[@id="edit-nom"]'.</msg>
<status status="PASS" starttime="20230303 23:36:12.311" endtime="20230303 23:36:12.410"/>
</kw>
<status status="PASS" starttime="20230303 23:36:12.310" endtime="20230303 23:36:12.411"/>
</kw>
<kw name="Renseigner la fonction du signataire" library="creation_devis_page">
<arg>${fonction_signataire}</arg>
<kw name="Input Text" library="SeleniumLibrary">
<arg>${champ_fonction}</arg>
<arg>${fonction_signataire}</arg>
<doc>Types the given ``text`` into the text field identified by ``locator``.</doc>
<msg timestamp="20230303 23:36:12.412" level="INFO">Typing text 'Auto' into text field 'xpath://*[@id="edit-fonction"]'.</msg>
<status status="PASS" starttime="20230303 23:36:12.412" endtime="20230303 23:36:12.557"/>
</kw>
<status status="PASS" starttime="20230303 23:36:12.411" endtime="20230303 23:36:12.557"/>
</kw>
<kw name="Renseigner le numéro du téléphone directe du signataire" library="creation_devis_page">
<arg>${numtelephonedirecte_signataire}</arg>
<kw name="Input Text" library="SeleniumLibrary">
<arg>${champ_numtelephonedirecte}</arg>
<arg>${numtelephonedirecte_signataire}</arg>
<doc>Types the given ``text`` into the text field identified by ``locator``.</doc>
<msg timestamp="20230303 23:36:12.560" level="INFO">Typing text '02 01 01 01 01' into text field 'xpath://*[@id="edit-telephone-ligne-directe"]'.</msg>
<status status="PASS" starttime="20230303 23:36:12.559" endtime="20230303 23:36:12.713"/>
</kw>
<status status="PASS" starttime="20230303 23:36:12.557" endtime="20230303 23:36:12.713"/>
</kw>
<kw name="Renseigner le numéro du téléphone portable du signataire" library="creation_devis_page">
<arg>${numtelephoneportable_signataire}</arg>
<kw name="Input Text" library="SeleniumLibrary">
<arg>${champ_numtelephoneportable}</arg>
<arg>${numtelephoneportable_signataire}</arg>
<doc>Types the given ``text`` into the text field identified by ``locator``.</doc>
<msg timestamp="20230303 23:36:12.717" level="INFO">Typing text '06 01 01 01 01' into text field 'xpath://*[@id="edit-telephone-portable"]'.</msg>
<status status="PASS" starttime="20230303 23:36:12.715" endtime="20230303 23:36:12.880"/>
</kw>
<status status="PASS" starttime="20230303 23:36:12.714" endtime="20230303 23:36:12.880"/>
</kw>
<kw name="Renseigner l'adresse mail du signataire" library="creation_devis_page">
<arg>${adressemail_signataire}</arg>
<kw name="Input Text" library="SeleniumLibrary">
<arg>${champ_adressemail_signataire}</arg>
<arg>${adressemail_signataire}</arg>
<doc>Types the given ``text`` into the text field identified by ``locator``.</doc>
<msg timestamp="20230303 23:36:12.882" level="INFO">Typing text 'zgh7hyjb2o@1secmail.com' into text field 'xpath://*[@id="edit-email"]'.</msg>
<status status="PASS" starttime="20230303 23:36:12.881" endtime="20230303 23:36:13.055"/>
</kw>
<status status="PASS" starttime="20230303 23:36:12.880" endtime="20230303 23:36:13.055"/>
</kw>
<status status="PASS" starttime="20230303 23:36:12.058" endtime="20230303 23:36:13.056"/>
</kw>
<kw name="Formulaire Devis-Distributeur-Offre Zenea" library="creation_devis_offre_zenea">
<kw name="Vérifier que le champ distributeur est pré-rempli" library="creation_devis_page">
<arg>${nom_distributeur_groupe_Agrica}</arg>
<kw name="Textfield Value Should Be" library="SeleniumLibrary">
<arg>${champ_ditributeur}</arg>
<arg>${valeur_distributeur}</arg>
<doc>Verifies text field ``locator`` has exactly text ``expected``.</doc>
<msg timestamp="20230303 23:36:13.153" level="INFO">Content of text field 'id:edit-distributeur' is 'Groupe AGRICA'.</msg>
<status status="PASS" starttime="20230303 23:36:13.059" endtime="20230303 23:36:13.154"/>
</kw>
<status status="PASS" starttime="20230303 23:36:13.057" endtime="20230303 23:36:13.154"/>
</kw>
<kw name="Sélectionner l'agence de la caisse régionale" library="creation_devis_page">
<arg>${ville_caisseregionale_groupe_Agrica}</arg>
<kw name="Select From List By Value" library="SeleniumLibrary">
<arg>${champ_caisseregionale}</arg>
<arg>${agence_caisseregionale}</arg>
<doc>Selects options from selection list ``locator`` by ``values``.</doc>
<msg timestamp="20230303 23:36:13.158" level="INFO">Selecting options from selection list 'id:edit-caisse-regionale' by value Agence de Reims.</msg>
<status status="PASS" starttime="20230303 23:36:13.157" endtime="20230303 23:36:13.232"/>
</kw>
<status status="PASS" starttime="20230303 23:36:13.155" endtime="20230303 23:36:13.232"/>
</kw>
<kw name="Renseigner le code conseiller" library="creation_devis_page">
<arg>${code_conseiller}</arg>
<kw name="Input Text" library="SeleniumLibrary">
<arg>${champ_codeconseiller}</arg>
<arg>${code_conseiller}</arg>
<doc>Types the given ``text`` into the text field identified by ``locator``.</doc>
<msg timestamp="20230303 23:36:13.234" level="INFO">Typing text 'QTPMDIST' into text field 'id:edit-code-vendeur'.</msg>
<status status="PASS" starttime="20230303 23:36:13.233" endtime="20230303 23:36:13.375"/>
</kw>
<status status="PASS" starttime="20230303 23:36:13.232" endtime="20230303 23:36:13.375"/>
</kw>
<kw name="Renseigner le téléphone fixe du distributeur" library="creation_devis_page">
<arg>${numtelephonefixe_distributeur}</arg>
<kw name="Input Text" library="SeleniumLibrary">
<arg>${champ_telephonefixe_distributeur}</arg>
<arg>${telephone_fixe}</arg>
<doc>Types the given ``text`` into the text field identified by ``locator``.</doc>
<msg timestamp="20230303 23:36:13.377" level="INFO">Typing text '02 02 02 02 02' into text field 'id:edit-telephone-fixe'.</msg>
<status status="PASS" starttime="20230303 23:36:13.377" endtime="20230303 23:36:13.534"/>
</kw>
<status status="PASS" starttime="20230303 23:36:13.376" endtime="20230303 23:36:13.535"/>
</kw>
<kw name="Renseigner le téléphone portable du distributeur" library="creation_devis_page">
<arg>${numtelephoneportable_distributeur}</arg>
<kw name="Input Text" library="SeleniumLibrary">
<arg>${champ_telephoneportable_distributeur}</arg>
<arg>${telephone_portable}</arg>
<doc>Types the given ``text`` into the text field identified by ``locator``.</doc>
<msg timestamp="20230303 23:36:13.537" level="INFO">Typing text '06 06 06 06 06' into text field 'id:edit-telephone-mobile'.</msg>
<status status="PASS" starttime="20230303 23:36:13.537" endtime="20230303 23:36:13.698"/>
</kw>
<status status="PASS" starttime="20230303 23:36:13.535" endtime="20230303 23:36:13.699"/>
</kw>
<status status="PASS" starttime="20230303 23:36:13.056" endtime="20230303 23:36:13.699"/>
</kw>
<kw name="Fermer le navigateur" library="selenium_utils" type="TEARDOWN">
<kw name="Close Browser" library="SeleniumLibrary">
<doc>Closes the current browser.</doc>
<status status="PASS" starttime="20230303 23:36:13.701" endtime="20230303 23:36:13.800"/>
</kw>
<kw name="Log To Console" library="BuiltIn">
<arg>Fin de l'exécution de test</arg>
<doc>Logs the given message to the console.</doc>
<status status="PASS" starttime="20230303 23:36:13.801" endtime="20230303 23:36:13.801"/>
</kw>
<status status="PASS" starttime="20230303 23:36:13.700" endtime="20230303 23:36:13.801"/>
</kw>
<status status="PASS" starttime="20230303 23:35:08.804" endtime="20230303 23:36:13.801"/>
</test>
<test id="s1-s1-t3" name="Creation zenea_produits_du_sol" line="81">
<kw name="Ouvrir le navigateur" library="selenium_utils" type="SETUP">
<arg>${url}</arg>
<arg>${browser}</arg>
<kw name="Open Browser" library="SeleniumLibrary">
<arg>${url}</arg>
<arg>${browser}</arg>
<doc>Opens a new browser instance to the optional ``url``.</doc>
<msg timestamp="20230303 23:36:13.806" level="INFO">Opening browser 'Chrome' to base url 'https://qualif-partenaires.groupagrica.com/'.</msg>
<status status="PASS" starttime="20230303 23:36:13.804" endtime="20230303 23:36:16.978"/>
</kw>
<kw name="Maximize Browser Window" library="SeleniumLibrary">
<doc>Maximizes current browser window.</doc>
<status status="PASS" starttime="20230303 23:36:16.981" endtime="20230303 23:36:17.142"/>
</kw>
<kw name="Log To Console" library="BuiltIn">
<arg>Exécution de test démarrée sur ${browser}</arg>
<doc>Logs the given message to the console.</doc>
<status status="PASS" starttime="20230303 23:36:17.143" endtime="20230303 23:36:17.143"/>
</kw>
<status status="PASS" starttime="20230303 23:36:13.803" endtime="20230303 23:36:17.143"/>
</kw>
<kw name="Connexion en tant que Distributeur_Produits_Sol" library="creation_devis_zenea_produits_du_sol">
<kw name="Log To Console" library="BuiltIn">
<arg>Step-01-Connexion en tant que destributeur</arg>
<doc>Logs the given message to the console.</doc>
<status status="PASS" starttime="20230303 23:36:17.151" endtime="20230303 23:36:17.155"/>
</kw>
<kw name="Log To Console" library="BuiltIn">
<arg>path : ${EXEC_DIR}/pages/connexion_page.robot</arg>
<doc>Logs the given message to the console.</doc>
<status status="PASS" starttime="20230303 23:36:17.155" endtime="20230303 23:36:17.156"/>
</kw>
<kw name="Se connecter à Agrica Espace Co" library="connexion_page">
<arg>${nom_utilisateur_Distributeur}</arg>
<arg>${motdepasse_Distributeur}</arg>
<arg>${titre_profil_Distributeur}</arg>
<kw name="Entrer l'adresse mail" library="connexion_page">
<arg>${nom_utilisateur}</arg>
<kw name="Input Text" library="SeleniumLibrary">
<arg>${champ_adressemail}</arg>
<arg>${nom_utilisateur}</arg>
<doc>Types the given ``text`` into the text field identified by ``locator``.</doc>
<msg timestamp="20230303 23:36:17.160" level="INFO">Typing text 'distributeur_qtpm@groupagrica.com' into text field 'id:username'.</msg>
<status status="PASS" starttime="20230303 23:36:17.159" endtime="20230303 23:36:17.522"/>
</kw>
<status status="PASS" starttime="20230303 23:36:17.158" endtime="20230303 23:36:17.522"/>
</kw>
<kw name="Entrer le mot de passe" library="connexion_page">
<arg>${motdepasse}</arg>
<kw name="Input Text" library="SeleniumLibrary">
<arg>${champ_motdepasse}</arg>
<arg>${motdepasse}</arg>
<doc>Types the given ``text`` into the text field identified by ``locator``.</doc>
<msg timestamp="20230303 23:36:17.524" level="INFO">Typing text 'sRM!9w97p' into text field 'id:password'.</msg>
<status status="PASS" starttime="20230303 23:36:17.523" endtime="20230303 23:36:17.671"/>
</kw>
<status status="PASS" starttime="20230303 23:36:17.523" endtime="20230303 23:36:17.672"/>
</kw>
<kw name="Cliquer sur le bouton Connexion" library="connexion_page">
<kw name="Click Button" library="SeleniumLibrary">
<arg>${btn_connexion}</arg>
<doc>Clicks the button identified by ``locator``.</doc>
<msg timestamp="20230303 23:36:17.674" level="INFO">Clicking button 'id:edit-submit'.</msg>
<status status="PASS" starttime="20230303 23:36:17.673" endtime="20230303 23:36:19.386"/>
</kw>
<status status="PASS" starttime="20230303 23:36:17.672" endtime="20230303 23:36:19.386"/>
</kw>
<kw name="Wait Until Page Contains" library="SeleniumLibrary">
<arg>${nom_profil_attendu}</arg>
<doc>Waits until ``text`` appears on the current page.</doc>
<status status="PASS" starttime="20230303 23:36:19.387" endtime="20230303 23:36:19.418"/>
</kw>
<status status="PASS" starttime="20230303 23:36:17.157" endtime="20230303 23:36:19.418"/>
</kw>
<status status="PASS" starttime="20230303 23:36:17.144" endtime="20230303 23:36:19.418"/>
</kw>
<kw name="Formulaire Devis-Accès-Offre Zenea_Produits_Sol" library="creation_devis_zenea_produits_du_sol">
<kw name="Log To Console" library="BuiltIn">
<arg>Step-02-Clic sur offre produits_sol</arg>
<doc>Logs the given message to the console.</doc>
<status status="PASS" starttime="20230303 23:36:19.420" endtime="20230303 23:36:19.421"/>
</kw>
<kw name="Cliquer sur le lien Offres" library="choix_offre_agrica">
<kw name="Click Element" library="SeleniumLibrary">
<arg>${lien_offe_Agrica_Prevoyance}</arg>
<doc>Click the element identified by ``locator``.</doc>
<msg timestamp="20230303 23:36:19.424" level="INFO">Clicking element 'xpath://a[contains(@href,'offres-agrica-prevoyance') and @class='btn btn-primary btn-arrow btn-large']'.</msg>
<status status="PASS" starttime="20230303 23:36:19.423" endtime="20230303 23:36:20.442"/>
</kw>
<status status="PASS" starttime="20230303 23:36:19.422" endtime="20230303 23:36:20.443"/>
</kw>
<kw name="Cliquer sur l'offre Zenea_produits_sol" library="choix_offre_agrica">
<kw name="Click Element" library="SeleniumLibrary">
<arg>${btn_devis_zenea_produits_sol}</arg>
<doc>Click the element identified by ``locator``.</doc>
<msg timestamp="20230303 23:36:20.449" level="INFO">Clicking element 'xpath://a[contains(@href,'ZENEA') and @class='btn btn-devis'][preceding::a/img[contains(@alt,'Zenéa Négoce et Industrie des produits du sol')]]'.</msg>
<status status="PASS" starttime="20230303 23:36:20.446" endtime="20230303 23:36:22.295"/>
</kw>
<status status="PASS" starttime="20230303 23:36:20.444" endtime="20230303 23:36:22.296"/>
</kw>
<kw name="Renseigner la date d'entretien" library="creation_devis_page">
<kw name="Cliquer sur le champ date" library="creation_devis_page">
<kw name="Click Element" library="SeleniumLibrary">
<arg>${champ_date_entretien}</arg>
<doc>Click the element identified by ``locator``.</doc>
<msg timestamp="20230303 23:36:22.301" level="INFO">Clicking element 'id:edit-date-entretien'.</msg>
<status status="PASS" starttime="20230303 23:36:22.299" endtime="20230303 23:36:22.371"/>
</kw>
<status status="PASS" starttime="20230303 23:36:22.297" endtime="20230303 23:36:22.371"/>
</kw>
<kw name="Cliquer sur la date d'aujourd'hui" library="creation_devis_page">
<kw name="Click Element" library="SeleniumLibrary">
<arg>${date_aujourd'hui}</arg>
<doc>Click the element identified by ``locator``.</doc>
<msg timestamp="20230303 23:36:22.373" level="INFO">Clicking element 'xpath://span[@class='flatpickr-day today' and @aria-current='date']'.</msg>
<status status="PASS" starttime="20230303 23:36:22.372" endtime="20230303 23:36:22.449"/>
</kw>
<status status="PASS" starttime="20230303 23:36:22.371" endtime="20230303 23:36:22.449"/>
</kw>
<status status="PASS" starttime="20230303 23:36:22.296" endtime="20230303 23:36:22.450"/>
</kw>
<status status="PASS" starttime="20230303 23:36:19.419" endtime="20230303 23:36:22.450"/>
</kw>
<kw name="Formulaire Devis-Entreprise-Offre Zenea_Produits_Sol" library="creation_devis_zenea_produits_du_sol">
<kw name="Log To Console" library="BuiltIn">
<arg>Step-03-Remplissage des champs Entreprise</arg>
<doc>Logs the given message to the console.</doc>
<status status="PASS" starttime="20230303 23:36:22.455" endtime="20230303 23:36:22.456"/>
</kw>
<kw name="Set Selenium Speed" library="SeleniumLibrary">
<arg>1s</arg>
<doc>Sets the delay that is waited after each Selenium command.</doc>
<status status="PASS" starttime="20230303 23:36:22.456" endtime="20230303 23:36:22.457"/>
</kw>
<kw name="Renseigner le numéro du SIRET" library="creation_devis_page">
<arg>${num_siret}</arg>
<kw name="Input Text" library="SeleniumLibrary">
<arg>${champ_siret}</arg>
<arg>${num_siret}</arg>
<doc>Types the given ``text`` into the text field identified by ``locator``.</doc>
<msg timestamp="20230303 23:36:22.459" level="INFO">Typing text '71203916300035' into text field 'xpath://*[@id="edit-siret"]'.</msg>
<status status="PASS" starttime="20230303 23:36:22.458" endtime="20230303 23:36:25.703"/>
</kw>
<status status="PASS" starttime="20230303 23:36:22.458" endtime="20230303 23:36:25.703"/>
</kw>
<kw name="Renseigner la couverture annuelle" library="creation_devis_page">
<arg>${couverture_annuelle}</arg>
<kw name="Input Text" library="SeleniumLibrary">
<arg>${champ_couverture_annuelle}</arg>
<arg>${couverture_annuelle}</arg>
<doc>Types the given ``text`` into the text field identified by ``locator``.</doc>
<msg timestamp="20230303 23:36:25.708" level="INFO">Typing text '5' into text field 'xpath://*[@id="edit-couverture-actuelle"]'.</msg>
<status status="PASS" starttime="20230303 23:36:25.707" endtime="20230303 23:36:29.180"/>
</kw>
<status status="PASS" starttime="20230303 23:36:25.704" endtime="20230303 23:36:29.180"/>
</kw>
<kw name="Renseigner la convention collective" library="creation_devis_page">
<arg>${convention_collective}</arg>
<kw name="Input Text" library="SeleniumLibrary">
<arg>${champ_convention_collective}</arg>
<arg>${convention_collective}</arg>
<doc>Types the given ``text`` into the text field identified by ``locator``.</doc>
<msg timestamp="20230303 23:36:29.181" level="INFO">Typing text 'nn' into text field 'xpath://*[@id="edit-convention-collective"]'.</msg>
<status status="PASS" starttime="20230303 23:36:29.181" endtime="20230303 23:36:32.312"/>
</kw>
<status status="PASS" starttime="20230303 23:36:29.180" endtime="20230303 23:36:32.312"/>
</kw>
<kw name="Ajouter un numero de SIRET de rattachemment" library="creation_devis_page">
<arg>${num_siret_rattachement}</arg>
<kw name="Click Element" library="SeleniumLibrary">
<arg>${btn_ajout_num_siret_rattachement}</arg>
<doc>Click the element identified by ``locator``.</doc>
<msg timestamp="20230303 23:36:32.316" level="INFO">Clicking element 'xpath://*[@id="add_siret_ratt"]'.</msg>
<status status="PASS" starttime="20230303 23:36:32.315" endtime="20230303 23:36:34.410"/>
</kw>
<kw name="Input Text" library="SeleniumLibrary">
<arg>${champ_siret_rattachement}</arg>
<arg>${num_siret_rattachement}</arg>
<doc>Types the given ``text`` into the text field identified by ``locator``.</doc>
<msg timestamp="20230303 23:36:34.413" level="INFO">Typing text '900 848 938 00016' into text field 'xpath://*[@id="edit-siret-1"]'.</msg>
<status status="PASS" starttime="20230303 23:36:34.411" endtime="20230303 23:36:37.628"/>
</kw>
<status status="PASS" starttime="20230303 23:36:32.314" endtime="20230303 23:36:37.628"/>
</kw>
<kw name="Vérifier que le champ raison sociale est rempli automatiquement" library="creation_devis_page">
<arg>${nom_entreprise}</arg>
<kw name="Input Text" library="SeleniumLibrary">
<arg>${champ_raisonsociale}</arg>
<arg>${raison_sociale}</arg>
<doc>Types the given ``text`` into the text field identified by ``locator``.</doc>
<msg timestamp="20230303 23:36:37.630" level="INFO">Typing text 'SOLY RUN' into text field 'xpath://*[@id="edit-raison-sociale"]'.</msg>
<status status="PASS" starttime="20230303 23:36:37.629" endtime="20230303 23:36:40.944"/>
</kw>
<status status="PASS" starttime="20230303 23:36:37.629" endtime="20230303 23:36:40.945"/>
</kw>
<kw name="Vérifier que le champ Code NAF est rempli automatiquement" library="creation_devis_page">
<arg>${code_NAF_actualise}</arg>
<kw name="Textfield Value Should Be" library="SeleniumLibrary">
<arg>${champ_codeNaf}</arg>
<arg>${code_NAF_actualise}</arg>
<doc>Verifies text field ``locator`` has exactly text ``expected``.</doc>
<msg timestamp="20230303 23:36:45.092" level="INFO">Content of text field 'xpath ://*[@id="edit-code-naf"]' is '6430Z'.</msg>
<status status="PASS" starttime="20230303 23:36:40.949" endtime="20230303 23:36:45.092"/>
</kw>
<status status="PASS" starttime="20230303 23:36:40.946" endtime="20230303 23:36:45.093"/>
</kw>
<kw name="Vérifier que le champ Forme juridique est rempli automatiquement" library="creation_devis_page">
<arg>${forme_juridique_actualise}</arg>
<kw name="Textfield Value Should Be" library="SeleniumLibrary">
<arg>${champ_formejuridique}</arg>
<arg>${forme_juridique_actualise}</arg>
<doc>Verifies text field ``locator`` has exactly text ``expected``.</doc>
<msg timestamp="20230303 23:36:49.185" level="INFO">Content of text field 'xpath://*[@id="edit-forme-juridique"]' is 'SA à conseil d'administration (s.a.i.)'.</msg>
<status status="PASS" starttime="20230303 23:36:45.097" endtime="20230303 23:36:49.186"/>
</kw>
<status status="PASS" starttime="20230303 23:36:45.094" endtime="20230303 23:36:49.186"/>
</kw>
<kw name="Vérifier que la date de création de l'entreprise est renseignée automatiquement" library="creation_devis_page">
<arg>${date_creation_entreprise_actualise}</arg>
<kw name="Textfield Value Should Be" library="SeleniumLibrary">
<arg>${champ_datecreation_entreprise}</arg>
<arg>${date_creation}</arg>
<doc>Verifies text field ``locator`` has exactly text ``expected``.</doc>
<msg timestamp="20230303 23:36:53.245" level="INFO">Content of text field 'xpath://*[@id="edit-date-creation-entreprise"]' is '14/02/1992'.</msg>
<status status="PASS" starttime="20230303 23:36:49.187" endtime="20230303 23:36:53.245"/>
</kw>
<status status="PASS" starttime="20230303 23:36:49.186" endtime="20230303 23:36:53.245"/>
</kw>
<kw name="Vérifier que l'adresse de l'entreprise est renseignée automatiquement" library="creation_devis_page">
<arg>${adresse_entreprise}</arg>
<kw name="Textfield Value Should Be" library="SeleniumLibrary">
<arg>${champ_adresse_entreprise}</arg>
<arg>${adresse_entreprise}</arg>
<doc>Verifies text field ``locator`` has exactly text ``expected``.</doc>
<msg timestamp="20230303 23:36:57.320" level="INFO">Content of text field 'xpath://*[@id="edit-adresse"]' is '83 Rue DU FAUBOURG SAINT HONORE'.</msg>
<status status="PASS" starttime="20230303 23:36:53.246" endtime="20230303 23:36:57.321"/>
</kw>
<status status="PASS" starttime="20230303 23:36:53.246" endtime="20230303 23:36:57.321"/>
</kw>
<kw name="Vérifier que le code postal de l'entreprise est renseigné automatiquement" library="creation_devis_page">
<arg>${codepostal_entreprise}</arg>
<kw name="Textfield Value Should Be" library="SeleniumLibrary">
<arg>${champ_codepostal_entreprise}</arg>
<arg>${codepostal_entreprise}</arg>
<doc>Verifies text field ``locator`` has exactly text ``expected``.</doc>
<msg timestamp="20230303 23:37:01.395" level="INFO">Content of text field 'xpath://*[@id="edit-code-postal"]' is '75008'.</msg>
<status status="PASS" starttime="20230303 23:36:57.323" endtime="20230303 23:37:01.395"/>
</kw>
<status status="PASS" starttime="20230303 23:36:57.322" endtime="20230303 23:37:01.396"/>
</kw>
<kw name="Vérifier que la ville de l'entreprise est renseignée automatiquement" library="creation_devis_page">
<arg>${ville_entreprise}</arg>
<kw name="Textfield Value Should Be" library="SeleniumLibrary">
<arg>${champ_ville_entreprise}</arg>
<arg>${ville_entreprise}</arg>
<doc>Verifies text field ``locator`` has exactly text ``expected``.</doc>
<msg timestamp="20230303 23:37:05.468" level="INFO">Content of text field 'xpath://*[@id="edit-ville"]' is 'PARIS 8'.</msg>
<status status="PASS" starttime="20230303 23:37:01.398" endtime="20230303 23:37:05.469"/>
</kw>
<status status="PASS" starttime="20230303 23:37:01.397" endtime="20230303 23:37:05.469"/>
</kw>
<kw name="Vérifier que le pays de l'entreprise est renseigné automatiquement" library="creation_devis_page">
<arg>${pays_entreprise}</arg>
<kw name="Textfield Value Should Be" library="SeleniumLibrary">
<arg>${champ_pays_entreprise}</arg>
<arg>${pays_entreprise}</arg>
<doc>Verifies text field ``locator`` has exactly text ``expected``.</doc>
<msg timestamp="20230303 23:37:09.542" level="INFO">Content of text field 'xpath://*[@id="edit-pays"]' is 'France'.</msg>
<status status="PASS" starttime="20230303 23:37:05.472" endtime="20230303 23:37:09.543"/>
</kw>
<status status="PASS" starttime="20230303 23:37:05.470" endtime="20230303 23:37:09.543"/>
</kw>
<kw name="Vérifier que le champ Raison sociale rattachement est rempli automatiquement" library="creation_devis_page">
<arg>${raison_sociale_rattachement}</arg>
<kw name="Click Element" library="SeleniumLibrary">
<arg>${champ_raisonsociale}</arg>
<doc>Click the element identified by ``locator``.</doc>
<msg timestamp="20230303 23:37:09.547" level="INFO">Clicking element 'xpath://*[@id="edit-raison-sociale"]'.</msg>
<status status="PASS" starttime="20230303 23:37:09.545" endtime="20230303 23:37:11.625"/>
</kw>
<kw name="Textfield Value Should Be" library="SeleniumLibrary">
<arg>${champ_raisonsociale}</arg>
<arg>${raison_sociale_rattachement}</arg>
<doc>Verifies text field ``locator`` has exactly text ``expected``.</doc>
<msg timestamp="20230303 23:37:15.690" level="INFO">Content of text field 'xpath://*[@id="edit-raison-sociale"]' is 'SOLY RUN'.</msg>
<status status="PASS" starttime="20230303 23:37:11.626" endtime="20230303 23:37:15.691"/>
</kw>
<status status="PASS" starttime="20230303 23:37:09.544" endtime="20230303 23:37:15.692"/>
</kw>
<kw name="Set Selenium Speed" library="SeleniumLibrary">
<arg>0s</arg>
<doc>Sets the delay that is waited after each Selenium command.</doc>
<status status="PASS" starttime="20230303 23:37:15.692" endtime="20230303 23:37:15.694"/>
</kw>
<status status="PASS" starttime="20230303 23:36:22.453" endtime="20230303 23:37:15.694"/>
</kw>
<kw name="Formulaire Devis-Signataires-Offre Zenea_Produits_Sol" library="creation_devis_zenea_produits_du_sol">
<kw name="Log To Console" library="BuiltIn">
<arg>Step-04-Remplissage des champs Signataire</arg>
<doc>Logs the given message to the console.</doc>
<status status="PASS" starttime="20230303 23:37:15.698" endtime="20230303 23:37:15.699"/>
</kw>
<kw name="Selectionner la civilité" library="creation_devis_page">
<arg>${civilite}</arg>
<kw name="Select From List By Value" library="SeleniumLibrary">
<arg>${champ_civilite}</arg>
<arg>${civilite}</arg>
<doc>Selects options from selection list ``locator`` by ``values``.</doc>
<msg timestamp="20230303 23:37:15.706" level="INFO">Selecting options from selection list 'xpath://*[@id="dashboardFilter1"]' by value MADAME.</msg>
<status status="PASS" starttime="20230303 23:37:15.703" endtime="20230303 23:37:15.830"/>
</kw>
<status status="PASS" starttime="20230303 23:37:15.700" endtime="20230303 23:37:15.831"/>
</kw>
<kw name="Renseigner le nom du signataire" library="creation_devis_page">
<arg>${nom_signataire}</arg>
<kw name="Input Text" library="SeleniumLibrary">
<arg>${champ_nom}</arg>
<arg>${nom_signataire}</arg>
<doc>Types the given ``text`` into the text field identified by ``locator``.</doc>
<msg timestamp="20230303 23:37:15.833" level="INFO">Typing text 'Open' into text field 'xpath://*[@id="edit-nom"]'.</msg>
<status status="PASS" starttime="20230303 23:37:15.832" endtime="20230303 23:37:15.970"/>
</kw>
<status status="PASS" starttime="20230303 23:37:15.831" endtime="20230303 23:37:15.971"/>
</kw>
<kw name="Renseigner le prénom du signataire" library="creation_devis_page">
<arg>${prenom_signataire}</arg>
<kw name="Input Text" library="SeleniumLibrary">
<arg>${champ_prenom}</arg>
<arg>${prenom_signataire}</arg>
<doc>Types the given ``text`` into the text field identified by ``locator``.</doc>
<msg timestamp="20230303 23:37:15.973" level="INFO">Typing text 'Test' into text field 'xpath://*[@id="edit-nom"]'.</msg>
<status status="PASS" starttime="20230303 23:37:15.972" endtime="20230303 23:37:16.081"/>
</kw>
<status status="PASS" starttime="20230303 23:37:15.971" endtime="20230303 23:37:16.081"/>
</kw>
<kw name="Renseigner la fonction du signataire" library="creation_devis_page">
<arg>${fonction_signataire}</arg>
<kw name="Input Text" library="SeleniumLibrary">
<arg>${champ_fonction}</arg>
<arg>${fonction_signataire}</arg>
<doc>Types the given ``text`` into the text field identified by ``locator``.</doc>
<msg timestamp="20230303 23:37:16.084" level="INFO">Typing text 'Auto' into text field 'xpath://*[@id="edit-fonction"]'.</msg>
<status status="PASS" starttime="20230303 23:37:16.083" endtime="20230303 23:37:16.238"/>
</kw>
<status status="PASS" starttime="20230303 23:37:16.082" endtime="20230303 23:37:16.238"/>
</kw>
<kw name="Renseigner le numéro du téléphone directe du signataire" library="creation_devis_page">
<arg>${numtelephonedirecte_signataire}</arg>
<kw name="Input Text" library="SeleniumLibrary">
<arg>${champ_numtelephonedirecte}</arg>
<arg>${numtelephonedirecte_signataire}</arg>
<doc>Types the given ``text`` into the text field identified by ``locator``.</doc>
<msg timestamp="20230303 23:37:16.241" level="INFO">Typing text '02 01 01 01 01' into text field 'xpath://*[@id="edit-telephone-ligne-directe"]'.</msg>
<status status="PASS" starttime="20230303 23:37:16.239" endtime="20230303 23:37:16.403"/>
</kw>
<status status="PASS" starttime="20230303 23:37:16.238" endtime="20230303 23:37:16.403"/>
</kw>
<kw name="Renseigner le numéro du téléphone portable du signataire" library="creation_devis_page">
<arg>${numtelephoneportable_signataire}</arg>
<kw name="Input Text" library="SeleniumLibrary">
<arg>${champ_numtelephoneportable}</arg>
<arg>${numtelephoneportable_signataire}</arg>
<doc>Types the given ``text`` into the text field identified by ``locator``.</doc>
<msg timestamp="20230303 23:37:16.405" level="INFO">Typing text '06 01 01 01 01' into text field 'xpath://*[@id="edit-telephone-portable"]'.</msg>
<status status="PASS" starttime="20230303 23:37:16.404" endtime="20230303 23:37:16.573"/>
</kw>
<status status="PASS" starttime="20230303 23:37:16.404" endtime="20230303 23:37:16.574"/>
</kw>
<kw name="Renseigner l'adresse mail du signataire" library="creation_devis_page">
<arg>${adressemail_signataire}</arg>
<kw name="Input Text" library="SeleniumLibrary">
<arg>${champ_adressemail_signataire}</arg>
<arg>${adressemail_signataire}</arg>
<doc>Types the given ``text`` into the text field identified by ``locator``.</doc>
<msg timestamp="20230303 23:37:16.577" level="INFO">Typing text 'zgh7hyjb2o@1secmail.com' into text field 'xpath://*[@id="edit-email"]'.</msg>
<status status="PASS" starttime="20230303 23:37:16.575" endtime="20230303 23:37:16.779"/>
</kw>
<status status="PASS" starttime="20230303 23:37:16.574" endtime="20230303 23:37:16.779"/>
</kw>
<status status="PASS" starttime="20230303 23:37:15.696" endtime="20230303 23:37:16.780"/>
</kw>
<kw name="Formulaire Devis-Distributeur-Offre Zenea_Produits_Sol" library="creation_devis_zenea_produits_du_sol">
<kw name="Log To Console" library="BuiltIn">
<arg>Step-05-Remplissage des champs Distributeur</arg>
<doc>Logs the given message to the console.</doc>
<status status="PASS" starttime="20230303 23:37:16.782" endtime="20230303 23:37:16.784"/>
</kw>
<kw name="Vérifier que le champ distributeur est pré-rempli" library="creation_devis_page">
<arg>${nom_distributeur_groupe_Agrica}</arg>
<kw name="Textfield Value Should Be" library="SeleniumLibrary">
<arg>${champ_ditributeur}</arg>
<arg>${valeur_distributeur}</arg>
<doc>Verifies text field ``locator`` has exactly text ``expected``.</doc>
<msg timestamp="20230303 23:37:16.863" level="INFO">Content of text field 'id:edit-distributeur' is 'Groupe AGRICA'.</msg>
<status status="PASS" starttime="20230303 23:37:16.787" endtime="20230303 23:37:16.864"/>
</kw>
<status status="PASS" starttime="20230303 23:37:16.785" endtime="20230303 23:37:16.864"/>
</kw>
<kw name="Sélectionner l'agence de la caisse régionale" library="creation_devis_page">
<arg>${ville_caisseregionale_groupe_Agrica}</arg>
<kw name="Select From List By Value" library="SeleniumLibrary">
<arg>${champ_caisseregionale}</arg>
<arg>${agence_caisseregionale}</arg>
<doc>Selects options from selection list ``locator`` by ``values``.</doc>
<msg timestamp="20230303 23:37:16.866" level="INFO">Selecting options from selection list 'id:edit-caisse-regionale' by value Agence de Reims.</msg>
<status status="PASS" starttime="20230303 23:37:16.865" endtime="20230303 23:37:16.957"/>
</kw>
<status status="PASS" starttime="20230303 23:37:16.864" endtime="20230303 23:37:16.958"/>
</kw>
<kw name="Renseigner le code conseiller" library="creation_devis_page">
<arg>${code_conseiller}</arg>
<kw name="Input Text" library="SeleniumLibrary">
<arg>${champ_codeconseiller}</arg>
<arg>${code_conseiller}</arg>
<doc>Types the given ``text`` into the text field identified by ``locator``.</doc>
<msg timestamp="20230303 23:37:16.959" level="INFO">Typing text 'QTPMDIST' into text field 'id:edit-code-vendeur'.</msg>
<status status="PASS" starttime="20230303 23:37:16.958" endtime="20230303 23:37:17.094"/>
</kw>
<status status="PASS" starttime="20230303 23:37:16.958" endtime="20230303 23:37:17.095"/>
</kw>
<kw name="Renseigner le téléphone fixe du distributeur" library="creation_devis_page">
<arg>${numtelephonefixe_distributeur}</arg>
<kw name="Input Text" library="SeleniumLibrary">
<arg>${champ_telephonefixe_distributeur}</arg>
<arg>${telephone_fixe}</arg>
<doc>Types the given ``text`` into the text field identified by ``locator``.</doc>
<msg timestamp="20230303 23:37:17.098" level="INFO">Typing text '02 02 02 02 02' into text field 'id:edit-telephone-fixe'.</msg>
<status status="PASS" starttime="20230303 23:37:17.097" endtime="20230303 23:37:17.274"/>
</kw>
<status status="PASS" starttime="20230303 23:37:17.096" endtime="20230303 23:37:17.275"/>
</kw>
<kw name="Renseigner le téléphone portable du distributeur" library="creation_devis_page">
<arg>${numtelephoneportable_distributeur}</arg>
<kw name="Input Text" library="SeleniumLibrary">
<arg>${champ_telephoneportable_distributeur}</arg>
<arg>${telephone_portable}</arg>
<doc>Types the given ``text`` into the text field identified by ``locator``.</doc>
<msg timestamp="20230303 23:37:17.278" level="INFO">Typing text '06 06 06 06 06' into text field 'id:edit-telephone-mobile'.</msg>
<status status="PASS" starttime="20230303 23:37:17.277" endtime="20230303 23:37:17.480"/>
</kw>
<status status="PASS" starttime="20230303 23:37:17.275" endtime="20230303 23:37:17.480"/>
</kw>
<status status="PASS" starttime="20230303 23:37:16.781" endtime="20230303 23:37:17.480"/>
</kw>
<kw name="Fermer le navigateur" library="selenium_utils" type="TEARDOWN">
<kw name="Close Browser" library="SeleniumLibrary">
<doc>Closes the current browser.</doc>
<status status="PASS" starttime="20230303 23:37:17.485" endtime="20230303 23:37:17.586"/>
</kw>
<kw name="Log To Console" library="BuiltIn">
<arg>Fin de l'exécution de test</arg>
<doc>Logs the given message to the console.</doc>
<status status="PASS" starttime="20230303 23:37:17.587" endtime="20230303 23:37:17.588"/>
</kw>
<status status="PASS" starttime="20230303 23:37:17.483" endtime="20230303 23:37:17.588"/>
</kw>
<status status="PASS" starttime="20230303 23:36:13.802" endtime="20230303 23:37:17.588"/>
</test>
<test id="s1-s1-t4" name="Creation zenea_mareyeurs_expediteurs" line="90">
<kw name="Ouvrir le navigateur" library="selenium_utils" type="SETUP">
<arg>${url}</arg>
<arg>${browser}</arg>
<kw name="Open Browser" library="SeleniumLibrary">
<arg>${url}</arg>
<arg>${browser}</arg>
<doc>Opens a new browser instance to the optional ``url``.</doc>
<msg timestamp="20230303 23:37:17.593" level="INFO">Opening browser 'Chrome' to base url 'https://qualif-partenaires.groupagrica.com/'.</msg>
<status status="PASS" starttime="20230303 23:37:17.592" endtime="20230303 23:37:21.063"/>
</kw>
<kw name="Maximize Browser Window" library="SeleniumLibrary">
<doc>Maximizes current browser window.</doc>
<status status="PASS" starttime="20230303 23:37:21.065" endtime="20230303 23:37:21.206"/>
</kw>
<kw name="Log To Console" library="BuiltIn">
<arg>Exécution de test démarrée sur ${browser}</arg>
<doc>Logs the given message to the console.</doc>
<status status="PASS" starttime="20230303 23:37:21.207" endtime="20230303 23:37:21.209"/>
</kw>
<status status="PASS" starttime="20230303 23:37:17.591" endtime="20230303 23:37:21.210"/>
</kw>
<kw name="Connexion en tant que Distributeur_Mareyeurs_Expediteurs" library="creation_devis_zenea_mareyeurs_expediteurs">
<kw name="Log To Console" library="BuiltIn">
<arg>Step-01-Connexion en tant que destributeur</arg>
<doc>Logs the given message to the console.</doc>
<status status="PASS" starttime="20230303 23:37:21.225" endtime="20230303 23:37:21.243"/>
</kw>
<kw name="Log To Console" library="BuiltIn">
<arg>path : ${EXEC_DIR}/pages/connexion_page.robot</arg>
<doc>Logs the given message to the console.</doc>
<status status="PASS" starttime="20230303 23:37:21.246" endtime="20230303 23:37:21.257"/>
</kw>
<kw name="Se connecter à Agrica Espace Co" library="connexion_page">
<arg>${nom_utilisateur_Distributeur}</arg>
<arg>${motdepasse_Distributeur}</arg>
<arg>${titre_profil_Distributeur}</arg>
<kw name="Entrer l'adresse mail" library="connexion_page">
<arg>${nom_utilisateur}</arg>
<kw name="Input Text" library="SeleniumLibrary">
<arg>${champ_adressemail}</arg>
<arg>${nom_utilisateur}</arg>
<doc>Types the given ``text`` into the text field identified by ``locator``.</doc>
<msg timestamp="20230303 23:37:21.265" level="INFO">Typing text 'distributeur_qtpm@groupagrica.com' into text field 'id:username'.</msg>
<status status="PASS" starttime="20230303 23:37:21.262" endtime="20230303 23:37:21.616"/>
</kw>
<status status="PASS" starttime="20230303 23:37:21.261" endtime="20230303 23:37:21.616"/>
</kw>
<kw name="Entrer le mot de passe" library="connexion_page">
<arg>${motdepasse}</arg>
<kw name="Input Text" library="SeleniumLibrary">
<arg>${champ_motdepasse}</arg>
<arg>${motdepasse}</arg>
<doc>Types the given ``text`` into the text field identified by ``locator``.</doc>
<msg timestamp="20230303 23:37:21.618" level="INFO">Typing text 'sRM!9w97p' into text field 'id:password'.</msg>
<status status="PASS" starttime="20230303 23:37:21.618" endtime="20230303 23:37:21.770"/>
</kw>
<status status="PASS" starttime="20230303 23:37:21.617" endtime="20230303 23:37:21.779"/>
</kw>
<kw name="Cliquer sur le bouton Connexion" library="connexion_page">
<kw name="Click Button" library="SeleniumLibrary">
<arg>${btn_connexion}</arg>
<doc>Clicks the button identified by ``locator``.</doc>
<msg timestamp="20230303 23:37:21.782" level="INFO">Clicking button 'id:edit-submit'.</msg>
<status status="PASS" starttime="20230303 23:37:21.781" endtime="20230303 23:37:23.645"/>
</kw>
<status status="PASS" starttime="20230303 23:37:21.780" endtime="20230303 23:37:23.646"/>
</kw>
<kw name="Wait Until Page Contains" library="SeleniumLibrary">
<arg>${nom_profil_attendu}</arg>
<doc>Waits until ``text`` appears on the current page.</doc>
<status status="PASS" starttime="20230303 23:37:23.646" endtime="20230303 23:37:23.671"/>
</kw>
<status status="PASS" starttime="20230303 23:37:21.258" endtime="20230303 23:37:23.671"/>
</kw>
<status status="PASS" starttime="20230303 23:37:21.214" endtime="20230303 23:37:23.671"/>
</kw>
<kw name="Formulaire Devis-Accès-Offre Zenea_Mareyeurs_Expediteurs" library="creation_devis_zenea_mareyeurs_expediteurs">
<kw name="Log To Console" library="BuiltIn">
<arg>Step-02-Clic sur offre mareyeurs</arg>
<doc>Logs the given message to the console.</doc>
<status status="PASS" starttime="20230303 23:37:23.675" endtime="20230303 23:37:23.676"/>
</kw>
<kw name="Cliquer sur le lien Offres" library="choix_offre_agrica">
<kw name="Click Element" library="SeleniumLibrary">
<arg>${lien_offe_Agrica_Prevoyance}</arg>
<doc>Click the element identified by ``locator``.</doc>
<msg timestamp="20230303 23:37:23.679" level="INFO">Clicking element 'xpath://a[contains(@href,'offres-agrica-prevoyance') and @class='btn btn-primary btn-arrow btn-large']'.</msg>
<status status="PASS" starttime="20230303 23:37:23.677" endtime="20230303 23:37:24.775"/>
</kw>
<status status="PASS" starttime="20230303 23:37:23.676" endtime="20230303 23:37:24.775"/>
</kw>
<kw name="Cliquer sur l'offre Zenea_mareyeurs_expediteurs" library="choix_offre_agrica">
<kw name="Click Element" library="SeleniumLibrary">
<arg>${btn_devis_zenea_mareyeurs_expéditeurs}</arg>
<doc>Click the element identified by ``locator``.</doc>
<msg timestamp="20230303 23:37:24.779" level="INFO">Clicking element 'xpath://a[contains(@href,'ZENEA') and @class='btn btn-devis'][preceding::a/img[contains(@alt,'Zenéa Mareyeurs - Expéditeurs')]]'.</msg>
<status status="PASS" starttime="20230303 23:37:24.778" endtime="20230303 23:37:26.744"/>
</kw>
<status status="PASS" starttime="20230303 23:37:24.776" endtime="20230303 23:37:26.744"/>
</kw>
<kw name="Renseigner la date d'entretien" library="creation_devis_page">
<kw name="Cliquer sur le champ date" library="creation_devis_page">
<kw name="Click Element" library="SeleniumLibrary">
<arg>${champ_date_entretien}</arg>
<doc>Click the element identified by ``locator``.</doc>
<msg timestamp="20230303 23:37:26.749" level="INFO">Clicking element 'id:edit-date-entretien'.</msg>
<status status="PASS" starttime="20230303 23:37:26.747" endtime="20230303 23:37:26.818"/>
</kw>
<status status="PASS" starttime="20230303 23:37:26.746" endtime="20230303 23:37:26.818"/>
</kw>
<kw name="Cliquer sur la date d'aujourd'hui" library="creation_devis_page">
<kw name="Click Element" library="SeleniumLibrary">
<arg>${date_aujourd'hui}</arg>
<doc>Click the element identified by ``locator``.</doc>
<msg timestamp="20230303 23:37:26.820" level="INFO">Clicking element 'xpath://span[@class='flatpickr-day today' and @aria-current='date']'.</msg>
<status status="PASS" starttime="20230303 23:37:26.820" endtime="20230303 23:37:26.899"/>
</kw>
<status status="PASS" starttime="20230303 23:37:26.819" endtime="20230303 23:37:26.899"/>
</kw>
<status status="PASS" starttime="20230303 23:37:26.745" endtime="20230303 23:37:26.899"/>
</kw>
<status status="PASS" starttime="20230303 23:37:23.672" endtime="20230303 23:37:26.899"/>
</kw>
<kw name="Formulaire Devis-Entreprise-Offre Zenea_Mareyeurs_Expediteurs" library="creation_devis_zenea_mareyeurs_expediteurs">
<kw name="Log To Console" library="BuiltIn">
<arg>Step-03-Remplissage des champs Entreprise</arg>
<doc>Logs the given message to the console.</doc>
<status status="PASS" starttime="20230303 23:37:26.901" endtime="20230303 23:37:26.901"/>
</kw>
<kw name="Set Selenium Speed" library="SeleniumLibrary">
<arg>1s</arg>
<doc>Sets the delay that is waited after each Selenium command.</doc>
<status status="PASS" starttime="20230303 23:37:26.901" endtime="20230303 23:37:26.902"/>
</kw>
<kw name="Renseigner le numéro du SIRET" library="creation_devis_page">
<arg>${num_siret}</arg>
<kw name="Input Text" library="SeleniumLibrary">
<arg>${champ_siret}</arg>
<arg>${num_siret}</arg>
<doc>Types the given ``text`` into the text field identified by ``locator``.</doc>
<msg timestamp="20230303 23:37:26.907" level="INFO">Typing text '71203916300035' into text field 'xpath://*[@id="edit-siret"]'.</msg>
<status status="PASS" starttime="20230303 23:37:26.905" endtime="20230303 23:37:30.133"/>
</kw>
<status status="PASS" starttime="20230303 23:37:26.903" endtime="20230303 23:37:30.133"/>
</kw>
<kw name="Renseigner la couverture annuelle" library="creation_devis_page">
<arg>${couverture_annuelle}</arg>
<kw name="Input Text" library="SeleniumLibrary">
<arg>${champ_couverture_annuelle}</arg>
<arg>${couverture_annuelle}</arg>
<doc>Types the given ``text`` into the text field identified by ``locator``.</doc>
<msg timestamp="20230303 23:37:30.138" level="INFO">Typing text '5' into text field 'xpath://*[@id="edit-couverture-actuelle"]'.</msg>
<status status="PASS" starttime="20230303 23:37:30.137" endtime="20230303 23:37:33.622"/>
</kw>
<status status="PASS" starttime="20230303 23:37:30.135" endtime="20230303 23:37:33.623"/>
</kw>
<kw name="Renseigner la convention collective" library="creation_devis_page">
<arg>${convention_collective}</arg>
<kw name="Input Text" library="SeleniumLibrary">
<arg>${champ_convention_collective}</arg>
<arg>${convention_collective}</arg>
<doc>Types the given ``text`` into the text field identified by ``locator``.</doc>
<msg timestamp="20230303 23:37:33.627" level="INFO">Typing text 'nn' into text field 'xpath://*[@id="edit-convention-collective"]'.</msg>
<status status="PASS" starttime="20230303 23:37:33.625" endtime="20230303 23:37:36.782"/>
</kw>
<status status="PASS" starttime="20230303 23:37:33.624" endtime="20230303 23:37:36.783"/>
</kw>
<kw name="Ajouter un numero de SIRET de rattachemment" library="creation_devis_page">
<arg>${num_siret_rattachement}</arg>
<kw name="Click Element" library="SeleniumLibrary">
<arg>${btn_ajout_num_siret_rattachement}</arg>
<doc>Click the element identified by ``locator``.</doc>
<msg timestamp="20230303 23:37:36.787" level="INFO">Clicking element 'xpath://*[@id="add_siret_ratt"]'.</msg>
<status status="PASS" starttime="20230303 23:37:36.786" endtime="20230303 23:37:38.912"/>
</kw>
<kw name="Input Text" library="SeleniumLibrary">
<arg>${champ_siret_rattachement}</arg>
<arg>${num_siret_rattachement}</arg>
<doc>Types the given ``text`` into the text field identified by ``locator``.</doc>
<msg timestamp="20230303 23:37:38.914" level="INFO">Typing text '900 848 938 00016' into text field 'xpath://*[@id="edit-siret-1"]'.</msg>
<status status="PASS" starttime="20230303 23:37:38.913" endtime="20230303 23:37:42.164"/>
</kw>
<status status="PASS" starttime="20230303 23:37:36.784" endtime="20230303 23:37:42.164"/>
</kw>
<kw name="Vérifier que le champ raison sociale est rempli automatiquement" library="creation_devis_page">
<arg>${nom_entreprise}</arg>
<kw name="Input Text" library="SeleniumLibrary">
<arg>${champ_raisonsociale}</arg>
<arg>${raison_sociale}</arg>
<doc>Types the given ``text`` into the text field identified by ``locator``.</doc>
<msg timestamp="20230303 23:37:42.169" level="INFO">Typing text 'SOLY RUN' into text field 'xpath://*[@id="edit-raison-sociale"]'.</msg>
<status status="PASS" starttime="20230303 23:37:42.167" endtime="20230303 23:37:45.488"/>
</kw>
<status status="PASS" starttime="20230303 23:37:42.165" endtime="20230303 23:37:45.489"/>
</kw>
<kw name="Vérifier que le champ Code NAF est rempli automatiquement" library="creation_devis_page">
<arg>${code_NAF_actualise}</arg>
<kw name="Textfield Value Should Be" library="SeleniumLibrary">
<arg>${champ_codeNaf}</arg>
<arg>${code_NAF_actualise}</arg>
<doc>Verifies text field ``locator`` has exactly text ``expected``.</doc>
<msg timestamp="20230303 23:37:49.633" level="INFO">Content of text field 'xpath ://*[@id="edit-code-naf"]' is '6430Z'.</msg>
<status status="PASS" starttime="20230303 23:37:45.493" endtime="20230303 23:37:49.633"/>
</kw>
<status status="PASS" starttime="20230303 23:37:45.490" endtime="20230303 23:37:49.633"/>
</kw>
<kw name="Vérifier que le champ Forme juridique est rempli automatiquement" library="creation_devis_page">
<arg>${forme_juridique_actualise}</arg>
<kw name="Textfield Value Should Be" library="SeleniumLibrary">
<arg>${champ_formejuridique}</arg>
<arg>${forme_juridique_actualise}</arg>
<doc>Verifies text field ``locator`` has exactly text ``expected``.</doc>
<msg timestamp="20230303 23:37:53.722" level="INFO">Content of text field 'xpath://*[@id="edit-forme-juridique"]' is 'SA à conseil d'administration (s.a.i.)'.</msg>
<status status="PASS" starttime="20230303 23:37:49.636" endtime="20230303 23:37:53.723"/>
</kw>
<status status="PASS" starttime="20230303 23:37:49.634" endtime="20230303 23:37:53.723"/>
</kw>
<kw name="Vérifier que la date de création de l'entreprise est renseignée automatiquement" library="creation_devis_page">
<arg>${date_creation_entreprise_actualise}</arg>
<kw name="Textfield Value Should Be" library="SeleniumLibrary">
<arg>${champ_datecreation_entreprise}</arg>
<arg>${date_creation}</arg>
<doc>Verifies text field ``locator`` has exactly text ``expected``.</doc>
<msg timestamp="20230303 23:37:57.815" level="INFO">Content of text field 'xpath://*[@id="edit-date-creation-entreprise"]' is '14/02/1992'.</msg>
<status status="PASS" starttime="20230303 23:37:53.726" endtime="20230303 23:37:57.815"/>
</kw>
<status status="PASS" starttime="20230303 23:37:53.724" endtime="20230303 23:37:57.815"/>
</kw>
<kw name="Vérifier que l'adresse de l'entreprise est renseignée automatiquement" library="creation_devis_page">
<arg>${adresse_entreprise}</arg>
<kw name="Textfield Value Should Be" library="SeleniumLibrary">
<arg>${champ_adresse_entreprise}</arg>
<arg>${adresse_entreprise}</arg>
<doc>Verifies text field ``locator`` has exactly text ``expected``.</doc>
<msg timestamp="20230303 23:38:01.886" level="INFO">Content of text field 'xpath://*[@id="edit-adresse"]' is '83 Rue DU FAUBOURG SAINT HONORE'.</msg>
<status status="PASS" starttime="20230303 23:37:57.816" endtime="20230303 23:38:01.886"/>
</kw>
<status status="PASS" starttime="20230303 23:37:57.815" endtime="20230303 23:38:01.887"/>
</kw>
<kw name="Vérifier que le code postal de l'entreprise est renseigné automatiquement" library="creation_devis_page">
<arg>${codepostal_entreprise}</arg>
<kw name="Textfield Value Should Be" library="SeleniumLibrary">
<arg>${champ_codepostal_entreprise}</arg>
<arg>${codepostal_entreprise}</arg>
<doc>Verifies text field ``locator`` has exactly text ``expected``.</doc>
<msg timestamp="20230303 23:38:05.958" level="INFO">Content of text field 'xpath://*[@id="edit-code-postal"]' is '75008'.</msg>
<status status="PASS" starttime="20230303 23:38:01.890" endtime="20230303 23:38:05.958"/>
</kw>
<status status="PASS" starttime="20230303 23:38:01.889" endtime="20230303 23:38:05.959"/>
</kw>
<kw name="Vérifier que la ville de l'entreprise est renseignée automatiquement" library="creation_devis_page">
<arg>${ville_entreprise}</arg>
<kw name="Textfield Value Should Be" library="SeleniumLibrary">
<arg>${champ_ville_entreprise}</arg>
<arg>${ville_entreprise}</arg>
<doc>Verifies text field ``locator`` has exactly text ``expected``.</doc>
<msg timestamp="20230303 23:38:10.029" level="INFO">Content of text field 'xpath://*[@id="edit-ville"]' is 'PARIS 8'.</msg>
<status status="PASS" starttime="20230303 23:38:05.961" endtime="20230303 23:38:10.030"/>
</kw>
<status status="PASS" starttime="20230303 23:38:05.960" endtime="20230303 23:38:10.030"/>
</kw>
<kw name="Vérifier que le pays de l'entreprise est renseigné automatiquement" library="creation_devis_page">
<arg>${pays_entreprise}</arg>
<kw name="Textfield Value Should Be" library="SeleniumLibrary">
<arg>${champ_pays_entreprise}</arg>
<arg>${pays_entreprise}</arg>
<doc>Verifies text field ``locator`` has exactly text ``expected``.</doc>
<msg timestamp="20230303 23:38:14.100" level="INFO">Content of text field 'xpath://*[@id="edit-pays"]' is 'France'.</msg>
<status status="PASS" starttime="20230303 23:38:10.033" endtime="20230303 23:38:14.100"/>
</kw>
<status status="PASS" starttime="20230303 23:38:10.031" endtime="20230303 23:38:14.101"/>
</kw>
[...]
<arg>${adresse_entreprise_incorrect}</arg>
<doc>Types the given ``text`` into the text field identified by ``locator``.</doc>
<msg timestamp="20230304 00:06:13.041" level="INFO">Typing text 'SKJRID' into text field 'xpath://*[@id="edit-adresse"]'.</msg>
<status status="PASS" starttime="20230304 00:06:13.040" endtime="20230304 00:06:16.228"/>
</kw>
<status status="PASS" starttime="20230304 00:06:13.038" endtime="20230304 00:06:16.229"/>
</kw>
<kw name="Renseigner un code postal incorrect de l'entreprise" library="creation_devis_page_non_passant">
<arg>${codepostal_entreprise_incorrect}</arg>
<kw name="Input Text" library="SeleniumLibrary">
<arg>${champ_codepostal_entreprise}</arg>
<arg>${codepostal_entreprise_incorrect}</arg>
<doc>Types the given ``text`` into the text field identified by ``locator``.</doc>
<msg timestamp="20230304 00:06:16.233" level="INFO">Typing text '75876ds' into text field 'xpath://*[@id="edit-code-postal"]'.</msg>
<status status="PASS" starttime="20230304 00:06:16.232" endtime="20230304 00:06:19.388"/>
</kw>
<status status="PASS" starttime="20230304 00:06:16.230" endtime="20230304 00:06:19.389"/>
</kw>
<kw name="Renseigner une ville quelconque de l'entreprise" library="creation_devis_page_non_passant">
<arg>${ville_entreprise_incorrect}</arg>
<kw name="Input Text" library="SeleniumLibrary">
<arg>${champ_ville_entreprise}</arg>
<arg>${ville_entreprise_incorrect}</arg>
<doc>Types the given ``text`` into the text field identified by ``locator``.</doc>
<msg timestamp="20230304 00:06:19.393" level="INFO">Typing text 'Reims' into text field 'xpath://*[@id="edit-ville"]'.</msg>
<status status="PASS" starttime="20230304 00:06:19.391" endtime="20230304 00:06:22.567"/>
</kw>
<status status="PASS" starttime="20230304 00:06:19.390" endtime="20230304 00:06:22.567"/>
</kw>
<status status="PASS" starttime="20230304 00:05:27.963" endtime="20230304 00:06:22.568"/>
</kw>
<kw name="Formulaire Devis-Signataires-Offre RÉGIME D’ADHÉSION non passant" library="creation_devis_non_passant_régime_adhésion">
<kw name="Renseigner la civilité" library="creation_devis_page_non_passant">
<arg>${civilite}</arg>
<kw name="Select From List By Value" library="SeleniumLibrary">
<arg>${champ_civilite}</arg>
<arg>${civilite}</arg>
<doc>Selects options from selection list ``locator`` by ``values``.</doc>
<msg timestamp="20230304 00:06:22.573" level="INFO">Selecting options from selection list 'xpath://*[@id="dashboardFilter1"]' by value MADAME.</msg>
<status status="PASS" starttime="20230304 00:06:22.572" endtime="20230304 00:06:29.767"/>
</kw>
<status status="PASS" starttime="20230304 00:06:22.571" endtime="20230304 00:06:29.767"/>
</kw>
<kw name="Ajouter le prenom du signataire" library="creation_devis_page_non_passant">
<arg>${nom_signataire}</arg>
<kw name="Input Text" library="SeleniumLibrary">
<arg>${champ_prenom}</arg>
<arg>${prenom_signataire}</arg>
<doc>Types the given ``text`` into the text field identified by ``locator``.</doc>
<msg timestamp="20230304 00:06:29.772" level="INFO">Typing text 'Open' into text field 'xpath://*[@id="edit-nom"]'.</msg>
<status status="PASS" starttime="20230304 00:06:29.770" endtime="20230304 00:06:32.961"/>
</kw>
<status status="PASS" starttime="20230304 00:06:29.768" endtime="20230304 00:06:32.961"/>
</kw>
<kw name="Ajouter le nom du signataire" library="creation_devis_page_non_passant">
<arg>${prenom_signataire}</arg>
<kw name="Input Text" library="SeleniumLibrary">
<arg>${champ_nom}</arg>
<arg>${nom_signataire}</arg>
<doc>Types the given ``text`` into the text field identified by ``locator``.</doc>
<msg timestamp="20230304 00:06:32.966" level="INFO">Typing text 'Test' into text field 'xpath://*[@id="edit-nom"]'.</msg>
<status status="PASS" starttime="20230304 00:06:32.964" endtime="20230304 00:06:36.098"/>
</kw>
<status status="PASS" starttime="20230304 00:06:32.962" endtime="20230304 00:06:36.098"/>
</kw>
<kw name="Ajouter la fonction signataire" library="creation_devis_page_non_passant">
<arg>${fonction_signataire}</arg>
<kw name="Input Text" library="SeleniumLibrary">
<arg>${champ_fonction}</arg>
<arg>${fonction_signataire}</arg>
<doc>Types the given ``text`` into the text field identified by ``locator``.</doc>
<msg timestamp="20230304 00:06:36.102" level="INFO">Typing text 'Auto' into text field 'xpath://*[@id="edit-fonction"]'.</msg>
<status status="PASS" starttime="20230304 00:06:36.101" endtime="20230304 00:06:39.318"/>
</kw>
<status status="PASS" starttime="20230304 00:06:36.099" endtime="20230304 00:06:39.318"/>
</kw>
<kw name="Vérifier que le numéro téléphone fixe du signatire n'est pas correct" library="creation_devis_page_non_passant">
<arg>${numtelephonedirecte_signataire_incorrect}</arg>
<kw name="Input Text" library="SeleniumLibrary">
<arg>${champ_numtelephonedirecte}</arg>
<arg>${numtelephonedirecte_signataire_incorrect}</arg>
<doc>Types the given ``text`` into the text field identified by ``locator``.</doc>
<msg timestamp="20230304 00:06:39.325" level="INFO">Typing text '02 01 01 01' into text field 'xpath://*[@id="edit-telephone-ligne-directe"]'.</msg>
<status status="PASS" starttime="20230304 00:06:39.322" endtime="20230304 00:06:42.552"/>
</kw>
<kw name="Should Not Be Equal As Numbers" library="BuiltIn">
<arg>${numtelephonedirecte_signataire_incorrect}</arg>
<arg>02 01 01 01 01</arg>
<doc>Fails if objects are equal after converting them to real numbers.</doc>
<status status="PASS" starttime="20230304 00:06:42.553" endtime="20230304 00:06:42.554"/>
</kw>
<status status="PASS" starttime="20230304 00:06:39.319" endtime="20230304 00:06:42.554"/>
</kw>
<kw name="Vérifier que le numéro téléphone direct du signataire n'est pas correct" library="creation_devis_page_non_passant">
<arg>${numtelephoneportable_signataire_incorrect}</arg>
<kw name="Input Text" library="SeleniumLibrary">
<arg>${champ_numtelephoneportable}</arg>
<arg>${numtelephoneportable_signataire_incorrect}</arg>
<doc>Types the given ``text`` into the text field identified by ``locator``.</doc>
<msg timestamp="20230304 00:06:42.558" level="INFO">Typing text '06 01 01 01' into text field 'xpath://*[@id="edit-telephone-portable"]'.</msg>
<status status="PASS" starttime="20230304 00:06:42.557" endtime="20230304 00:06:45.770"/>
</kw>
<kw name="Should Not Be Equal As Numbers" library="BuiltIn">
<arg>${numtelephoneportable_signataire_incorrect}</arg>
<arg>06 01 01 01 01</arg>
<doc>Fails if objects are equal after converting them to real numbers.</doc>
<status status="PASS" starttime="20230304 00:06:45.771" endtime="20230304 00:06:45.772"/>
</kw>
<status status="PASS" starttime="20230304 00:06:42.555" endtime="20230304 00:06:45.772"/>
</kw>
<kw name="Vérifier que l'adresse email signataire n'est pas correct" library="creation_devis_page_non_passant">
<arg>${adressemail_signataire_incorrect}</arg>
<kw name="Input Text" library="SeleniumLibrary">
<arg>${champ_adressemail_signataire}</arg>
<arg>${adressemail_signataire_incorrect}</arg>
<doc>Types the given ``text`` into the text field identified by ``locator``.</doc>
<msg timestamp="20230304 00:06:45.774" level="INFO">Typing text 'zgh7hyjb2o1secmail.com' into text field 'xpath://*[@id="edit-email"]'.</msg>
<status status="PASS" starttime="20230304 00:06:45.773" endtime="20230304 00:06:49.000"/>
</kw>
<kw name="Should Not Be Equal As Strings" library="BuiltIn">
<arg>${adressemail_signataire_incorrect}</arg>
<arg>zgh7hyjb2o@1secmail.com</arg>
<doc>Fails if objects are equal after converting them to strings.</doc>
<status status="PASS" starttime="20230304 00:06:49.001" endtime="20230304 00:06:49.003"/>
</kw>
<status status="PASS" starttime="20230304 00:06:45.773" endtime="20230304 00:06:49.003"/>
</kw>
<status status="PASS" starttime="20230304 00:06:22.569" endtime="20230304 00:06:49.003"/>
</kw>
<kw name="Formulaire Devis-Distributeur-Offre RÉGIME D’ADHÉSION non passant" library="creation_devis_non_passant_régime_adhésion">
<kw name="Vérifier que le code conseiller n'est pas correct" library="creation_devis_page_non_passant">
<kw name="Click Element" library="SeleniumLibrary">
<arg>${champ_codeconseiller}</arg>
<doc>Click the element identified by ``locator``.</doc>
<msg timestamp="20230304 00:06:49.007" level="INFO">Clicking element 'id:edit-code-vendeur'.</msg>
<status status="PASS" starttime="20230304 00:06:49.006" endtime="20230304 00:06:51.102"/>
</kw>
<kw name="Clear Element Text" library="SeleniumLibrary">
<arg>${champ_codeconseiller}</arg>
<doc>Clears the value of the text-input-element identified by ``locator``.</doc>
<status status="PASS" starttime="20230304 00:06:51.103" endtime="20230304 00:06:53.188"/>
</kw>
<kw name="Input Text" library="SeleniumLibrary">
<arg>${champ_codeconseiller}</arg>
<arg>QTPM</arg>
<doc>Types the given ``text`` into the text field identified by ``locator``.</doc>
<msg timestamp="20230304 00:06:53.191" level="INFO">Typing text 'QTPM' into text field 'id:edit-code-vendeur'.</msg>
<status status="PASS" starttime="20230304 00:06:53.189" endtime="20230304 00:06:56.330"/>
</kw>
<status status="PASS" starttime="20230304 00:06:49.005" endtime="20230304 00:06:56.331"/>
</kw>
<kw name="Vérifier que le numéro de téléphone fixe rempli n'est pas correct" library="creation_devis_page_non_passant">
<kw name="Click Element" library="SeleniumLibrary">
<arg>${champ_numtelephonedirecte}</arg>
<doc>Click the element identified by ``locator``.</doc>
<msg timestamp="20230304 00:06:56.335" level="INFO">Clicking element 'xpath://*[@id="edit-telephone-ligne-directe"]'.</msg>
<status status="PASS" starttime="20230304 00:06:56.333" endtime="20230304 00:06:58.418"/>
</kw>
<kw name="Clear Element Text" library="SeleniumLibrary">
<arg>${champ_numtelephonedirecte}</arg>
<doc>Clears the value of the text-input-element identified by ``locator``.</doc>
<status status="PASS" starttime="20230304 00:06:58.420" endtime="20230304 00:07:00.508"/>
</kw>
<kw name="Input Text" library="SeleniumLibrary">
<arg>${champ_telephonefixe_distributeur}</arg>
<arg>02 01 01 01</arg>
<doc>Types the given ``text`` into the text field identified by ``locator``.</doc>
<msg timestamp="20230304 00:07:00.511" level="INFO">Typing text '02 01 01 01' into text field 'id:edit-telephone-fixe'.</msg>
<status status="PASS" starttime="20230304 00:07:00.509" endtime="20230304 00:07:03.716"/>
</kw>
<status status="PASS" starttime="20230304 00:06:56.332" endtime="20230304 00:07:03.717"/>
</kw>
<kw name="Vérifier que le numéro de téléphone portable du distributeur n'est pas correct" library="creation_devis_page_non_passant">
<kw name="Click Element" library="SeleniumLibrary">
<arg>${champ_numtelephoneportable}</arg>
<doc>Click the element identified by ``locator``.</doc>
<msg timestamp="20230304 00:07:03.721" level="INFO">Clicking element 'xpath://*[@id="edit-telephone-portable"]'.</msg>
<status status="PASS" starttime="20230304 00:07:03.719" endtime="20230304 00:07:05.829"/>
</kw>
<kw name="Clear Element Text" library="SeleniumLibrary">
<arg>${champ_numtelephoneportable}</arg>
<doc>Clears the value of the text-input-element identified by ``locator``.</doc>
<status status="PASS" starttime="20230304 00:07:05.829" endtime="20230304 00:07:07.910"/>
</kw>
<kw name="Input Text" library="SeleniumLibrary">
<arg>${champ_telephoneportable_distributeur}</arg>
<arg>06 01 01 01</arg>
<doc>Types the given ``text`` into the text field identified by ``locator``.</doc>
<msg timestamp="20230304 00:07:07.913" level="INFO">Typing text '06 01 01 01' into text field 'id:edit-telephone-mobile'.</msg>
<status status="PASS" starttime="20230304 00:07:07.911" endtime="20230304 00:07:11.148"/>
</kw>
<status status="PASS" starttime="20230304 00:07:03.718" endtime="20230304 00:07:11.148"/>
</kw>
<kw name="Cliquer sur le bouton Etape suivante non passant" library="creation_devis_page_non_passant">
<kw name="Click Element" library="SeleniumLibrary">
<arg>${btn_etape_suivante}</arg>
<doc>Click the element identified by ``locator``.</doc>
<msg timestamp="20230304 00:07:11.153" level="INFO">Clicking element 'xpath://*[@id="sendDevis"]'.</msg>
<status status="PASS" starttime="20230304 00:07:11.152" endtime="20230304 00:07:13.314"/>
</kw>
<kw name="Wait Until Element Contains" library="SeleniumLibrary">
<arg>${message_erreur_siret_incorrect}</arg>
<arg>Numéro de siret invalide</arg>
<doc>Waits until the element ``locator`` contains ``text``.</doc>
<status status="PASS" starttime="20230304 00:07:13.315" endtime="20230304 00:07:15.415"/>
</kw>
<status status="PASS" starttime="20230304 00:07:11.149" endtime="20230304 00:07:15.417"/>
</kw>
<status status="PASS" starttime="20230304 00:06:49.004" endtime="20230304 00:07:15.418"/>
</kw>
<kw name="Fermer le navigateur" library="selenium_utils" type="TEARDOWN">
<kw name="Close Browser" library="SeleniumLibrary">
<doc>Closes the current browser.</doc>
<status status="PASS" starttime="20230304 00:07:15.428" endtime="20230304 00:07:16.545"/>
</kw>
<kw name="Log To Console" library="BuiltIn">
<arg>Fin de l'exécution de test</arg>
<doc>Logs the given message to the console.</doc>
<status status="PASS" starttime="20230304 00:07:16.547" endtime="20230304 00:07:16.549"/>
</kw>
<status status="PASS" starttime="20230304 00:07:15.424" endtime="20230304 00:07:16.549"/>
</kw>
<status status="PASS" starttime="20230304 00:04:47.931" endtime="20230304 00:07:16.550"/>
</test>
<test id="s1-s1-t35" name="Creation devis offre Vins et spiritueux prévoyance non passant" line="371">
<kw name="Ouvrir le navigateur" library="selenium_utils" type="SETUP">
<arg>${url}</arg>
<arg>${browser}</arg>
<kw name="Open Browser" library="SeleniumLibrary">
<arg>${url}</arg>
<arg>${browser}</arg>
<doc>Opens a new browser instance to the optional ``url``.</doc>
<msg timestamp="20230304 00:07:16.566" level="INFO">Opening browser 'Chrome' to base url 'https://qualif-partenaires.groupagrica.com/'.</msg>
<status status="PASS" starttime="20230304 00:07:16.562" endtime="20230304 00:07:21.150"/>
</kw>
<kw name="Maximize Browser Window" library="SeleniumLibrary">
<doc>Maximizes current browser window.</doc>
<status status="PASS" starttime="20230304 00:07:21.152" endtime="20230304 00:07:22.285"/>
</kw>
<kw name="Log To Console" library="BuiltIn">
<arg>Exécution de test démarrée sur ${browser}</arg>
<doc>Logs the given message to the console.</doc>
<status status="PASS" starttime="20230304 00:07:22.286" endtime="20230304 00:07:22.289"/>
</kw>
<status status="PASS" starttime="20230304 00:07:16.558" endtime="20230304 00:07:22.290"/>
</kw>
<kw name="Connexion en tant que distributeur Agrica Vins et spiritueux prévoyance non passant" library="creation_devis_non_passant_vins_spiritueux_prévoyance">
<kw name="Log To Console" library="BuiltIn">
<arg>path : ${EXEC_DIR}/pages/connexion_page.robot</arg>
<doc>Logs the given message to the console.</doc>
<status status="PASS" starttime="20230304 00:07:22.299" endtime="20230304 00:07:22.301"/>
</kw>
<kw name="Se connecter à Agrica Espace Co" library="connexion_page">
<arg>${nom_utilisateur_Agrica}</arg>
<arg>${motdepasse_Agrica}</arg>
<arg>${titre_profil_Agrica}</arg>
<kw name="Entrer l'adresse mail" library="connexion_page">
<arg>${nom_utilisateur}</arg>
<kw name="Input Text" library="SeleniumLibrary">
<arg>${champ_adressemail}</arg>
<arg>${nom_utilisateur}</arg>
<doc>Types the given ``text`` into the text field identified by ``locator``.</doc>
<msg timestamp="20230304 00:07:22.319" level="INFO">Typing text 'auto.commercial@test.fr' into text field 'id:username'.</msg>
<status status="PASS" starttime="20230304 00:07:22.313" endtime="20230304 00:07:25.531"/>
</kw>
<status status="PASS" starttime="20230304 00:07:22.309" endtime="20230304 00:07:25.532"/>
</kw>
<kw name="Entrer le mot de passe" library="connexion_page">
<arg>${motdepasse}</arg>
<kw name="Input Text" library="SeleniumLibrary">
<arg>${champ_motdepasse}</arg>
<arg>${motdepasse}</arg>
<doc>Types the given ``text`` into the text field identified by ``locator``.</doc>
<msg timestamp="20230304 00:07:25.535" level="INFO">Typing text 'DeMX6@2e' into text field 'id:password'.</msg>
<status status="PASS" starttime="20230304 00:07:25.535" endtime="20230304 00:07:28.693"/>
</kw>
<status status="PASS" starttime="20230304 00:07:25.533" endtime="20230304 00:07:28.693"/>
</kw>
<kw name="Cliquer sur le bouton Connexion" library="connexion_page">
<kw name="Click Button" library="SeleniumLibrary">
<arg>${btn_connexion}</arg>
<doc>Clicks the button identified by ``locator``.</doc>
<msg timestamp="20230304 00:07:28.697" level="INFO">Clicking button 'id:edit-submit'.</msg>
<status status="PASS" starttime="20230304 00:07:28.696" endtime="20230304 00:07:35.224"/>
</kw>
<status status="PASS" starttime="20230304 00:07:28.694" endtime="20230304 00:07:35.225"/>
</kw>
<kw name="Wait Until Page Contains" library="SeleniumLibrary">
<arg>${nom_profil_attendu}</arg>
<doc>Waits until ``text`` appears on the current page.</doc>
<msg timestamp="20230304 00:07:43.271" level="INFO" html="true">&lt;/td&gt;&lt;/tr&gt;&lt;tr&gt;&lt;td colspan="3"&gt;&lt;a href="selenium-screenshot-1.png"&gt;&lt;img src="selenium-screenshot-1.png" width="800px"&gt;&lt;/a&gt;</msg>
<msg timestamp="20230304 00:07:43.272" level="FAIL">Text 'AUTO Commercial' did not appear in 5 seconds.</msg>
<status status="FAIL" starttime="20230304 00:07:35.226" endtime="20230304 00:07:43.274"/>
</kw>
<status status="FAIL" starttime="20230304 00:07:22.303" endtime="20230304 00:07:43.274"/>
</kw>
<status status="FAIL" starttime="20230304 00:07:22.293" endtime="20230304 00:07:43.274"/>
</kw>
<kw name="Formulaire Devis-Accès-Offre Vins et spiritueux prévoyance non passant" library="creation_devis_non_passant_vins_spiritueux_prévoyance">
<status status="NOT RUN" starttime="20230304 00:07:43.275" endtime="20230304 00:07:43.275"/>
</kw>
<kw name="Formulaire Devis-Entreprise-Offre Vins et spiritueux prévoyance non passant" library="creation_devis_non_passant_vins_spiritueux_prévoyance">
<status status="NOT RUN" starttime="20230304 00:07:43.276" endtime="20230304 00:07:43.277"/>
</kw>
<kw name="Formulaire Devis-Signataires-Offre Vins et spiritueux prévoyance non passant" library="creation_devis_non_passant_vins_spiritueux_prévoyance">
<status status="NOT RUN" starttime="20230304 00:07:43.278" endtime="20230304 00:07:43.278"/>
</kw>
<kw name="Formulaire Devis-Distributeur-Offre Vins et spiritueux prévoyance non passant" library="creation_devis_non_passant_vins_spiritueux_prévoyance">
<status status="NOT RUN" starttime="20230304 00:07:43.279" endtime="20230304 00:07:43.279"/>
</kw>
<kw name="Fermer le navigateur" library="selenium_utils" type="TEARDOWN">
<kw name="Close Browser" library="SeleniumLibrary">
<doc>Closes the current browser.</doc>
<status status="PASS" starttime="20230304 00:07:43.281" endtime="20230304 00:07:44.339"/>
</kw>
<kw name="Log To Console" library="BuiltIn">
<arg>Fin de l'exécution de test</arg>
<doc>Logs the given message to the console.</doc>
<status status="PASS" starttime="20230304 00:07:44.339" endtime="20230304 00:07:44.340"/>
</kw>
<status status="PASS" starttime="20230304 00:07:43.280" endtime="20230304 00:07:44.340"/>
</kw>
<status status="FAIL" starttime="20230304 00:07:16.554" endtime="20230304 00:07:44.340">Text 'AUTO Commercial' did not appear in 5 seconds.</status>
</test>
<status status="FAIL" starttime="20230303 23:34:55.660" endtime="20230304 00:07:44.344"/>
</suite>
<status status="FAIL" starttime="20230303 23:34:55.640" endtime="20230304 00:07:44.362"/>
</suite>
<statistics>
<total>
<stat pass="34" fail="1" skip="0">All Tests</stat>
</total>
<tag>
</tag>
<suite>
<stat pass="34" fail="1" skip="0" id="s1" name="Tests">Tests</stat>
<stat pass="34" fail="1" skip="0" id="s1-s1" name="Mon Espace Commercial">Tests.Mon Espace Commercial</stat>
</suite>
</statistics>
<errors>
<msg timestamp="20230304 00:02:22.203" level="WARN">Multiple tests with name 'Creation devis PER CPCEA - SUPPLÉMENT DE TAUX' executed in suite 'Tests.Mon Espace Commercial'.</msg>
</errors>
</robot>
