<?xml version="1.0" encoding="UTF-8"?>
<robot generator="Robot 6.0.2 (Python 3.8.10 on linux)" generated="20230303 19:25:01.309" rpa="false" schemaversion="3">
<suite id="s1" name="Tests" source="/home/dione/Documents/Projet/ProjetDaouda/Eco-testauto/tests">
<suite id="s1-s1" name="Mon Espace Commercial" source="/home/dione/Documents/Projet/ProjetDaouda/Eco-testauto/tests/mon_espace_commercial.robot">
<test id="s1-s1-t1" name="Connexion en tant que commercial/assureur/admin/caisse regionale/Distributeur" line="50">
<kw name="Ouvrir le navigateur" library="selenium_utils" type="SETUP">
<arg>${url}</arg>
<arg>${browser}</arg>
<kw name="Open Browser" library="SeleniumLibrary">
<arg>${url}</arg>
<arg>${browser}</arg>
<doc>Opens a new browser instance to the optional ``url``.</doc>
<msg timestamp="20230303 19:25:01.943" level="INFO">Opening browser 'Chrome' to base url 'https://qualif-partenaires.groupagrica.com/'.</msg>
<status status="PASS" starttime="20230303 19:25:01.942" endtime="20230303 19:25:05.903"/>
</kw>
<kw name="Maximize Browser Window" library="SeleniumLibrary">
<doc>Maximizes current browser window.</doc>
<status status="PASS" starttime="20230303 19:25:05.905" endtime="20230303 19:25:06.023"/>
</kw>
<kw name="Log To Console" library="BuiltIn">
<arg>Exécution de test démarrée sur ${browser}</arg>
<doc>Logs the given message to the console.</doc>
<status status="PASS" starttime="20230303 19:25:06.024" endtime="20230303 19:25:06.027"/>
</kw>
<status status="PASS" starttime="20230303 19:25:01.941" endtime="20230303 19:25:06.028"/>
</kw>
<kw name="Connexion en tant que Distributeur" library="creation_devis_offre_zenea">
<kw name="Log To Console" library="BuiltIn">
<arg>Step-01-Connexion en tant que destributeur</arg>
<doc>Logs the given message to the console.</doc>
<status status="PASS" starttime="20230303 19:25:06.030" endtime="20230303 19:25:06.030"/>
</kw>
<kw name="Log To Console" library="BuiltIn">
<arg>path : ${EXEC_DIR}/pages/connexion_page.robot</arg>
<doc>Logs the given message to the console.</doc>
<status status="PASS" starttime="20230303 19:25:06.031" endtime="20230303 19:25:06.031"/>
</kw>
<kw name="Se connecter à Agrica Espace Co" library="connexion_page">
<arg>${nom_utilisateur_Distributeur}</arg>
<arg>${motdepasse_Distributeur}</arg>
<arg>${titre_profil_Distributeur}</arg>
<kw name="Entrer l'adresse mail" library="connexion_page">
<arg>${nom_utilisateur}</arg>
<kw name="Input Text" library="SeleniumLibrary">
<arg>${champ_adressemail}</arg>
<arg>${nom_utilisateur}</arg>
<doc>Types the given ``text`` into the text field identified by ``locator``.</doc>
<msg timestamp="20230303 19:25:06.067" level="INFO">Typing text 'distributeur_qtpm@groupagrica.com' into text field 'id:username'.</msg>
<status status="PASS" starttime="20230303 19:25:06.059" endtime="20230303 19:25:06.451"/>
</kw>
<status status="PASS" starttime="20230303 19:25:06.040" endtime="20230303 19:25:06.451"/>
</kw>
<kw name="Entrer le mot de passe" library="connexion_page">
<arg>${motdepasse}</arg>
<kw name="Input Text" library="SeleniumLibrary">
<arg>${champ_motdepasse}</arg>
<arg>${motdepasse}</arg>
<doc>Types the given ``text`` into the text field identified by ``locator``.</doc>
<msg timestamp="20230303 19:25:06.453" level="INFO">Typing text 'sRM!9w97p' into text field 'id:password'.</msg>
<status status="PASS" starttime="20230303 19:25:06.452" endtime="20230303 19:25:06.579"/>
</kw>
<status status="PASS" starttime="20230303 19:25:06.452" endtime="20230303 19:25:06.580"/>
</kw>
<kw name="Cliquer sur le bouton Connexion" library="connexion_page">
<kw name="Click Button" library="SeleniumLibrary">
<arg>${btn_connexion}</arg>
<doc>Clicks the button identified by ``locator``.</doc>
<msg timestamp="20230303 19:25:06.585" level="INFO">Clicking button 'id:edit-submit'.</msg>
<status status="PASS" starttime="20230303 19:25:06.583" endtime="20230303 19:25:08.193"/>
</kw>
<status status="PASS" starttime="20230303 19:25:06.581" endtime="20230303 19:25:08.193"/>
</kw>
<kw name="Wait Until Page Contains" library="SeleniumLibrary">
<arg>${nom_profil_attendu}</arg>
<doc>Waits until ``text`` appears on the current page.</doc>
<status status="PASS" starttime="20230303 19:25:08.194" endtime="20230303 19:25:08.235"/>
</kw>
<status status="PASS" starttime="20230303 19:25:06.032" endtime="20230303 19:25:08.236"/>
</kw>
<status status="PASS" starttime="20230303 19:25:06.029" endtime="20230303 19:25:08.236"/>
</kw>
<kw name="Se deconnecter de Agrica" library="connexion_page">
<kw name="Click Element" library="SeleniumLibrary">
<arg>${btn_deconnexion}</arg>
<doc>Click the element identified by ``locator``.</doc>
<msg timestamp="20230303 19:25:08.240" level="INFO">Clicking element 'xpath://a[contains(text(),'Déconnexion')]'.</msg>
<status status="PASS" starttime="20230303 19:25:08.239" endtime="20230303 19:25:09.082"/>
</kw>
<status status="PASS" starttime="20230303 19:25:08.237" endtime="20230303 19:25:09.082"/>
</kw>
<kw name="Connexion en tant que Credit Agricole" library="creation_devis_accord_national_de_la_production_agricole">
<kw name="Se connecter à Agrica Espace Co" library="connexion_page">
<arg>${nom_utilisateur_CreditAgricole}</arg>
<arg>${motdepasse_CreditAgricole}</arg>
<arg>${titre_profil_CreditAgricole}</arg>
<kw name="Entrer l'adresse mail" library="connexion_page">
<arg>${nom_utilisateur}</arg>
<kw name="Input Text" library="SeleniumLibrary">
<arg>${champ_adressemail}</arg>
<arg>${nom_utilisateur}</arg>
<doc>Types the given ``text`` into the text field identified by ``locator``.</doc>
<msg timestamp="20230303 19:25:09.092" level="INFO">Typing text 'auto.caisse-regionale@test.fr' into text field 'id:username'.</msg>
<status status="PASS" starttime="20230303 19:25:09.089" endtime="20230303 19:25:09.305"/>
</kw>
<status status="PASS" starttime="20230303 19:25:09.086" endtime="20230303 19:25:09.305"/>
</kw>
<kw name="Entrer le mot de passe" library="connexion_page">
<arg>${motdepasse}</arg>
<kw name="Input Text" library="SeleniumLibrary">
<arg>${champ_motdepasse}</arg>
<arg>${motdepasse}</arg>
<doc>Types the given ``text`` into the text field identified by ``locator``.</doc>
<msg timestamp="20230303 19:25:09.308" level="INFO">Typing text 'e*QT8JYrF' into text field 'id:password'.</msg>
<status status="PASS" starttime="20230303 19:25:09.307" endtime="20230303 19:25:09.421"/>
</kw>
<status status="PASS" starttime="20230303 19:25:09.306" endtime="20230303 19:25:09.421"/>
</kw>
<kw name="Cliquer sur le bouton Connexion" library="connexion_page">
<kw name="Click Button" library="SeleniumLibrary">
<arg>${btn_connexion}</arg>
<doc>Clicks the button identified by ``locator``.</doc>
<msg timestamp="20230303 19:25:09.423" level="INFO">Clicking button 'id:edit-submit'.</msg>
<status status="PASS" starttime="20230303 19:25:09.422" endtime="20230303 19:25:10.895"/>
</kw>
<status status="PASS" starttime="20230303 19:25:09.422" endtime="20230303 19:25:10.896"/>
</kw>
<kw name="Wait Until Page Contains" library="SeleniumLibrary">
<arg>${nom_profil_attendu}</arg>
<doc>Waits until ``text`` appears on the current page.</doc>
<status status="PASS" starttime="20230303 19:25:10.898" endtime="20230303 19:25:10.941"/>
</kw>
<status status="PASS" starttime="20230303 19:25:09.085" endtime="20230303 19:25:10.941"/>
</kw>
<status status="PASS" starttime="20230303 19:25:09.083" endtime="20230303 19:25:10.941"/>
</kw>
<kw name="Se deconnecter de Agrica" library="connexion_page">
<kw name="Click Element" library="SeleniumLibrary">
<arg>${btn_deconnexion}</arg>
<doc>Click the element identified by ``locator``.</doc>
<msg timestamp="20230303 19:25:10.943" level="INFO">Clicking element 'xpath://a[contains(text(),'Déconnexion')]'.</msg>
<status status="PASS" starttime="20230303 19:25:10.942" endtime="20230303 19:25:11.665"/>
</kw>
<status status="PASS" starttime="20230303 19:25:10.942" endtime="20230303 19:25:11.665"/>
</kw>
<kw name="Connexion en tant que Assureur" library="creation_devis_offre_zenea">
<kw name="Log To Console" library="BuiltIn">
<arg>path : ${EXEC_DIR}/pages/connexion_page.robot</arg>
<doc>Logs the given message to the console.</doc>
<status status="PASS" starttime="20230303 19:25:11.671" endtime="20230303 19:25:11.671"/>
</kw>
<kw name="Se connecter à Agrica Espace Co" library="connexion_page">
<arg>${nom_utilisateur_ASSUREUR}</arg>
<arg>${motdepasse_ASSUREUR}</arg>
<arg>${titre_profil_ASSUREUR}</arg>
<kw name="Entrer l'adresse mail" library="connexion_page">
<arg>${nom_utilisateur}</arg>
<kw name="Input Text" library="SeleniumLibrary">
<arg>${champ_adressemail}</arg>
<arg>${nom_utilisateur}</arg>
<doc>Types the given ``text`` into the text field identified by ``locator``.</doc>
<msg timestamp="20230303 19:25:11.675" level="INFO">Typing text 'assureur.qtpm@groupagrica.com' into text field 'id:username'.</msg>
<status status="PASS" starttime="20230303 19:25:11.674" endtime="20230303 19:25:11.904"/>
</kw>
<status status="PASS" starttime="20230303 19:25:11.673" endtime="20230303 19:25:11.904"/>
</kw>
<kw name="Entrer le mot de passe" library="connexion_page">
<arg>${motdepasse}</arg>
<kw name="Input Text" library="SeleniumLibrary">
<arg>${champ_motdepasse}</arg>
<arg>${motdepasse}</arg>
<doc>Types the given ``text`` into the text field identified by ``locator``.</doc>
<msg timestamp="20230303 19:25:11.909" level="INFO">Typing text 'HUruzh7%J' into text field 'id:password'.</msg>
<status status="PASS" starttime="20230303 19:25:11.908" endtime="20230303 19:25:12.059"/>
</kw>
<status status="PASS" starttime="20230303 19:25:11.904" endtime="20230303 19:25:12.059"/>
</kw>
<kw name="Cliquer sur le bouton Connexion" library="connexion_page">
<kw name="Click Button" library="SeleniumLibrary">
<arg>${btn_connexion}</arg>
<doc>Clicks the button identified by ``locator``.</doc>
<msg timestamp="20230303 19:25:12.061" level="INFO">Clicking button 'id:edit-submit'.</msg>
<status status="PASS" starttime="20230303 19:25:12.060" endtime="20230303 19:25:13.559"/>
</kw>
<status status="PASS" starttime="20230303 19:25:12.059" endtime="20230303 19:25:13.559"/>
</kw>
<kw name="Wait Until Page Contains" library="SeleniumLibrary">
<arg>${nom_profil_attendu}</arg>
<doc>Waits until ``text`` appears on the current page.</doc>
<status status="PASS" starttime="20230303 19:25:13.559" endtime="20230303 19:25:13.578"/>
</kw>
<status status="PASS" starttime="20230303 19:25:11.672" endtime="20230303 19:25:13.579"/>
</kw>
<status status="PASS" starttime="20230303 19:25:11.668" endtime="20230303 19:25:13.579"/>
</kw>
<kw name="Se deconnecter de Agrica" library="connexion_page">
<kw name="Click Element" library="SeleniumLibrary">
<arg>${btn_deconnexion}</arg>
<doc>Click the element identified by ``locator``.</doc>
<msg timestamp="20230303 19:25:13.583" level="INFO">Clicking element 'xpath://a[contains(text(),'Déconnexion')]'.</msg>
<status status="PASS" starttime="20230303 19:25:13.581" endtime="20230303 19:25:14.459"/>
</kw>
<status status="PASS" starttime="20230303 19:25:13.580" endtime="20230303 19:25:14.459"/>
</kw>
<kw name="Fermer le navigateur" library="selenium_utils" type="TEARDOWN">
<kw name="Close Browser" library="SeleniumLibrary">
<doc>Closes the current browser.</doc>
<status status="PASS" starttime="20230303 19:25:14.461" endtime="20230303 19:25:14.567"/>
</kw>
<kw name="Log To Console" library="BuiltIn">
<arg>Fin de l'exécution de test</arg>
<doc>Logs the given message to the console.</doc>
<status status="PASS" starttime="20230303 19:25:14.568" endtime="20230303 19:25:14.569"/>
</kw>
<status status="PASS" starttime="20230303 19:25:14.460" endtime="20230303 19:25:14.569"/>
</kw>
<status status="PASS" starttime="20230303 19:25:01.940" endtime="20230303 19:25:14.570"/>
</test>
<test id="s1-s1-t2" name="Creation devis offre Zenea" line="63">
<kw name="Ouvrir le navigateur" library="selenium_utils" type="SETUP">
<arg>${url}</arg>
<arg>${browser}</arg>
<kw name="Open Browser" library="SeleniumLibrary">
<arg>${url}</arg>
<arg>${browser}</arg>
<doc>Opens a new browser instance to the optional ``url``.</doc>
<msg timestamp="20230303 19:25:14.575" level="INFO">Opening browser 'Chrome' to base url 'https://qualif-partenaires.groupagrica.com/'.</msg>
<status status="PASS" starttime="20230303 19:25:14.574" endtime="20230303 19:25:17.748"/>
</kw>
<kw name="Maximize Browser Window" library="SeleniumLibrary">
<doc>Maximizes current browser window.</doc>
<status status="PASS" starttime="20230303 19:25:17.750" endtime="20230303 19:25:17.864"/>
</kw>
<kw name="Log To Console" library="BuiltIn">
<arg>Exécution de test démarrée sur ${browser}</arg>
<doc>Logs the given message to the console.</doc>
<status status="PASS" starttime="20230303 19:25:17.864" endtime="20230303 19:25:17.865"/>
</kw>
<status status="PASS" starttime="20230303 19:25:14.573" endtime="20230303 19:25:17.866"/>
</kw>
<kw name="Connexion en tant que Distributeur" library="creation_devis_offre_zenea">
<kw name="Log To Console" library="BuiltIn">
<arg>Step-01-Connexion en tant que destributeur</arg>
<doc>Logs the given message to the console.</doc>
<status status="PASS" starttime="20230303 19:25:17.868" endtime="20230303 19:25:17.870"/>
</kw>
<kw name="Log To Console" library="BuiltIn">
<arg>path : ${EXEC_DIR}/pages/connexion_page.robot</arg>
<doc>Logs the given message to the console.</doc>
<status status="PASS" starttime="20230303 19:25:17.876" endtime="20230303 19:25:17.878"/>
</kw>
<kw name="Se connecter à Agrica Espace Co" library="connexion_page">
<arg>${nom_utilisateur_Distributeur}</arg>
<arg>${motdepasse_Distributeur}</arg>
<arg>${titre_profil_Distributeur}</arg>
<kw name="Entrer l'adresse mail" library="connexion_page">
<arg>${nom_utilisateur}</arg>
<kw name="Input Text" library="SeleniumLibrary">
<arg>${champ_adressemail}</arg>
<arg>${nom_utilisateur}</arg>
<doc>Types the given ``text`` into the text field identified by ``locator``.</doc>
<msg timestamp="20230303 19:25:17.890" level="INFO">Typing text 'distributeur_qtpm@groupagrica.com' into text field 'id:username'.</msg>
<status status="PASS" starttime="20230303 19:25:17.887" endtime="20230303 19:25:18.278"/>
</kw>
<status status="PASS" starttime="20230303 19:25:17.884" endtime="20230303 19:25:18.278"/>
</kw>
<kw name="Entrer le mot de passe" library="connexion_page">
<arg>${motdepasse}</arg>
<kw name="Input Text" library="SeleniumLibrary">
<arg>${champ_motdepasse}</arg>
<arg>${motdepasse}</arg>
<doc>Types the given ``text`` into the text field identified by ``locator``.</doc>
<msg timestamp="20230303 19:25:18.281" level="INFO">Typing text 'sRM!9w97p' into text field 'id:password'.</msg>
<status status="PASS" starttime="20230303 19:25:18.279" endtime="20230303 19:25:18.422"/>
</kw>
<status status="PASS" starttime="20230303 19:25:18.278" endtime="20230303 19:25:18.422"/>
</kw>
<kw name="Cliquer sur le bouton Connexion" library="connexion_page">
<kw name="Click Button" library="SeleniumLibrary">
<arg>${btn_connexion}</arg>
<doc>Clicks the button identified by ``locator``.</doc>
<msg timestamp="20230303 19:25:18.424" level="INFO">Clicking button 'id:edit-submit'.</msg>
<status status="PASS" starttime="20230303 19:25:18.423" endtime="20230303 19:25:20.021"/>
</kw>
<status status="PASS" starttime="20230303 19:25:18.422" endtime="20230303 19:25:20.022"/>
</kw>
<kw name="Wait Until Page Contains" library="SeleniumLibrary">
<arg>${nom_profil_attendu}</arg>
<doc>Waits until ``text`` appears on the current page.</doc>
<status status="PASS" starttime="20230303 19:25:20.026" endtime="20230303 19:25:20.070"/>
</kw>
<status status="PASS" starttime="20230303 19:25:17.881" endtime="20230303 19:25:20.070"/>
</kw>
<status status="PASS" starttime="20230303 19:25:17.866" endtime="20230303 19:25:20.071"/>
</kw>
<kw name="Formulaire Devis-Accès-Offre Zenea" library="creation_devis_offre_zenea">
<kw name="Cliquer sur le lien Offres" library="choix_offre_agrica">
<kw name="Click Element" library="SeleniumLibrary">
<arg>${lien_offe_Agrica_Prevoyance}</arg>
<doc>Click the element identified by ``locator``.</doc>
<msg timestamp="20230303 19:25:20.074" level="INFO">Clicking element 'xpath://a[contains(@href,'offres-agrica-prevoyance') and @class='btn btn-primary btn-arrow btn-large']'.</msg>
<status status="PASS" starttime="20230303 19:25:20.073" endtime="20230303 19:25:21.020"/>
</kw>
<status status="PASS" starttime="20230303 19:25:20.072" endtime="20230303 19:25:21.021"/>
</kw>
<kw name="Cliquer sur l'offre Zenea" library="choix_offre_agrica">
<kw name="Click Element" library="SeleniumLibrary">
<arg>${btn_devis_zenea}</arg>
<doc>Click the element identified by ``locator``.</doc>
<msg timestamp="20230303 19:25:21.023" level="INFO">Clicking element 'xpath://a[contains(@href,'ZENEA') and @class='btn btn-devis']'.</msg>
<status status="PASS" starttime="20230303 19:25:21.022" endtime="20230303 19:25:22.889"/>
</kw>
<status status="PASS" starttime="20230303 19:25:21.021" endtime="20230303 19:25:22.889"/>
</kw>
<kw name="Renseigner la date d'entretien" library="creation_devis_page">
<kw name="Cliquer sur le champ date" library="creation_devis_page">
<kw name="Click Element" library="SeleniumLibrary">
<arg>${champ_date_entretien}</arg>
<doc>Click the element identified by ``locator``.</doc>
<msg timestamp="20230303 19:25:22.893" level="INFO">Clicking element 'id:edit-date-entretien'.</msg>
<status status="PASS" starttime="20230303 19:25:22.892" endtime="20230303 19:25:22.982"/>
</kw>
<status status="PASS" starttime="20230303 19:25:22.891" endtime="20230303 19:25:22.982"/>
</kw>
<kw name="Cliquer sur la date d'aujourd'hui" library="creation_devis_page">
<kw name="Click Element" library="SeleniumLibrary">
<arg>${date_aujourd'hui}</arg>
<doc>Click the element identified by ``locator``.</doc>
<msg timestamp="20230303 19:25:22.985" level="INFO">Clicking element 'xpath://span[@class='flatpickr-day today' and @aria-current='date']'.</msg>
<status status="PASS" starttime="20230303 19:25:22.984" endtime="20230303 19:25:23.087"/>
</kw>
<status status="PASS" starttime="20230303 19:25:22.983" endtime="20230303 19:25:23.087"/>
</kw>
<status status="PASS" starttime="20230303 19:25:22.889" endtime="20230303 19:25:23.088"/>
</kw>
<status status="PASS" starttime="20230303 19:25:20.071" endtime="20230303 19:25:23.088"/>
</kw>
<kw name="Formulaire Devis-Entreprise-Offre Zenea" library="creation_devis_offre_zenea">
<kw name="Set Selenium Speed" library="SeleniumLibrary">
<arg>1s</arg>
<doc>Sets the delay that is waited after each Selenium command.</doc>
<status status="PASS" starttime="20230303 19:25:23.090" endtime="20230303 19:25:23.091"/>
</kw>
<kw name="Renseigner le numéro du SIRET" library="creation_devis_page">
<arg>${num_siret}</arg>
<kw name="Input Text" library="SeleniumLibrary">
<arg>${champ_siret}</arg>
<arg>${num_siret}</arg>
<doc>Types the given ``text`` into the text field identified by ``locator``.</doc>
<msg timestamp="20230303 19:25:23.094" level="INFO">Typing text '71203916300035' into text field 'xpath://*[@id="edit-siret"]'.</msg>
<status status="PASS" starttime="20230303 19:25:23.092" endtime="20230303 19:25:26.330"/>
</kw>
<status status="PASS" starttime="20230303 19:25:23.091" endtime="20230303 19:25:26.331"/>
</kw>
<kw name="Renseigner la couverture annuelle" library="creation_devis_page">
<arg>${couverture_annuelle}</arg>
<kw name="Input Text" library="SeleniumLibrary">
<arg>${champ_couverture_annuelle}</arg>
<arg>${couverture_annuelle}</arg>
<doc>Types the given ``text`` into the text field identified by ``locator``.</doc>
<msg timestamp="20230303 19:25:26.335" level="INFO">Typing text '5' into text field 'xpath://*[@id="edit-couverture-actuelle"]'.</msg>
<status status="PASS" starttime="20230303 19:25:26.334" endtime="20230303 19:25:30.453"/>
</kw>
<status status="PASS" starttime="20230303 19:25:26.332" endtime="20230303 19:25:30.453"/>
</kw>
<kw name="Renseigner la convention collective" library="creation_devis_page">
<arg>${convention_collective}</arg>
<kw name="Input Text" library="SeleniumLibrary">
<arg>${champ_convention_collective}</arg>
<arg>${convention_collective}</arg>
<doc>Types the given ``text`` into the text field identified by ``locator``.</doc>
<msg timestamp="20230303 19:25:30.457" level="INFO">Typing text 'nn' into text field 'xpath://*[@id="edit-convention-collective"]'.</msg>
<status status="PASS" starttime="20230303 19:25:30.456" endtime="20230303 19:25:33.620"/>
</kw>
<status status="PASS" starttime="20230303 19:25:30.454" endtime="20230303 19:25:33.621"/>
</kw>
<kw name="Ajouter un numero de SIRET de rattachemment" library="creation_devis_page">
<arg>${num_siret_rattachement}</arg>
<kw name="Click Element" library="SeleniumLibrary">
<arg>${btn_ajout_num_siret_rattachement}</arg>
<doc>Click the element identified by ``locator``.</doc>
<msg timestamp="20230303 19:25:33.625" level="INFO">Clicking element 'xpath://*[@id="add_siret_ratt"]'.</msg>
<status status="PASS" starttime="20230303 19:25:33.624" endtime="20230303 19:25:35.728"/>
</kw>
<kw name="Input Text" library="SeleniumLibrary">
<arg>${champ_siret_rattachement}</arg>
<arg>${num_siret_rattachement}</arg>
<doc>Types the given ``text`` into the text field identified by ``locator``.</doc>
<msg timestamp="20230303 19:25:35.732" level="INFO">Typing text '900 848 938 00016' into text field 'xpath://*[@id="edit-siret-1"]'.</msg>
<status status="PASS" starttime="20230303 19:25:35.729" endtime="20230303 19:25:38.951"/>
</kw>
<status status="PASS" starttime="20230303 19:25:33.622" endtime="20230303 19:25:38.952"/>
</kw>
<kw name="Vérifier que le champ raison sociale est rempli automatiquement" library="creation_devis_page">
<arg>${nom_entreprise}</arg>
<kw name="Input Text" library="SeleniumLibrary">
<arg>${champ_raisonsociale}</arg>
<arg>${raison_sociale}</arg>
<doc>Types the given ``text`` into the text field identified by ``locator``.</doc>
<msg timestamp="20230303 19:25:38.957" level="INFO">Typing text 'SOLY RUN' into text field 'xpath://*[@id="edit-raison-sociale"]'.</msg>
<status status="PASS" starttime="20230303 19:25:38.955" endtime="20230303 19:25:43.240"/>
</kw>
<status status="PASS" starttime="20230303 19:25:38.953" endtime="20230303 19:25:43.241"/>
</kw>
<kw name="Vérifier que le champ Code NAF est rempli automatiquement" library="creation_devis_page">
<arg>${code_NAF_actualise}</arg>
<kw name="Textfield Value Should Be" library="SeleniumLibrary">
<arg>${champ_codeNaf}</arg>
<arg>${code_NAF_actualise}</arg>
<doc>Verifies text field ``locator`` has exactly text ``expected``.</doc>
<msg timestamp="20230303 19:25:47.357" level="INFO">Content of text field 'xpath ://*[@id="edit-code-naf"]' is '6430Z'.</msg>
<status status="PASS" starttime="20230303 19:25:43.242" endtime="20230303 19:25:47.358"/>
</kw>
<status status="PASS" starttime="20230303 19:25:43.241" endtime="20230303 19:25:47.358"/>
</kw>
<kw name="Vérifier que le champ Forme juridique est rempli automatiquement" library="creation_devis_page">
<arg>${forme_juridique_actualise}</arg>
<kw name="Textfield Value Should Be" library="SeleniumLibrary">
<arg>${champ_formejuridique}</arg>
<arg>${forme_juridique_actualise}</arg>
<doc>Verifies text field ``locator`` has exactly text ``expected``.</doc>
<msg timestamp="20230303 19:25:51.456" level="INFO">Content of text field 'xpath://*[@id="edit-forme-juridique"]' is 'SA à conseil d'administration (s.a.i.)'.</msg>
<status status="PASS" starttime="20230303 19:25:47.361" endtime="20230303 19:25:51.457"/>
</kw>
<status status="PASS" starttime="20230303 19:25:47.359" endtime="20230303 19:25:51.457"/>
</kw>
<kw name="Vérifier que la date de création de l'entreprise est renseignée automatiquement" library="creation_devis_page">
<arg>${date_creation_entreprise_actualise}</arg>
<kw name="Textfield Value Should Be" library="SeleniumLibrary">
<arg>${champ_datecreation_entreprise}</arg>
<arg>${date_creation}</arg>
<doc>Verifies text field ``locator`` has exactly text ``expected``.</doc>
<msg timestamp="20230303 19:25:55.524" level="INFO">Content of text field 'xpath://*[@id="edit-date-creation-entreprise"]' is '14/02/1992'.</msg>
<status status="PASS" starttime="20230303 19:25:51.460" endtime="20230303 19:25:55.525"/>
</kw>
<status status="PASS" starttime="20230303 19:25:51.458" endtime="20230303 19:25:55.526"/>
</kw>
<kw name="Vérifier que l'adresse de l'entreprise est renseignée automatiquement" library="creation_devis_page">
<arg>${adresse_entreprise}</arg>
<kw name="Textfield Value Should Be" library="SeleniumLibrary">
<arg>${champ_adresse_entreprise}</arg>
<arg>${adresse_entreprise}</arg>
<doc>Verifies text field ``locator`` has exactly text ``expected``.</doc>
<msg timestamp="20230303 19:25:59.596" level="INFO">Content of text field 'xpath://*[@id="edit-adresse"]' is '83 Rue DU FAUBOURG SAINT HONORE'.</msg>
<status status="PASS" starttime="20230303 19:25:55.528" endtime="20230303 19:25:59.597"/>
</kw>
<status status="PASS" starttime="20230303 19:25:55.527" endtime="20230303 19:25:59.597"/>
</kw>
<kw name="Vérifier que le code postal de l'entreprise est renseigné automatiquement" library="creation_devis_page">
<arg>${codepostal_entreprise}</arg>
<kw name="Textfield Value Should Be" library="SeleniumLibrary">
<arg>${champ_codepostal_entreprise}</arg>
<arg>${codepostal_entreprise}</arg>
<doc>Verifies text field ``locator`` has exactly text ``expected``.</doc>
<msg timestamp="20230303 19:26:03.653" level="INFO">Content of text field 'xpath://*[@id="edit-code-postal"]' is '75008'.</msg>
<status status="PASS" starttime="20230303 19:25:59.599" endtime="20230303 19:26:03.653"/>
</kw>
<status status="PASS" starttime="20230303 19:25:59.598" endtime="20230303 19:26:03.654"/>
</kw>
<kw name="Vérifier que la ville de l'entreprise est renseignée automatiquement" library="creation_devis_page">
<arg>${ville_entreprise}</arg>
<kw name="Textfield Value Should Be" library="SeleniumLibrary">
<arg>${champ_ville_entreprise}</arg>
<arg>${ville_entreprise}</arg>
<doc>Verifies text field ``locator`` has exactly text ``expected``.</doc>
<msg timestamp="20230303 19:26:07.710" level="INFO">Content of text field 'xpath://*[@id="edit-ville"]' is 'PARIS 8'.</msg>
<status status="PASS" starttime="20230303 19:26:03.656" endtime="20230303 19:26:07.711"/>
</kw>
<status status="PASS" starttime="20230303 19:26:03.655" endtime="20230303 19:26:07.711"/>
</kw>
<kw name="Vérifier que le pays de l'entreprise est renseigné automatiquement" library="creation_devis_page">
<arg>${pays_entreprise}</arg>
<kw name="Textfield Value Should Be" library="SeleniumLibrary">
<arg>${champ_pays_entreprise}</arg>
<arg>${pays_entreprise}</arg>
<doc>Verifies text field ``locator`` has exactly text ``expected``.</doc>
<msg timestamp="20230303 19:26:11.781" level="INFO">Content of text field 'xpath://*[@id="edit-pays"]' is 'France'.</msg>
<status status="PASS" starttime="20230303 19:26:07.713" endtime="20230303 19:26:11.782"/>
</kw>
<status status="PASS" starttime="20230303 19:26:07.712" endtime="20230303 19:26:11.782"/>
</kw>
<kw name="Vérifier que le champ Raison sociale rattachement est rempli automatiquement" library="creation_devis_page">
<arg>${raison_sociale_rattachement}</arg>
<kw name="Click Element" library="SeleniumLibrary">
<arg>${champ_raisonsociale}</arg>
<doc>Click the element identified by ``locator``.</doc>
<msg timestamp="20230303 19:26:11.783" level="INFO">Clicking element 'xpath://*[@id="edit-raison-sociale"]'.</msg>
<status status="PASS" starttime="20230303 19:26:11.783" endtime="20230303 19:26:13.845"/>
</kw>
<kw name="Textfield Value Should Be" library="SeleniumLibrary">
<arg>${champ_raisonsociale}</arg>
<arg>${raison_sociale_rattachement}</arg>
<doc>Verifies text field ``locator`` has exactly text ``expected``.</doc>
<msg timestamp="20230303 19:26:17.912" level="INFO">Content of text field 'xpath://*[@id="edit-raison-sociale"]' is 'SOLY RUN'.</msg>
<status status="PASS" starttime="20230303 19:26:13.846" endtime="20230303 19:26:17.912"/>
</kw>
<status status="PASS" starttime="20230303 19:26:11.782" endtime="20230303 19:26:17.913"/>
</kw>
<kw name="Set Selenium Speed" library="SeleniumLibrary">
<arg>0s</arg>
<doc>Sets the delay that is waited after each Selenium command.</doc>
<status status="PASS" starttime="20230303 19:26:17.914" endtime="20230303 19:26:17.914"/>
</kw>
<status status="PASS" starttime="20230303 19:25:23.089" endtime="20230303 19:26:17.915"/>
</kw>
<kw name="Formulaire Devis-Signataires-Offre Zenea" library="creation_devis_offre_zenea">
<kw name="Selectionner la civilité" library="creation_devis_page">
<arg>${civilite}</arg>
<kw name="Select From List By Value" library="SeleniumLibrary">
<arg>${champ_civilite}</arg>
<arg>${civilite}</arg>
<doc>Selects options from selection list ``locator`` by ``values``.</doc>
<msg timestamp="20230303 19:26:17.918" level="INFO">Selecting options from selection list 'xpath://*[@id="dashboardFilter1"]' by value MADAME.</msg>
<status status="PASS" starttime="20230303 19:26:17.918" endtime="20230303 19:26:18.013"/>
</kw>
<status status="PASS" starttime="20230303 19:26:17.917" endtime="20230303 19:26:18.013"/>
</kw>
<kw name="Renseigner le nom du signataire" library="creation_devis_page">
<arg>${nom_signataire}</arg>
<kw name="Input Text" library="SeleniumLibrary">
<arg>${champ_nom}</arg>
<arg>${nom_signataire}</arg>
<doc>Types the given ``text`` into the text field identified by ``locator``.</doc>
<msg timestamp="20230303 19:26:18.016" level="INFO">Typing text 'Open' into text field 'xpath://*[@id="edit-nom"]'.</msg>
<status status="PASS" starttime="20230303 19:26:18.014" endtime="20230303 19:26:18.150"/>
</kw>
<status status="PASS" starttime="20230303 19:26:18.013" endtime="20230303 19:26:18.150"/>
</kw>
<kw name="Renseigner le prénom du signataire" library="creation_devis_page">
<arg>${prenom_signataire}</arg>
<kw name="Input Text" library="SeleniumLibrary">
<arg>${champ_prenom}</arg>
<arg>${prenom_signataire}</arg>
<doc>Types the given ``text`` into the text field identified by ``locator``.</doc>
<msg timestamp="20230303 19:26:18.152" level="INFO">Typing text 'Test' into text field 'xpath://*[@id="edit-nom"]'.</msg>
<status status="PASS" starttime="20230303 19:26:18.151" endtime="20230303 19:26:18.257"/>
</kw>
<status status="PASS" starttime="20230303 19:26:18.151" endtime="20230303 19:26:18.258"/>
</kw>
<kw name="Renseigner la fonction du signataire" library="creation_devis_page">
<arg>${fonction_signataire}</arg>
<kw name="Input Text" library="SeleniumLibrary">
<arg>${champ_fonction}</arg>
<arg>${fonction_signataire}</arg>
<doc>Types the given ``text`` into the text field identified by ``locator``.</doc>
<msg timestamp="20230303 19:26:18.261" level="INFO">Typing text 'Auto' into text field 'xpath://*[@id="edit-fonction"]'.</msg>
<status status="PASS" starttime="20230303 19:26:18.259" endtime="20230303 19:26:18.401"/>
</kw>
<status status="PASS" starttime="20230303 19:26:18.258" endtime="20230303 19:26:18.401"/>
</kw>
<kw name="Renseigner le numéro du téléphone directe du signataire" library="creation_devis_page">
<arg>${numtelephonedirecte_signataire}</arg>
<kw name="Input Text" library="SeleniumLibrary">
<arg>${champ_numtelephonedirecte}</arg>
<arg>${numtelephonedirecte_signataire}</arg>
<doc>Types the given ``text`` into the text field identified by ``locator``.</doc>
<msg timestamp="20230303 19:26:18.403" level="INFO">Typing text '02 01 01 01 01' into text field 'xpath://*[@id="edit-telephone-ligne-directe"]'.</msg>
<status status="PASS" starttime="20230303 19:26:18.402" endtime="20230303 19:26:18.550"/>
</kw>
<status status="PASS" starttime="20230303 19:26:18.402" endtime="20230303 19:26:18.550"/>
</kw>
<kw name="Renseigner le numéro du téléphone portable du signataire" library="creation_devis_page">
<arg>${numtelephoneportable_signataire}</arg>
<kw name="Input Text" library="SeleniumLibrary">
<arg>${champ_numtelephoneportable}</arg>
<arg>${numtelephoneportable_signataire}</arg>
<doc>Types the given ``text`` into the text field identified by ``locator``.</doc>
<msg timestamp="20230303 19:26:18.552" level="INFO">Typing text '06 01 01 01 01' into text field 'xpath://*[@id="edit-telephone-portable"]'.</msg>
<status status="PASS" starttime="20230303 19:26:18.552" endtime="20230303 19:26:18.712"/>
</kw>
<status status="PASS" starttime="20230303 19:26:18.551" endtime="20230303 19:26:18.713"/>
</kw>
<kw name="Renseigner l'adresse mail du signataire" library="creation_devis_page">
<arg>${adressemail_signataire}</arg>
<kw name="Input Text" library="SeleniumLibrary">
<arg>${champ_adressemail_signataire}</arg>
<arg>${adressemail_signataire}</arg>
<doc>Types the given ``text`` into the text field identified by ``locator``.</doc>
<msg timestamp="20230303 19:26:18.716" level="INFO">Typing text 'zgh7hyjb2o@1secmail.com' into text field 'xpath://*[@id="edit-email"]'.</msg>
<status status="PASS" starttime="20230303 19:26:18.716" endtime="20230303 19:26:18.895"/>
</kw>
<status status="PASS" starttime="20230303 19:26:18.714" endtime="20230303 19:26:18.895"/>
</kw>
<status status="PASS" starttime="20230303 19:26:17.916" endtime="20230303 19:26:18.895"/>
</kw>
<kw name="Formulaire Devis-Distributeur-Offre Zenea" library="creation_devis_offre_zenea">
<kw name="Vérifier que le champ distributeur est pré-rempli" library="creation_devis_page">
<arg>${nom_distributeur_groupe_Agrica}</arg>
<kw name="Textfield Value Should Be" library="SeleniumLibrary">
<arg>${champ_ditributeur}</arg>
<arg>${valeur_distributeur}</arg>
<doc>Verifies text field ``locator`` has exactly text ``expected``.</doc>
<msg timestamp="20230303 19:26:19.000" level="INFO">Content of text field 'id:edit-distributeur' is 'Groupe AGRICA'.</msg>
<status status="PASS" starttime="20230303 19:26:18.897" endtime="20230303 19:26:19.000"/>
</kw>
<status status="PASS" starttime="20230303 19:26:18.897" endtime="20230303 19:26:19.001"/>
</kw>
<kw name="Sélectionner l'agence de la caisse régionale" library="creation_devis_page">
<arg>${ville_caisseregionale_groupe_Agrica}</arg>
<kw name="Select From List By Value" library="SeleniumLibrary">
<arg>${champ_caisseregionale}</arg>
<arg>${agence_caisseregionale}</arg>
<doc>Selects options from selection list ``locator`` by ``values``.</doc>
<msg timestamp="20230303 19:26:19.003" level="INFO">Selecting options from selection list 'id:edit-caisse-regionale' by value Agence de Reims.</msg>
<status status="PASS" starttime="20230303 19:26:19.002" endtime="20230303 19:26:19.082"/>
</kw>
<status status="PASS" starttime="20230303 19:26:19.001" endtime="20230303 19:26:19.083"/>
</kw>
<kw name="Renseigner le code conseiller" library="creation_devis_page">
<arg>${code_conseiller}</arg>
<kw name="Input Text" library="SeleniumLibrary">
<arg>${champ_codeconseiller}</arg>
<arg>${code_conseiller}</arg>
<doc>Types the given ``text`` into the text field identified by ``locator``.</doc>
<msg timestamp="20230303 19:26:19.084" level="INFO">Typing text 'QTPMDIST' into text field 'id:edit-code-vendeur'.</msg>
<status status="PASS" starttime="20230303 19:26:19.083" endtime="20230303 19:26:19.206"/>
</kw>
<status status="PASS" starttime="20230303 19:26:19.083" endtime="20230303 19:26:19.207"/>
</kw>
<kw name="Renseigner le téléphone fixe du distributeur" library="creation_devis_page">
<arg>${numtelephonefixe_distributeur}</arg>
<kw name="Input Text" library="SeleniumLibrary">
<arg>${champ_telephonefixe_distributeur}</arg>
<arg>${telephone_fixe}</arg>
<doc>Types the given ``text`` into the text field identified by ``locator``.</doc>
<msg timestamp="20230303 19:26:19.210" level="INFO">Typing text '02 02 02 02 02' into text field 'id:edit-telephone-fixe'.</msg>
<status status="PASS" starttime="20230303 19:26:19.209" endtime="20230303 19:26:19.398"/>
</kw>
<status status="PASS" starttime="20230303 19:26:19.208" endtime="20230303 19:26:19.399"/>
</kw>
<kw name="Renseigner le téléphone portable du distributeur" library="creation_devis_page">
<arg>${numtelephoneportable_distributeur}</arg>
<kw name="Input Text" library="SeleniumLibrary">
<arg>${champ_telephoneportable_distributeur}</arg>
<arg>${telephone_portable}</arg>
<doc>Types the given ``text`` into the text field identified by ``locator``.</doc>
<msg timestamp="20230303 19:26:19.401" level="INFO">Typing text '06 06 06 06 06' into text field 'id:edit-telephone-mobile'.</msg>
<status status="PASS" starttime="20230303 19:26:19.400" endtime="20230303 19:26:19.555"/>
</kw>
<status status="PASS" starttime="20230303 19:26:19.399" endtime="20230303 19:26:19.556"/>
</kw>
<status status="PASS" starttime="20230303 19:26:18.896" endtime="20230303 19:26:19.556"/>
</kw>
<kw name="Fermer le navigateur" library="selenium_utils" type="TEARDOWN">
<kw name="Close Browser" library="SeleniumLibrary">
<doc>Closes the current browser.</doc>
<status status="PASS" starttime="20230303 19:26:19.560" endtime="20230303 19:26:19.686"/>
</kw>
<kw name="Log To Console" library="BuiltIn">
<arg>Fin de l'exécution de test</arg>
<doc>Logs the given message to the console.</doc>
<status status="PASS" starttime="20230303 19:26:19.687" endtime="20230303 19:26:19.687"/>
</kw>
<status status="PASS" starttime="20230303 19:26:19.558" endtime="20230303 19:26:19.688"/>
</kw>
<status status="PASS" starttime="20230303 19:25:14.571" endtime="20230303 19:26:19.688"/>
</test>
<test id="s1-s1-t3" name="Creation zenea_produits_du_sol" line="72">
<kw name="Ouvrir le navigateur" library="selenium_utils" type="SETUP">
<arg>${url}</arg>
<arg>${browser}</arg>
<kw name="Open Browser" library="SeleniumLibrary">
<arg>${url}</arg>
<arg>${browser}</arg>
<doc>Opens a new browser instance to the optional ``url``.</doc>
<msg timestamp="20230303 19:26:19.692" level="INFO">Opening browser 'Chrome' to base url 'https://qualif-partenaires.groupagrica.com/'.</msg>
<status status="PASS" starttime="20230303 19:26:19.690" endtime="20230303 19:26:23.093"/>
</kw>
<kw name="Maximize Browser Window" library="SeleniumLibrary">
<doc>Maximizes current browser window.</doc>
<status status="PASS" starttime="20230303 19:26:23.097" endtime="20230303 19:26:23.222"/>
</kw>
<kw name="Log To Console" library="BuiltIn">
<arg>Exécution de test démarrée sur ${browser}</arg>
<doc>Logs the given message to the console.</doc>
<status status="PASS" starttime="20230303 19:26:23.223" endtime="20230303 19:26:23.224"/>
</kw>
<status status="PASS" starttime="20230303 19:26:19.690" endtime="20230303 19:26:23.225"/>
</kw>
<kw name="Connexion en tant que Distributeur_Produits_Sol" library="creation_devis_zenea_produits_du_sol">
<kw name="Log To Console" library="BuiltIn">
<arg>Step-01-Connexion en tant que destributeur</arg>
<doc>Logs the given message to the console.</doc>
<status status="PASS" starttime="20230303 19:26:23.230" endtime="20230303 19:26:23.231"/>
</kw>
<kw name="Log To Console" library="BuiltIn">
<arg>path : ${EXEC_DIR}/pages/connexion_page.robot</arg>
<doc>Logs the given message to the console.</doc>
<status status="PASS" starttime="20230303 19:26:23.233" endtime="20230303 19:26:23.233"/>
</kw>
<kw name="Se connecter à Agrica Espace Co" library="connexion_page">
<arg>${nom_utilisateur_Distributeur}</arg>
<arg>${motdepasse_Distributeur}</arg>
<arg>${titre_profil_Distributeur}</arg>
<kw name="Entrer l'adresse mail" library="connexion_page">
<arg>${nom_utilisateur}</arg>
<kw name="Input Text" library="SeleniumLibrary">
<arg>${champ_adressemail}</arg>
<arg>${nom_utilisateur}</arg>
<doc>Types the given ``text`` into the text field identified by ``locator``.</doc>
<msg timestamp="20230303 19:26:23.238" level="INFO">Typing text 'distributeur_qtpm@groupagrica.com' into text field 'id:username'.</msg>
<status status="PASS" starttime="20230303 19:26:23.236" endtime="20230303 19:26:23.653"/>
</kw>
<status status="PASS" starttime="20230303 19:26:23.235" endtime="20230303 19:26:23.653"/>
</kw>
<kw name="Entrer le mot de passe" library="connexion_page">
<arg>${motdepasse}</arg>
<kw name="Input Text" library="SeleniumLibrary">
<arg>${champ_motdepasse}</arg>
<arg>${motdepasse}</arg>
<doc>Types the given ``text`` into the text field identified by ``locator``.</doc>
<msg timestamp="20230303 19:26:23.657" level="INFO">Typing text 'sRM!9w97p' into text field 'id:password'.</msg>
<status status="PASS" starttime="20230303 19:26:23.656" endtime="20230303 19:26:23.794"/>
</kw>
<status status="PASS" starttime="20230303 19:26:23.654" endtime="20230303 19:26:23.794"/>
</kw>
<kw name="Cliquer sur le bouton Connexion" library="connexion_page">
<kw name="Click Button" library="SeleniumLibrary">
<arg>${btn_connexion}</arg>
<doc>Clicks the button identified by ``locator``.</doc>
<msg timestamp="20230303 19:26:23.799" level="INFO">Clicking button 'id:edit-submit'.</msg>
<status status="PASS" starttime="20230303 19:26:23.799" endtime="20230303 19:26:25.417"/>
</kw>
<status status="PASS" starttime="20230303 19:26:23.795" endtime="20230303 19:26:25.417"/>
</kw>
<kw name="Wait Until Page Contains" library="SeleniumLibrary">
<arg>${nom_profil_attendu}</arg>
<doc>Waits until ``text`` appears on the current page.</doc>
<status status="PASS" starttime="20230303 19:26:25.418" endtime="20230303 19:26:25.443"/>
</kw>
<status status="PASS" starttime="20230303 19:26:23.234" endtime="20230303 19:26:25.443"/>
</kw>
<status status="PASS" starttime="20230303 19:26:23.226" endtime="20230303 19:26:25.443"/>
</kw>
<kw name="Formulaire Devis-Accès-Offre Zenea_Produits_Sol" library="creation_devis_zenea_produits_du_sol">
<kw name="Log To Console" library="BuiltIn">
<arg>Step-02-Clic sur offre produits_sol</arg>
<doc>Logs the given message to the console.</doc>
<status status="PASS" starttime="20230303 19:26:25.446" endtime="20230303 19:26:25.447"/>
</kw>
<kw name="Cliquer sur le lien Offres" library="choix_offre_agrica">
<kw name="Click Element" library="SeleniumLibrary">
<arg>${lien_offe_Agrica_Prevoyance}</arg>
<doc>Click the element identified by ``locator``.</doc>
<msg timestamp="20230303 19:26:25.449" level="INFO">Clicking element 'xpath://a[contains(@href,'offres-agrica-prevoyance') and @class='btn btn-primary btn-arrow btn-large']'.</msg>
<status status="PASS" starttime="20230303 19:26:25.448" endtime="20230303 19:26:26.504"/>
</kw>
<status status="PASS" starttime="20230303 19:26:25.447" endtime="20230303 19:26:26.504"/>
</kw>
<kw name="Cliquer sur l'offre Zenea_produits_sol" library="choix_offre_agrica">
<kw name="Click Element" library="SeleniumLibrary">
<arg>${btn_devis_zenea_produits_sol}</arg>
<doc>Click the element identified by ``locator``.</doc>
<msg timestamp="20230303 19:26:26.506" level="INFO">Clicking element 'xpath://a[contains(@href,'ZENEA') and @class='btn btn-devis'][preceding::a/img[contains(@alt,'Zenéa Négoce et Industrie des produits du sol')]]'.</msg>
<status status="PASS" starttime="20230303 19:26:26.505" endtime="20230303 19:26:28.524"/>
</kw>
<status status="PASS" starttime="20230303 19:26:26.504" endtime="20230303 19:26:28.524"/>
</kw>
<kw name="Renseigner la date d'entretien" library="creation_devis_page">
<kw name="Cliquer sur le champ date" library="creation_devis_page">
<kw name="Click Element" library="SeleniumLibrary">
<arg>${champ_date_entretien}</arg>
<doc>Click the element identified by ``locator``.</doc>
<msg timestamp="20230303 19:26:28.527" level="INFO">Clicking element 'id:edit-date-entretien'.</msg>
<status status="PASS" starttime="20230303 19:26:28.526" endtime="20230303 19:26:28.594"/>
</kw>
<status status="PASS" starttime="20230303 19:26:28.525" endtime="20230303 19:26:28.595"/>
</kw>
<kw name="Cliquer sur la date d'aujourd'hui" library="creation_devis_page">
<kw name="Click Element" library="SeleniumLibrary">
<arg>${date_aujourd'hui}</arg>
<doc>Click the element identified by ``locator``.</doc>
<msg timestamp="20230303 19:26:28.596" level="INFO">Clicking element 'xpath://span[@class='flatpickr-day today' and @aria-current='date']'.</msg>
<status status="PASS" starttime="20230303 19:26:28.596" endtime="20230303 19:26:28.682"/>
</kw>
<status status="PASS" starttime="20230303 19:26:28.595" endtime="20230303 19:26:28.682"/>
</kw>
<status status="PASS" starttime="20230303 19:26:28.524" endtime="20230303 19:26:28.682"/>
</kw>
<status status="PASS" starttime="20230303 19:26:25.445" endtime="20230303 19:26:28.682"/>
</kw>
<kw name="Formulaire Devis-Entreprise-Offre Zenea_Produits_Sol" library="creation_devis_zenea_produits_du_sol">
<kw name="Log To Console" library="BuiltIn">
<arg>Step-03-Remplissage des champs Entreprise</arg>
<doc>Logs the given message to the console.</doc>
<status status="PASS" starttime="20230303 19:26:28.683" endtime="20230303 19:26:28.683"/>
</kw>
<kw name="Set Selenium Speed" library="SeleniumLibrary">
<arg>1s</arg>
<doc>Sets the delay that is waited after each Selenium command.</doc>
<status status="PASS" starttime="20230303 19:26:28.684" endtime="20230303 19:26:28.684"/>
</kw>
<kw name="Renseigner le numéro du SIRET" library="creation_devis_page">
<arg>${num_siret}</arg>
<kw name="Input Text" library="SeleniumLibrary">
<arg>${champ_siret}</arg>
<arg>${num_siret}</arg>
<doc>Types the given ``text`` into the text field identified by ``locator``.</doc>
<msg timestamp="20230303 19:26:28.689" level="INFO">Typing text '71203916300035' into text field 'xpath://*[@id="edit-siret"]'.</msg>
<status status="PASS" starttime="20230303 19:26:28.685" endtime="20230303 19:26:31.935"/>
</kw>
<status status="PASS" starttime="20230303 19:26:28.685" endtime="20230303 19:26:31.936"/>
</kw>
<kw name="Renseigner la couverture annuelle" library="creation_devis_page">
<arg>${couverture_annuelle}</arg>
<kw name="Input Text" library="SeleniumLibrary">
<arg>${champ_couverture_annuelle}</arg>
<arg>${couverture_annuelle}</arg>
<doc>Types the given ``text`` into the text field identified by ``locator``.</doc>
<msg timestamp="20230303 19:26:31.940" level="INFO">Typing text '5' into text field 'xpath://*[@id="edit-couverture-actuelle"]'.</msg>
<status status="PASS" starttime="20230303 19:26:31.939" endtime="20230303 19:26:35.321"/>
</kw>
<status status="PASS" starttime="20230303 19:26:31.937" endtime="20230303 19:26:35.321"/>
</kw>
<kw name="Renseigner la convention collective" library="creation_devis_page">
<arg>${convention_collective}</arg>
<kw name="Input Text" library="SeleniumLibrary">
<arg>${champ_convention_collective}</arg>
<arg>${convention_collective}</arg>
<doc>Types the given ``text`` into the text field identified by ``locator``.</doc>
<msg timestamp="20230303 19:26:35.323" level="INFO">Typing text 'nn' into text field 'xpath://*[@id="edit-convention-collective"]'.</msg>
<status status="PASS" starttime="20230303 19:26:35.322" endtime="20230303 19:26:38.479"/>
</kw>
<status status="PASS" starttime="20230303 19:26:35.321" endtime="20230303 19:26:38.480"/>
</kw>
<kw name="Ajouter un numero de SIRET de rattachemment" library="creation_devis_page">
<arg>${num_siret_rattachement}</arg>
<kw name="Click Element" library="SeleniumLibrary">
<arg>${btn_ajout_num_siret_rattachement}</arg>
<doc>Click the element identified by ``locator``.</doc>
<msg timestamp="20230303 19:26:38.483" level="INFO">Clicking element 'xpath://*[@id="add_siret_ratt"]'.</msg>
<status status="PASS" starttime="20230303 19:26:38.482" endtime="20230303 19:26:40.604"/>
</kw>
<kw name="Input Text" library="SeleniumLibrary">
<arg>${champ_siret_rattachement}</arg>
<arg>${num_siret_rattachement}</arg>
<doc>Types the given ``text`` into the text field identified by ``locator``.</doc>
<msg timestamp="20230303 19:26:40.606" level="INFO">Typing text '900 848 938 00016' into text field 'xpath://*[@id="edit-siret-1"]'.</msg>
<status status="PASS" starttime="20230303 19:26:40.605" endtime="20230303 19:26:43.847"/>
</kw>
<status status="PASS" starttime="20230303 19:26:38.481" endtime="20230303 19:26:43.848"/>
</kw>
<kw name="Vérifier que le champ raison sociale est rempli automatiquement" library="creation_devis_page">
<arg>${nom_entreprise}</arg>
<kw name="Input Text" library="SeleniumLibrary">
<arg>${champ_raisonsociale}</arg>
<arg>${raison_sociale}</arg>
<doc>Types the given ``text`` into the text field identified by ``locator``.</doc>
<msg timestamp="20230303 19:26:43.853" level="INFO">Typing text 'SOLY RUN' into text field 'xpath://*[@id="edit-raison-sociale"]'.</msg>
<status status="PASS" starttime="20230303 19:26:43.851" endtime="20230303 19:26:47.170"/>
</kw>
<status status="PASS" starttime="20230303 19:26:43.849" endtime="20230303 19:26:47.171"/>
</kw>
<kw name="Vérifier que le champ Code NAF est rempli automatiquement" library="creation_devis_page">
<arg>${code_NAF_actualise}</arg>
<kw name="Textfield Value Should Be" library="SeleniumLibrary">
<arg>${champ_codeNaf}</arg>
<arg>${code_NAF_actualise}</arg>
<doc>Verifies text field ``locator`` has exactly text ``expected``.</doc>
<msg timestamp="20230303 19:26:51.298" level="INFO">Content of text field 'xpath ://*[@id="edit-code-naf"]' is '6430Z'.</msg>
<status status="PASS" starttime="20230303 19:26:47.175" endtime="20230303 19:26:51.298"/>
</kw>
<status status="PASS" starttime="20230303 19:26:47.172" endtime="20230303 19:26:51.298"/>
</kw>
<kw name="Vérifier que le champ Forme juridique est rempli automatiquement" library="creation_devis_page">
<arg>${forme_juridique_actualise}</arg>
<kw name="Textfield Value Should Be" library="SeleniumLibrary">
<arg>${champ_formejuridique}</arg>
<arg>${forme_juridique_actualise}</arg>
<doc>Verifies text field ``locator`` has exactly text ``expected``.</doc>
<msg timestamp="20230303 19:26:55.372" level="INFO">Content of text field 'xpath://*[@id="edit-forme-juridique"]' is 'SA à conseil d'administration (s.a.i.)'.</msg>
<status status="PASS" starttime="20230303 19:26:51.300" endtime="20230303 19:26:55.372"/>
</kw>
<status status="PASS" starttime="20230303 19:26:51.298" endtime="20230303 19:26:55.373"/>
</kw>
<kw name="Vérifier que la date de création de l'entreprise est renseignée automatiquement" library="creation_devis_page">
<arg>${date_creation_entreprise_actualise}</arg>
<kw name="Textfield Value Should Be" library="SeleniumLibrary">
<arg>${champ_datecreation_entreprise}</arg>
<arg>${date_creation}</arg>
<doc>Verifies text field ``locator`` has exactly text ``expected``.</doc>
<msg timestamp="20230303 19:26:59.451" level="INFO">Content of text field 'xpath://*[@id="edit-date-creation-entreprise"]' is '14/02/1992'.</msg>
<status status="PASS" starttime="20230303 19:26:55.376" endtime="20230303 19:26:59.452"/>
</kw>
<status status="PASS" starttime="20230303 19:26:55.374" endtime="20230303 19:26:59.453"/>
</kw>
<kw name="Vérifier que l'adresse de l'entreprise est renseignée automatiquement" library="creation_devis_page">
<arg>${adresse_entreprise}</arg>
<kw name="Textfield Value Should Be" library="SeleniumLibrary">
<arg>${champ_adresse_entreprise}</arg>
<arg>${adresse_entreprise}</arg>
<doc>Verifies text field ``locator`` has exactly text ``expected``.</doc>
<msg timestamp="20230303 19:27:03.508" level="INFO">Content of text field 'xpath://*[@id="edit-adresse"]' is '83 Rue DU FAUBOURG SAINT HONORE'.</msg>
<status status="PASS" starttime="20230303 19:26:59.456" endtime="20230303 19:27:03.509"/>
</kw>
<status status="PASS" starttime="20230303 19:26:59.454" endtime="20230303 19:27:03.509"/>
</kw>
<kw name="Vérifier que le code postal de l'entreprise est renseigné automatiquement" library="creation_devis_page">
<arg>${codepostal_entreprise}</arg>
<kw name="Textfield Value Should Be" library="SeleniumLibrary">
<arg>${champ_codepostal_entreprise}</arg>
<arg>${codepostal_entreprise}</arg>
<doc>Verifies text field ``locator`` has exactly text ``expected``.</doc>
<msg timestamp="20230303 19:27:07.584" level="INFO">Content of text field 'xpath://*[@id="edit-code-postal"]' is '75008'.</msg>
<status status="PASS" starttime="20230303 19:27:03.512" endtime="20230303 19:27:07.584"/>
</kw>
<status status="PASS" starttime="20230303 19:27:03.510" endtime="20230303 19:27:07.585"/>
</kw>
<kw name="Vérifier que la ville de l'entreprise est renseignée automatiquement" library="creation_devis_page">
<arg>${ville_entreprise}</arg>
<kw name="Textfield Value Should Be" library="SeleniumLibrary">
<arg>${champ_ville_entreprise}</arg>
<arg>${ville_entreprise}</arg>
<doc>Verifies text field ``locator`` has exactly text ``expected``.</doc>
<msg timestamp="20230303 19:27:11.658" level="INFO">Content of text field 'xpath://*[@id="edit-ville"]' is 'PARIS 8'.</msg>
<status status="PASS" starttime="20230303 19:27:07.587" endtime="20230303 19:27:11.658"/>
</kw>
<status status="PASS" starttime="20230303 19:27:07.586" endtime="20230303 19:27:11.658"/>
</kw>
<kw name="Vérifier que le pays de l'entreprise est renseigné automatiquement" library="creation_devis_page">
<arg>${pays_entreprise}</arg>
<kw name="Textfield Value Should Be" library="SeleniumLibrary">
<arg>${champ_pays_entreprise}</arg>
<arg>${pays_entreprise}</arg>
<doc>Verifies text field ``locator`` has exactly text ``expected``.</doc>
<msg timestamp="20230303 19:27:15.728" level="INFO">Content of text field 'xpath://*[@id="edit-pays"]' is 'France'.</msg>
<status status="PASS" starttime="20230303 19:27:11.660" endtime="20230303 19:27:15.729"/>
</kw>
<status status="PASS" starttime="20230303 19:27:11.659" endtime="20230303 19:27:15.729"/>
</kw>
<kw name="Vérifier que le champ Raison sociale rattachement est rempli automatiquement" library="creation_devis_page">
<arg>${raison_sociale_rattachement}</arg>
<kw name="Click Element" library="SeleniumLibrary">
<arg>${champ_raisonsociale}</arg>
<doc>Click the element identified by ``locator``.</doc>
<msg timestamp="20230303 19:27:15.733" level="INFO">Clicking element 'xpath://*[@id="edit-raison-sociale"]'.</msg>
<status status="PASS" starttime="20230303 19:27:15.731" endtime="20230303 19:27:17.834"/>
</kw>
<kw name="Textfield Value Should Be" library="SeleniumLibrary">
<arg>${champ_raisonsociale}</arg>
<arg>${raison_sociale_rattachement}</arg>
<doc>Verifies text field ``locator`` has exactly text ``expected``.</doc>
<msg timestamp="20230303 19:27:21.903" level="INFO">Content of text field 'xpath://*[@id="edit-raison-sociale"]' is 'SOLY RUN'.</msg>
<status status="PASS" starttime="20230303 19:27:17.835" endtime="20230303 19:27:21.903"/>
</kw>
<status status="PASS" starttime="20230303 19:27:15.730" endtime="20230303 19:27:21.904"/>
</kw>
<kw name="Set Selenium Speed" library="SeleniumLibrary">
<arg>0s</arg>
<doc>Sets the delay that is waited after each Selenium command.</doc>
<status status="PASS" starttime="20230303 19:27:21.904" endtime="20230303 19:27:21.906"/>
</kw>
<status status="PASS" starttime="20230303 19:26:28.682" endtime="20230303 19:27:21.906"/>
</kw>
<kw name="Formulaire Devis-Signataires-Offre Zenea_Produits_Sol" library="creation_devis_zenea_produits_du_sol">
<kw name="Log To Console" library="BuiltIn">
<arg>Step-04-Remplissage des champs Signataire</arg>
<doc>Logs the given message to the console.</doc>
<status status="PASS" starttime="20230303 19:27:21.909" endtime="20230303 19:27:21.911"/>
</kw>
<kw name="Selectionner la civilité" library="creation_devis_page">
<arg>${civilite}</arg>
<kw name="Select From List By Value" library="SeleniumLibrary">
<arg>${champ_civilite}</arg>
<arg>${civilite}</arg>
<doc>Selects options from selection list ``locator`` by ``values``.</doc>
<msg timestamp="20230303 19:27:21.917" level="INFO">Selecting options from selection list 'xpath://*[@id="dashboardFilter1"]' by value MADAME.</msg>
<status status="PASS" starttime="20230303 19:27:21.914" endtime="20230303 19:27:22.060"/>
</kw>
<status status="PASS" starttime="20230303 19:27:21.912" endtime="20230303 19:27:22.060"/>
</kw>
<kw name="Renseigner le nom du signataire" library="creation_devis_page">
<arg>${nom_signataire}</arg>
<kw name="Input Text" library="SeleniumLibrary">
<arg>${champ_nom}</arg>
<arg>${nom_signataire}</arg>
<doc>Types the given ``text`` into the text field identified by ``locator``.</doc>
<msg timestamp="20230303 19:27:22.063" level="INFO">Typing text 'Open' into text field 'xpath://*[@id="edit-nom"]'.</msg>
<status status="PASS" starttime="20230303 19:27:22.061" endtime="20230303 19:27:22.251"/>
</kw>
<status status="PASS" starttime="20230303 19:27:22.061" endtime="20230303 19:27:22.251"/>
</kw>
<kw name="Renseigner le prénom du signataire" library="creation_devis_page">
<arg>${prenom_signataire}</arg>
<kw name="Input Text" library="SeleniumLibrary">
<arg>${champ_prenom}</arg>
<arg>${prenom_signataire}</arg>
<doc>Types the given ``text`` into the text field identified by ``locator``.</doc>
<msg timestamp="20230303 19:27:22.254" level="INFO">Typing text 'Test' into text field 'xpath://*[@id="edit-nom"]'.</msg>
<status status="PASS" starttime="20230303 19:27:22.253" endtime="20230303 19:27:22.356"/>
</kw>
<status status="PASS" starttime="20230303 19:27:22.252" endtime="20230303 19:27:22.357"/>
</kw>
<kw name="Renseigner la fonction du signataire" library="creation_devis_page">
<arg>${fonction_signataire}</arg>
<kw name="Input Text" library="SeleniumLibrary">
<arg>${champ_fonction}</arg>
<arg>${fonction_signataire}</arg>
<doc>Types the given ``text`` into the text field identified by ``locator``.</doc>
<msg timestamp="20230303 19:27:22.360" level="INFO">Typing text 'Auto' into text field 'xpath://*[@id="edit-fonction"]'.</msg>
<status status="PASS" starttime="20230303 19:27:22.360" endtime="20230303 19:27:22.515"/>
</kw>
<status status="PASS" starttime="20230303 19:27:22.358" endtime="20230303 19:27:22.516"/>
</kw>
<kw name="Renseigner le numéro du téléphone directe du signataire" library="creation_devis_page">
<arg>${numtelephonedirecte_signataire}</arg>
<kw name="Input Text" library="SeleniumLibrary">
<arg>${champ_numtelephonedirecte}</arg>
<arg>${numtelephonedirecte_signataire}</arg>
<doc>Types the given ``text`` into the text field identified by ``locator``.</doc>
<msg timestamp="20230303 19:27:22.519" level="INFO">Typing text '02 01 01 01 01' into text field 'xpath://*[@id="edit-telephone-ligne-directe"]'.</msg>
<status status="PASS" starttime="20230303 19:27:22.518" endtime="20230303 19:27:22.684"/>
</kw>
<status status="PASS" starttime="20230303 19:27:22.517" endtime="20230303 19:27:22.685"/>
</kw>
<kw name="Renseigner le numéro du téléphone portable du signataire" library="creation_devis_page">
<arg>${numtelephoneportable_signataire}</arg>
<kw name="Input Text" library="SeleniumLibrary">
<arg>${champ_numtelephoneportable}</arg>
<arg>${numtelephoneportable_signataire}</arg>
<doc>Types the given ``text`` into the text field identified by ``locator``.</doc>
<msg timestamp="20230303 19:27:22.687" level="INFO">Typing text '06 01 01 01 01' into text field 'xpath://*[@id="edit-telephone-portable"]'.</msg>
<status status="PASS" starttime="20230303 19:27:22.686" endtime="20230303 19:27:22.887"/>
</kw>
<status status="PASS" starttime="20230303 19:27:22.685" endtime="20230303 19:27:22.887"/>
</kw>
<kw name="Renseigner l'adresse mail du signataire" library="creation_devis_page">
<arg>${adressemail_signataire}</arg>
<kw name="Input Text" library="SeleniumLibrary">
<arg>${champ_adressemail_signataire}</arg>
<arg>${adressemail_signataire}</arg>
<doc>Types the given ``text`` into the text field identified by ``locator``.</doc>
<msg timestamp="20230303 19:27:22.891" level="INFO">Typing text 'zgh7hyjb2o@1secmail.com' into text field 'xpath://*[@id="edit-email"]'.</msg>
<status status="PASS" starttime="20230303 19:27:22.889" endtime="20230303 19:27:23.078"/>
</kw>
<status status="PASS" starttime="20230303 19:27:22.888" endtime="20230303 19:27:23.079"/>
</kw>
<status status="PASS" starttime="20230303 19:27:21.907" endtime="20230303 19:27:23.079"/>
</kw>
<kw name="Formulaire Devis-Distributeur-Offre Zenea_Produits_Sol" library="creation_devis_zenea_produits_du_sol">
<kw name="Log To Console" library="BuiltIn">
<arg>Step-05-Remplissage des champs Distributeur</arg>
<doc>Logs the given message to the console.</doc>
<status status="PASS" starttime="20230303 19:27:23.083" endtime="20230303 19:27:23.086"/>
</kw>
<kw name="Vérifier que le champ distributeur est pré-rempli" library="creation_devis_page">
<arg>${nom_distributeur_groupe_Agrica}</arg>
<kw name="Textfield Value Should Be" library="SeleniumLibrary">
<arg>${champ_ditributeur}</arg>
<arg>${valeur_distributeur}</arg>
<doc>Verifies text field ``locator`` has exactly text ``expected``.</doc>
<msg timestamp="20230303 19:27:23.157" level="INFO">Content of text field 'id:edit-distributeur' is 'Groupe AGRICA'.</msg>
<status status="PASS" starttime="20230303 19:27:23.088" endtime="20230303 19:27:23.157"/>
</kw>
<status status="PASS" starttime="20230303 19:27:23.087" endtime="20230303 19:27:23.158"/>
</kw>
<kw name="Sélectionner l'agence de la caisse régionale" library="creation_devis_page">
<arg>${ville_caisseregionale_groupe_Agrica}</arg>
<kw name="Select From List By Value" library="SeleniumLibrary">
<arg>${champ_caisseregionale}</arg>
<arg>${agence_caisseregionale}</arg>
<doc>Selects options from selection list ``locator`` by ``values``.</doc>
<msg timestamp="20230303 19:27:23.161" level="INFO">Selecting options from selection list 'id:edit-caisse-regionale' by value Agence de Reims.</msg>
<status status="PASS" starttime="20230303 19:27:23.160" endtime="20230303 19:27:23.249"/>
</kw>
<status status="PASS" starttime="20230303 19:27:23.158" endtime="20230303 19:27:23.249"/>
</kw>
<kw name="Renseigner le code conseiller" library="creation_devis_page">
<arg>${code_conseiller}</arg>
<kw name="Input Text" library="SeleniumLibrary">
<arg>${champ_codeconseiller}</arg>
<arg>${code_conseiller}</arg>
<doc>Types the given ``text`` into the text field identified by ``locator``.</doc>
<msg timestamp="20230303 19:27:23.251" level="INFO">Typing text 'QTPMDIST' into text field 'id:edit-code-vendeur'.</msg>
<status status="PASS" starttime="20230303 19:27:23.250" endtime="20230303 19:27:23.458"/>
</kw>
<status status="PASS" starttime="20230303 19:27:23.249" endtime="20230303 19:27:23.458"/>
</kw>
<kw name="Renseigner le téléphone fixe du distributeur" library="creation_devis_page">
<arg>${numtelephonefixe_distributeur}</arg>
<kw name="Input Text" library="SeleniumLibrary">
<arg>${champ_telephonefixe_distributeur}</arg>
<arg>${telephone_fixe}</arg>
<doc>Types the given ``text`` into the text field identified by ``locator``.</doc>
<msg timestamp="20230303 19:27:23.459" level="INFO">Typing text '02 02 02 02 02' into text field 'id:edit-telephone-fixe'.</msg>
<status status="PASS" starttime="20230303 19:27:23.459" endtime="20230303 19:27:23.627"/>
</kw>
<status status="PASS" starttime="20230303 19:27:23.458" endtime="20230303 19:27:23.627"/>
</kw>
<kw name="Renseigner le téléphone portable du distributeur" library="creation_devis_page">
<arg>${numtelephoneportable_distributeur}</arg>
<kw name="Input Text" library="SeleniumLibrary">
<arg>${champ_telephoneportable_distributeur}</arg>
<arg>${telephone_portable}</arg>
<doc>Types the given ``text`` into the text field identified by ``locator``.</doc>
<msg timestamp="20230303 19:27:23.630" level="INFO">Typing text '06 06 06 06 06' into text field 'id:edit-telephone-mobile'.</msg>
<status status="PASS" starttime="20230303 19:27:23.629" endtime="20230303 19:27:23.820"/>
</kw>
<status status="PASS" starttime="20230303 19:27:23.627" endtime="20230303 19:27:23.821"/>
</kw>
<status status="PASS" starttime="20230303 19:27:23.081" endtime="20230303 19:27:23.821"/>
</kw>
<kw name="Fermer le navigateur" library="selenium_utils" type="TEARDOWN">
<kw name="Close Browser" library="SeleniumLibrary">
<doc>Closes the current browser.</doc>
<status status="PASS" starttime="20230303 19:27:23.826" endtime="20230303 19:27:23.958"/>
</kw>
<kw name="Log To Console" library="BuiltIn">
<arg>Fin de l'exécution de test</arg>
<doc>Logs the given message to the console.</doc>
<status status="PASS" starttime="20230303 19:27:23.958" endtime="20230303 19:27:23.958"/>
</kw>
<status status="PASS" starttime="20230303 19:27:23.824" endtime="20230303 19:27:23.958"/>
</kw>
<status status="PASS" starttime="20230303 19:26:19.689" endtime="20230303 19:27:23.959"/>
</test>
<test id="s1-s1-t4" name="Creation zenea_mareyeurs_expediteurs" line="81">
<kw name="Ouvrir le navigateur" library="selenium_utils" type="SETUP">
<arg>${url}</arg>
<arg>${browser}</arg>
<kw name="Open Browser" library="SeleniumLibrary">
<arg>${url}</arg>
<arg>${browser}</arg>
<doc>Opens a new browser instance to the optional ``url``.</doc>
<msg timestamp="20230303 19:27:23.963" level="INFO">Opening browser 'Chrome' to base url 'https://qualif-partenaires.groupagrica.com/'.</msg>
<status status="PASS" starttime="20230303 19:27:23.962" endtime="20230303 19:27:27.459"/>
</kw>
<kw name="Maximize Browser Window" library="SeleniumLibrary">
<doc>Maximizes current browser window.</doc>
<status status="PASS" starttime="20230303 19:27:27.462" endtime="20230303 19:27:27.580"/>
</kw>
<kw name="Log To Console" library="BuiltIn">
<arg>Exécution de test démarrée sur ${browser}</arg>
<doc>Logs the given message to the console.</doc>
<status status="PASS" starttime="20230303 19:27:27.582" endtime="20230303 19:27:27.587"/>
</kw>
<status status="PASS" starttime="20230303 19:27:23.961" endtime="20230303 19:27:27.592"/>
</kw>
<kw name="Connexion en tant que Distributeur_Mareyeurs_Expediteurs" library="creation_devis_zenea_mareyeurs_expediteurs">
<kw name="Log To Console" library="BuiltIn">
<arg>Step-01-Connexion en tant que destributeur</arg>
<doc>Logs the given message to the console.</doc>
<status status="PASS" starttime="20230303 19:27:27.594" endtime="20230303 19:27:27.604"/>
</kw>
<kw name="Log To Console" library="BuiltIn">
<arg>path : ${EXEC_DIR}/pages/connexion_page.robot</arg>
<doc>Logs the given message to the console.</doc>
<status status="PASS" starttime="20230303 19:27:27.606" endtime="20230303 19:27:27.608"/>
</kw>
<kw name="Se connecter à Agrica Espace Co" library="connexion_page">
<arg>${nom_utilisateur_Distributeur}</arg>
<arg>${motdepasse_Distributeur}</arg>
<arg>${titre_profil_Distributeur}</arg>
<kw name="Entrer l'adresse mail" library="connexion_page">
<arg>${nom_utilisateur}</arg>
<kw name="Input Text" library="SeleniumLibrary">
<arg>${champ_adressemail}</arg>
<arg>${nom_utilisateur}</arg>
<doc>Types the given ``text`` into the text field identified by ``locator``.</doc>
<msg timestamp="20230303 19:27:27.613" level="INFO">Typing text 'distributeur_qtpm@groupagrica.com' into text field 'id:username'.</msg>
<status status="PASS" starttime="20230303 19:27:27.612" endtime="20230303 19:27:27.975"/>
</kw>
<status status="PASS" starttime="20230303 19:27:27.611" endtime="20230303 19:27:27.976"/>
</kw>
<kw name="Entrer le mot de passe" library="connexion_page">
<arg>${motdepasse}</arg>
<kw name="Input Text" library="SeleniumLibrary">
<arg>${champ_motdepasse}</arg>
<arg>${motdepasse}</arg>
<doc>Types the given ``text`` into the text field identified by ``locator``.</doc>
<msg timestamp="20230303 19:27:27.978" level="INFO">Typing text 'sRM!9w97p' into text field 'id:password'.</msg>
<status status="PASS" starttime="20230303 19:27:27.977" endtime="20230303 19:27:28.138"/>
</kw>
<status status="PASS" starttime="20230303 19:27:27.976" endtime="20230303 19:27:28.138"/>
</kw>
<kw name="Cliquer sur le bouton Connexion" library="connexion_page">
<kw name="Click Button" library="SeleniumLibrary">
<arg>${btn_connexion}</arg>
<doc>Clicks the button identified by ``locator``.</doc>
<msg timestamp="20230303 19:27:28.144" level="INFO">Clicking button 'id:edit-submit'.</msg>
<status status="PASS" starttime="20230303 19:27:28.143" endtime="20230303 19:27:29.877"/>
</kw>
<status status="PASS" starttime="20230303 19:27:28.139" endtime="20230303 19:27:29.878"/>
</kw>
<kw name="Wait Until Page Contains" library="SeleniumLibrary">
<arg>${nom_profil_attendu}</arg>
<doc>Waits until ``text`` appears on the current page.</doc>
<status status="PASS" starttime="20230303 19:27:29.879" endtime="20230303 19:27:29.907"/>
</kw>
<status status="PASS" starttime="20230303 19:27:27.609" endtime="20230303 19:27:29.907"/>
</kw>
<status status="PASS" starttime="20230303 19:27:27.593" endtime="20230303 19:27:29.907"/>
</kw>
<kw name="Formulaire Devis-Accès-Offre Zenea_Mareyeurs_Expediteurs" library="creation_devis_zenea_mareyeurs_expediteurs">
<kw name="Log To Console" library="BuiltIn">
<arg>Step-02-Clic sur offre mareyeurs</arg>
<doc>Logs the given message to the console.</doc>
<status status="PASS" starttime="20230303 19:27:29.910" endtime="20230303 19:27:29.910"/>
</kw>
<kw name="Cliquer sur le lien Offres" library="choix_offre_agrica">
<kw name="Click Element" library="SeleniumLibrary">
<arg>${lien_offe_Agrica_Prevoyance}</arg>
<doc>Click the element identified by ``locator``.</doc>
<msg timestamp="20230303 19:27:29.913" level="INFO">Clicking element 'xpath://a[contains(@href,'offres-agrica-prevoyance') and @class='btn btn-primary btn-arrow btn-large']'.</msg>
<status status="PASS" starttime="20230303 19:27:29.912" endtime="20230303 19:27:30.884"/>
</kw>
<status status="PASS" starttime="20230303 19:27:29.911" endtime="20230303 19:27:30.884"/>
</kw>
<kw name="Cliquer sur l'offre Zenea_mareyeurs_expediteurs" library="choix_offre_agrica">
<kw name="Click Element" library="SeleniumLibrary">
<arg>${btn_devis_zenea_mareyeurs_expéditeurs}</arg>
<doc>Click the element identified by ``locator``.</doc>
<msg timestamp="20230303 19:27:30.887" level="INFO">Clicking element 'xpath://a[contains(@href,'ZENEA') and @class='btn btn-devis'][preceding::a/img[contains(@alt,'Zenéa Mareyeurs - Expéditeurs')]]'.</msg>
<status status="PASS" starttime="20230303 19:27:30.886" endtime="20230303 19:27:33.042"/>
</kw>
<status status="PASS" starttime="20230303 19:27:30.885" endtime="20230303 19:27:33.042"/>
</kw>
<kw name="Renseigner la date d'entretien" library="creation_devis_page">
<kw name="Cliquer sur le champ date" library="creation_devis_page">
<kw name="Click Element" library="SeleniumLibrary">
<arg>${champ_date_entretien}</arg>
<doc>Click the element identified by ``locator``.</doc>
<msg timestamp="20230303 19:27:33.046" level="INFO">Clicking element 'id:edit-date-entretien'.</msg>
<status status="PASS" starttime="20230303 19:27:33.045" endtime="20230303 19:27:33.110"/>
</kw>
<status status="PASS" starttime="20230303 19:27:33.044" endtime="20230303 19:27:33.110"/>
</kw>
<kw name="Cliquer sur la date d'aujourd'hui" library="creation_devis_page">
<kw name="Click Element" library="SeleniumLibrary">
<arg>${date_aujourd'hui}</arg>
<doc>Click the element identified by ``locator``.</doc>
<msg timestamp="20230303 19:27:33.112" level="INFO">Clicking element 'xpath://span[@class='flatpickr-day today' and @aria-current='date']'.</msg>
<status status="PASS" starttime="20230303 19:27:33.112" endtime="20230303 19:27:33.198"/>
</kw>
<status status="PASS" starttime="20230303 19:27:33.111" endtime="20230303 19:27:33.199"/>
</kw>
<status status="PASS" starttime="20230303 19:27:33.043" endtime="20230303 19:27:33.199"/>
</kw>
<status status="PASS" starttime="20230303 19:27:29.909" endtime="20230303 19:27:33.199"/>
</kw>
<kw name="Formulaire Devis-Entreprise-Offre Zenea_Mareyeurs_Expediteurs" library="creation_devis_zenea_mareyeurs_expediteurs">
<kw name="Log To Console" library="BuiltIn">
<arg>Step-03-Remplissage des champs Entreprise</arg>
<doc>Logs the given message to the console.</doc>
<status status="PASS" starttime="20230303 19:27:33.202" endtime="20230303 19:27:33.203"/>
</kw>
<kw name="Set Selenium Speed" library="SeleniumLibrary">
<arg>1s</arg>
<doc>Sets the delay that is waited after each Selenium command.</doc>
<status status="PASS" starttime="20230303 19:27:33.206" endtime="20230303 19:27:33.206"/>
</kw>
<kw name="Renseigner le numéro du SIRET" library="creation_devis_page">
<arg>${num_siret}</arg>
<kw name="Input Text" library="SeleniumLibrary">
<arg>${champ_siret}</arg>
<arg>${num_siret}</arg>
<doc>Types the given ``text`` into the text field identified by ``locator``.</doc>
<msg timestamp="20230303 19:27:33.209" level="INFO">Typing text '71203916300035' into text field 'xpath://*[@id="edit-siret"]'.</msg>
<status status="PASS" starttime="20230303 19:27:33.208" endtime="20230303 19:27:36.477"/>
</kw>
<status status="PASS" starttime="20230303 19:27:33.207" endtime="20230303 19:27:36.478"/>
</kw>
<kw name="Renseigner la couverture annuelle" library="creation_devis_page">
<arg>${couverture_annuelle}</arg>
<kw name="Input Text" library="SeleniumLibrary">
<arg>${champ_couverture_annuelle}</arg>
<arg>${couverture_annuelle}</arg>
<doc>Types the given ``text`` into the text field identified by ``locator``.</doc>
<msg timestamp="20230303 19:27:36.484" level="INFO">Typing text '5' into text field 'xpath://*[@id="edit-couverture-actuelle"]'.</msg>
<status status="PASS" starttime="20230303 19:27:36.482" endtime="20230303 19:27:42.164"/>
</kw>
<status status="PASS" starttime="20230303 19:27:36.479" endtime="20230303 19:27:42.165"/>
</kw>
<kw name="Renseigner la convention collective" library="creation_devis_page">
<arg>${convention_collective}</arg>
<kw name="Input Text" library="SeleniumLibrary">
<arg>${champ_convention_collective}</arg>
<arg>${convention_collective}</arg>
<doc>Types the given ``text`` into the text field identified by ``locator``.</doc>
<msg timestamp="20230303 19:27:42.169" level="INFO">Typing text 'nn' into text field 'xpath://*[@id="edit-convention-collective"]'.</msg>
<status status="PASS" starttime="20230303 19:27:42.167" endtime="20230303 19:27:45.372"/>
</kw>
<status status="PASS" starttime="20230303 19:27:42.165" endtime="20230303 19:27:45.372"/>
</kw>
<kw name="Ajouter un numero de SIRET de rattachemment" library="creation_devis_page">
<arg>${num_siret_rattachement}</arg>
<kw name="Click Element" library="SeleniumLibrary">
<arg>${btn_ajout_num_siret_rattachement}</arg>
<doc>Click the element identified by ``locator``.</doc>
<msg timestamp="20230303 19:27:45.377" level="INFO">Clicking element 'xpath://*[@id="add_siret_ratt"]'.</msg>
<status status="PASS" starttime="20230303 19:27:45.376" endtime="20230303 19:27:47.485"/>
</kw>
<kw name="Input Text" library="SeleniumLibrary">
<arg>${champ_siret_rattachement}</arg>
<arg>${num_siret_rattachement}</arg>
<doc>Types the given ``text`` into the text field identified by ``locator``.</doc>
<msg timestamp="20230303 19:27:47.490" level="INFO">Typing text '900 848 938 00016' into text field 'xpath://*[@id="edit-siret-1"]'.</msg>
<status status="PASS" starttime="20230303 19:27:47.486" endtime="20230303 19:27:50.724"/>
</kw>
<status status="PASS" starttime="20230303 19:27:45.373" endtime="20230303 19:27:50.725"/>
</kw>
<kw name="Vérifier que le champ raison sociale est rempli automatiquement" library="creation_devis_page">
<arg>${nom_entreprise}</arg>
<kw name="Input Text" library="SeleniumLibrary">
<arg>${champ_raisonsociale}</arg>
<arg>${raison_sociale}</arg>
<doc>Types the given ``text`` into the text field identified by ``locator``.</doc>
<msg timestamp="20230303 19:27:50.730" level="INFO">Typing text 'SOLY RUN' into text field 'xpath://*[@id="edit-raison-sociale"]'.</msg>
<status status="PASS" starttime="20230303 19:27:50.728" endtime="20230303 19:27:54.994"/>
</kw>
<status status="PASS" starttime="20230303 19:27:50.725" endtime="20230303 19:27:54.995"/>
</kw>
<kw name="Vérifier que le champ Code NAF est rempli automatiquement" library="creation_devis_page">
<arg>${code_NAF_actualise}</arg>
<kw name="Textfield Value Should Be" library="SeleniumLibrary">
<arg>${champ_codeNaf}</arg>
<arg>${code_NAF_actualise}</arg>
<doc>Verifies text field ``locator`` has exactly text ``expected``.</doc>
<msg timestamp="20230303 19:27:59.150" level="INFO">Content of text field 'xpath ://*[@id="edit-code-naf"]' is '6430Z'.</msg>
<status status="PASS" starttime="20230303 19:27:55.000" endtime="20230303 19:27:59.151"/>
</kw>
<status status="PASS" starttime="20230303 19:27:54.997" endtime="20230303 19:27:59.151"/>
</kw>
<kw name="Vérifier que le champ Forme juridique est rempli automatiquement" library="creation_devis_page">
<arg>${forme_juridique_actualise}</arg>
<kw name="Textfield Value Should Be" library="SeleniumLibrary">
<arg>${champ_formejuridique}</arg>
<arg>${forme_juridique_actualise}</arg>
<doc>Verifies text field ``locator`` has exactly text ``expected``.</doc>
<msg timestamp="20230303 19:28:03.242" level="INFO">Content of text field 'xpath://*[@id="edit-forme-juridique"]' is 'SA à conseil d'administration (s.a.i.)'.</msg>
<status status="PASS" starttime="20230303 19:27:59.154" endtime="20230303 19:28:03.243"/>
</kw>
<status status="PASS" starttime="20230303 19:27:59.152" endtime="20230303 19:28:03.243"/>
</kw>
<kw name="Vérifier que la date de création de l'entreprise est renseignée automatiquement" library="creation_devis_page">
<arg>${date_creation_entreprise_actualise}</arg>
<kw name="Textfield Value Should Be" library="SeleniumLibrary">
<arg>${champ_datecreation_entreprise}</arg>
<arg>${date_creation}</arg>
<doc>Verifies text field ``locator`` has exactly text ``expected``.</doc>
<msg timestamp="20230303 19:28:07.325" level="INFO">Content of text field 'xpath://*[@id="edit-date-creation-entreprise"]' is '14/02/1992'.</msg>
<status status="PASS" starttime="20230303 19:28:03.245" endtime="20230303 19:28:07.326"/>
</kw>
<status status="PASS" starttime="20230303 19:28:03.244" endtime="20230303 19:28:07.326"/>
</kw>
<kw name="Vérifier que l'adresse de l'entreprise est renseignée automatiquement" library="creation_devis_page">
<arg>${adresse_entreprise}</arg>
<kw name="Textfield Value Should Be" library="SeleniumLibrary">
<arg>${champ_adresse_entreprise}</arg>
<arg>${adresse_entreprise}</arg>
<doc>Verifies text field ``locator`` has exactly text ``expected``.</doc>
<msg timestamp="20230303 19:28:11.396" level="INFO">Content of text field 'xpath://*[@id="edit-adresse"]' is '83 Rue DU FAUBOURG SAINT HONORE'.</msg>
<status status="PASS" starttime="20230303 19:28:07.328" endtime="20230303 19:28:11.397"/>
</kw>
<status status="PASS" starttime="20230303 19:28:07.327" endtime="20230303 19:28:11.397"/>
</kw>
<kw name="Vérifier que le code postal de l'entreprise est renseigné automatiquement" library="creation_devis_page">
<arg>${codepostal_entreprise}</arg>
<kw name="Textfield Value Should Be" library="SeleniumLibrary">
<arg>${champ_codepostal_entreprise}</arg>
<arg>${codepostal_entreprise}</arg>
<doc>Verifies text field ``locator`` has exactly text ``expected``.</doc>
<msg timestamp="20230303 19:28:15.465" level="INFO">Content of text field 'xpath://*[@id="edit-code-postal"]' is '75008'.</msg>
<status status="PASS" starttime="20230303 19:28:11.401" endtime="20230303 19:28:15.465"/>
</kw>
<status status="PASS" starttime="20230303 19:28:11.399" endtime="20230303 19:28:15.466"/>
</kw>
<kw name="Vérifier que la ville de l'entreprise est renseignée automatiquement" library="creation_devis_page">
<arg>${ville_entreprise}</arg>
<kw name="Textfield Value Should Be" library="SeleniumLibrary">
<arg>${champ_ville_entreprise}</arg>
<arg>${ville_entreprise}</arg>
<doc>Verifies text field ``locator`` has exactly text ``expected``.</doc>
<msg timestamp="20230303 19:28:19.534" level="INFO">Content of text field 'xpath://*[@id="edit-ville"]' is 'PARIS 8'.</msg>
<status status="PASS" starttime="20230303 19:28:15.468" endtime="20230303 19:28:19.535"/>
</kw>
<status status="PASS" starttime="20230303 19:28:15.466" endtime="20230303 19:28:19.535"/>
</kw>
<kw name="Vérifier que le pays de l'entreprise est renseigné automatiquement" library="creation_devis_page">
<arg>${pays_entreprise}</arg>
<kw name="Textfield Value Should Be" library="SeleniumLibrary">
<arg>${champ_pays_entreprise}</arg>
<arg>${pays_entreprise}</arg>
<doc>Verifies text field ``locator`` has exactly text ``expected``.</doc>
<msg timestamp="20230303 19:28:23.605" level="INFO">Content of text field 'xpath://*[@id="edit-pays"]' is 'France'.</msg>
<status status="PASS" starttime="20230303 19:28:19.538" endtime="20230303 19:28:23.605"/>
</kw>
<status status="PASS" starttime="20230303 19:28:19.536" endtime="20230303 19:28:23.605"/>
</kw>
[...]
</kw>
<kw name="Should Not Be Equal As Numbers" library="BuiltIn">
<arg>${num_siret_rattachement_incorrect}</arg>
<arg>900 848 938 00016</arg>
<doc>Fails if objects are equal after converting them to real numbers.</doc>
<status status="PASS" starttime="20230303 19:38:50.079" endtime="20230303 19:38:50.081"/>
</kw>
<status status="PASS" starttime="20230303 19:38:44.735" endtime="20230303 19:38:50.081"/>
</kw>
<kw name="Ajouter le numéro N° IDCC dans le formulaire" library="creation_devis_page_non_passant">
<arg>${num_iddc}</arg>
<kw name="Input Text" library="SeleniumLibrary">
<arg>${champ_num_iddc}</arg>
<arg>${num_iddc}</arg>
<doc>Types the given ``text`` into the text field identified by ``locator``.</doc>
<msg timestamp="20230303 19:38:50.082" level="INFO">Typing text '1486' into text field 'xpath://*[@id="edit-num-idcc"]'.</msg>
<status status="PASS" starttime="20230303 19:38:50.082" endtime="20230303 19:38:53.281"/>
</kw>
<kw name="Sleep" library="BuiltIn">
<arg>5s</arg>
<doc>Pauses the test executed for the given time.</doc>
<msg timestamp="20230303 19:38:58.283" level="INFO">Slept 5 seconds</msg>
<status status="PASS" starttime="20230303 19:38:53.282" endtime="20230303 19:38:58.283"/>
</kw>
<status status="PASS" starttime="20230303 19:38:50.081" endtime="20230303 19:38:58.283"/>
</kw>
<kw name="Renseigner une valeur incorrecte du raison social" library="creation_devis_page_non_passant">
<arg>${raison_sociale_incorrect}</arg>
<kw name="Click Element" library="SeleniumLibrary">
<arg>${champ_raisonsociale}</arg>
<doc>Click the element identified by ``locator``.</doc>
<msg timestamp="20230303 19:38:58.288" level="INFO">Clicking element 'xpath://*[@id="edit-raison-sociale"]'.</msg>
<status status="PASS" starttime="20230303 19:38:58.284" endtime="20230303 19:39:00.428"/>
</kw>
<kw name="Input Text" library="SeleniumLibrary">
<arg>${champ_raisonsociale}</arg>
<arg>${raison_sociale_incorrect}</arg>
<doc>Types the given ``text`` into the text field identified by ``locator``.</doc>
<msg timestamp="20230303 19:39:00.429" level="INFO">Typing text 'FINA' into text field 'xpath://*[@id="edit-raison-sociale"]'.</msg>
<status status="PASS" starttime="20230303 19:39:00.428" endtime="20230303 19:39:03.597"/>
</kw>
<status status="PASS" starttime="20230303 19:38:58.283" endtime="20230303 19:39:03.597"/>
</kw>
<kw name="Renseigner un code Naf incorrect" library="creation_devis_page_non_passant">
<arg>${code_NAF_actualise_incorrect}</arg>
<kw name="Clear Element Text" library="SeleniumLibrary">
<arg>${champ_codeNaf}</arg>
<doc>Clears the value of the text-input-element identified by ``locator``.</doc>
<status status="PASS" starttime="20230303 19:39:03.600" endtime="20230303 19:39:05.748"/>
</kw>
<kw name="Click Element" library="SeleniumLibrary">
<arg>${champ_codeNaf}</arg>
<doc>Click the element identified by ``locator``.</doc>
<msg timestamp="20230303 19:39:05.750" level="INFO">Clicking element 'xpath ://*[@id="edit-code-naf"]'.</msg>
<status status="PASS" starttime="20230303 19:39:05.749" endtime="20230303 19:39:07.862"/>
</kw>
<kw name="Input Text" library="SeleniumLibrary">
<arg>${champ_codeNaf}</arg>
<arg>${code_NAF_actualise_incorrect}</arg>
<doc>Types the given ``text`` into the text field identified by ``locator``.</doc>
<msg timestamp="20230303 19:39:07.866" level="INFO">Typing text '64A' into text field 'xpath ://*[@id="edit-code-naf"]'.</msg>
<status status="PASS" starttime="20230303 19:39:07.863" endtime="20230303 19:39:11.058"/>
</kw>
<status status="PASS" starttime="20230303 19:39:03.598" endtime="20230303 19:39:11.058"/>
</kw>
<kw name="Renseigner le champ forme juridique par une valeur incorrect" library="creation_devis_page_non_passant">
<arg>${forme_juridique_incorrect}</arg>
<kw name="Click Element" library="SeleniumLibrary">
<arg>${champ_formejuridique}</arg>
<doc>Click the element identified by ``locator``.</doc>
<msg timestamp="20230303 19:39:11.059" level="INFO">Clicking element 'xpath://*[@id="edit-forme-juridique"]'.</msg>
<status status="PASS" starttime="20230303 19:39:11.059" endtime="20230303 19:39:13.137"/>
</kw>
<kw name="Input Text" library="SeleniumLibrary">
<arg>${champ_formejuridique}</arg>
<arg>${forme_juridique_incorrect}</arg>
<doc>Types the given ``text`` into the text field identified by ``locator``.</doc>
<msg timestamp="20230303 19:39:13.142" level="INFO">Typing text 's.e.s' into text field 'xpath://*[@id="edit-forme-juridique"]'.</msg>
<status status="PASS" starttime="20230303 19:39:13.139" endtime="20230303 19:39:16.308"/>
</kw>
<status status="PASS" starttime="20230303 19:39:11.058" endtime="20230303 19:39:16.308"/>
</kw>
<kw name="Renseigner la date incorrecte de création de l'entreprise" library="creation_devis_page_non_passant">
<arg>${date_creation_entreprise_actualise_incorrect}</arg>
<kw name="Textfield Value Should Be" library="SeleniumLibrary">
<arg>${champ_datecreation_entreprise}</arg>
<arg>${date_creation_incorrect}</arg>
<doc>Verifies text field ``locator`` has exactly text ``expected``.</doc>
<msg timestamp="20230303 19:39:20.406" level="INFO">Content of text field 'xpath://*[@id="edit-date-creation-entreprise"]' is ''.</msg>
<status status="PASS" starttime="20230303 19:39:16.310" endtime="20230303 19:39:20.407"/>
</kw>
<status status="PASS" starttime="20230303 19:39:16.309" endtime="20230303 19:39:20.408"/>
</kw>
<kw name="Renseigner une adresse incorrecte de l'entreprise" library="creation_devis_page_non_passant">
<arg>${adresse_entreprise_incorrect}</arg>
<kw name="Input Text" library="SeleniumLibrary">
<arg>${champ_adresse_entreprise}</arg>
<arg>${adresse_entreprise_incorrect}</arg>
<doc>Types the given ``text`` into the text field identified by ``locator``.</doc>
<msg timestamp="20230303 19:39:20.412" level="INFO">Typing text 'SKJRID' into text field 'xpath://*[@id="edit-adresse"]'.</msg>
<status status="PASS" starttime="20230303 19:39:20.411" endtime="20230303 19:39:23.585"/>
</kw>
<status status="PASS" starttime="20230303 19:39:20.408" endtime="20230303 19:39:23.585"/>
</kw>
<kw name="Renseigner un code postal incorrect de l'entreprise" library="creation_devis_page_non_passant">
<arg>${codepostal_entreprise_incorrect}</arg>
<kw name="Input Text" library="SeleniumLibrary">
<arg>${champ_codepostal_entreprise}</arg>
<arg>${codepostal_entreprise_incorrect}</arg>
<doc>Types the given ``text`` into the text field identified by ``locator``.</doc>
<msg timestamp="20230303 19:39:23.591" level="INFO">Typing text '75876ds' into text field 'xpath://*[@id="edit-code-postal"]'.</msg>
<status status="PASS" starttime="20230303 19:39:23.589" endtime="20230303 19:39:26.813"/>
</kw>
<status status="PASS" starttime="20230303 19:39:23.586" endtime="20230303 19:39:26.814"/>
</kw>
<kw name="Renseigner une ville quelconque de l'entreprise" library="creation_devis_page_non_passant">
<arg>${ville_entreprise_incorrect}</arg>
<kw name="Input Text" library="SeleniumLibrary">
<arg>${champ_ville_entreprise}</arg>
<arg>${ville_entreprise_incorrect}</arg>
<doc>Types the given ``text`` into the text field identified by ``locator``.</doc>
<msg timestamp="20230303 19:39:26.817" level="INFO">Typing text 'Reims' into text field 'xpath://*[@id="edit-ville"]'.</msg>
<status status="PASS" starttime="20230303 19:39:26.816" endtime="20230303 19:39:30.033"/>
</kw>
<status status="PASS" starttime="20230303 19:39:26.815" endtime="20230303 19:39:30.033"/>
</kw>
<status status="PASS" starttime="20230303 19:38:35.135" endtime="20230303 19:39:30.034"/>
</kw>
<kw name="Formulaire Devis-Signataires-Offre Zenea_Produits_Sol non passant" library="creation_devis_non_passant_zenea_produits_du_sol">
<kw name="Log To Console" library="BuiltIn">
<arg>Step-04-Remplissage des champs Signataire</arg>
<doc>Logs the given message to the console.</doc>
<status status="PASS" starttime="20230303 19:39:30.037" endtime="20230303 19:39:30.038"/>
</kw>
<kw name="Renseigner la civilité" library="creation_devis_page_non_passant">
<arg>${civilite}</arg>
<kw name="Select From List By Value" library="SeleniumLibrary">
<arg>${champ_civilite}</arg>
<arg>${civilite}</arg>
<doc>Selects options from selection list ``locator`` by ``values``.</doc>
<msg timestamp="20230303 19:39:30.045" level="INFO">Selecting options from selection list 'xpath://*[@id="dashboardFilter1"]' by value MADAME.</msg>
<status status="PASS" starttime="20230303 19:39:30.043" endtime="20230303 19:39:37.263"/>
</kw>
<status status="PASS" starttime="20230303 19:39:30.040" endtime="20230303 19:39:37.263"/>
</kw>
<kw name="Ajouter le prenom du signataire" library="creation_devis_page_non_passant">
<arg>${nom_signataire}</arg>
<kw name="Input Text" library="SeleniumLibrary">
<arg>${champ_prenom}</arg>
<arg>${prenom_signataire}</arg>
<doc>Types the given ``text`` into the text field identified by ``locator``.</doc>
<msg timestamp="20230303 19:39:37.267" level="INFO">Typing text 'Open' into text field 'xpath://*[@id="edit-nom"]'.</msg>
<status status="PASS" starttime="20230303 19:39:37.266" endtime="20230303 19:39:40.496"/>
</kw>
<status status="PASS" starttime="20230303 19:39:37.264" endtime="20230303 19:39:40.497"/>
</kw>
<kw name="Ajouter le nom du signataire" library="creation_devis_page_non_passant">
<arg>${prenom_signataire}</arg>
<kw name="Input Text" library="SeleniumLibrary">
<arg>${champ_nom}</arg>
<arg>${nom_signataire}</arg>
<doc>Types the given ``text`` into the text field identified by ``locator``.</doc>
<msg timestamp="20230303 19:39:40.501" level="INFO">Typing text 'Test' into text field 'xpath://*[@id="edit-nom"]'.</msg>
<status status="PASS" starttime="20230303 19:39:40.499" endtime="20230303 19:39:43.680"/>
</kw>
<status status="PASS" starttime="20230303 19:39:40.497" endtime="20230303 19:39:43.681"/>
</kw>
<kw name="Ajouter la fonction signataire" library="creation_devis_page_non_passant">
<arg>${fonction_signataire}</arg>
<kw name="Input Text" library="SeleniumLibrary">
<arg>${champ_fonction}</arg>
<arg>${fonction_signataire}</arg>
<doc>Types the given ``text`` into the text field identified by ``locator``.</doc>
<msg timestamp="20230303 19:39:43.684" level="INFO">Typing text 'Auto' into text field 'xpath://*[@id="edit-fonction"]'.</msg>
<status status="PASS" starttime="20230303 19:39:43.684" endtime="20230303 19:39:46.864"/>
</kw>
<status status="PASS" starttime="20230303 19:39:43.682" endtime="20230303 19:39:46.864"/>
</kw>
<kw name="Vérifier que le numéro téléphone fixe du signatire n'est pas correct" library="creation_devis_page_non_passant">
<arg>${numtelephonedirecte_signataire_incorrect}</arg>
<kw name="Input Text" library="SeleniumLibrary">
<arg>${champ_numtelephonedirecte}</arg>
<arg>${numtelephonedirecte_signataire_incorrect}</arg>
<doc>Types the given ``text`` into the text field identified by ``locator``.</doc>
<msg timestamp="20230303 19:39:46.870" level="INFO">Typing text '02 01 01 01' into text field 'xpath://*[@id="edit-telephone-ligne-directe"]'.</msg>
<status status="PASS" starttime="20230303 19:39:46.868" endtime="20230303 19:39:50.090"/>
</kw>
<kw name="Should Not Be Equal As Numbers" library="BuiltIn">
<arg>${numtelephonedirecte_signataire_incorrect}</arg>
<arg>02 01 01 01 01</arg>
<doc>Fails if objects are equal after converting them to real numbers.</doc>
<status status="PASS" starttime="20230303 19:39:50.091" endtime="20230303 19:39:50.092"/>
</kw>
<status status="PASS" starttime="20230303 19:39:46.865" endtime="20230303 19:39:50.093"/>
</kw>
<kw name="Vérifier que le numéro téléphone direct du signataire n'est pas correct" library="creation_devis_page_non_passant">
<arg>${numtelephoneportable_signataire_incorrect}</arg>
<kw name="Input Text" library="SeleniumLibrary">
<arg>${champ_numtelephoneportable}</arg>
<arg>${numtelephoneportable_signataire_incorrect}</arg>
<doc>Types the given ``text`` into the text field identified by ``locator``.</doc>
<msg timestamp="20230303 19:39:50.096" level="INFO">Typing text '06 01 01 01' into text field 'xpath://*[@id="edit-telephone-portable"]'.</msg>
<status status="PASS" starttime="20230303 19:39:50.095" endtime="20230303 19:39:53.288"/>
</kw>
<kw name="Should Not Be Equal As Numbers" library="BuiltIn">
<arg>${numtelephoneportable_signataire_incorrect}</arg>
<arg>06 01 01 01 01</arg>
<doc>Fails if objects are equal after converting them to real numbers.</doc>
<status status="PASS" starttime="20230303 19:39:53.289" endtime="20230303 19:39:53.291"/>
</kw>
<status status="PASS" starttime="20230303 19:39:50.094" endtime="20230303 19:39:53.292"/>
</kw>
<kw name="Vérifier que l'adresse email signataire n'est pas correct" library="creation_devis_page_non_passant">
<arg>${adressemail_signataire_incorrect}</arg>
<kw name="Input Text" library="SeleniumLibrary">
<arg>${champ_adressemail_signataire}</arg>
<arg>${adressemail_signataire_incorrect}</arg>
<doc>Types the given ``text`` into the text field identified by ``locator``.</doc>
<msg timestamp="20230303 19:39:53.294" level="INFO">Typing text 'zgh7hyjb2o1secmail.com' into text field 'xpath://*[@id="edit-email"]'.</msg>
<status status="PASS" starttime="20230303 19:39:53.294" endtime="20230303 19:39:56.558"/>
</kw>
<kw name="Should Not Be Equal As Strings" library="BuiltIn">
<arg>${adressemail_signataire_incorrect}</arg>
<arg>zgh7hyjb2o@1secmail.com</arg>
<doc>Fails if objects are equal after converting them to strings.</doc>
<status status="PASS" starttime="20230303 19:39:56.558" endtime="20230303 19:39:56.559"/>
</kw>
<status status="PASS" starttime="20230303 19:39:53.292" endtime="20230303 19:39:56.559"/>
</kw>
<status status="PASS" starttime="20230303 19:39:30.036" endtime="20230303 19:39:56.559"/>
</kw>
<kw name="Formulaire Devis-Distributeur-Offre Zenea_Produits_Sol non passant" library="creation_devis_non_passant_zenea_produits_du_sol">
<kw name="Log To Console" library="BuiltIn">
<arg>Step-05-Remplissage des champs Distributeur</arg>
<doc>Logs the given message to the console.</doc>
<status status="PASS" starttime="20230303 19:39:56.561" endtime="20230303 19:39:56.566"/>
</kw>
<kw name="Vérifier que le code conseiller n'est pas correct" library="creation_devis_page_non_passant">
<kw name="Click Element" library="SeleniumLibrary">
<arg>${champ_codeconseiller}</arg>
<doc>Click the element identified by ``locator``.</doc>
<msg timestamp="20230303 19:39:56.569" level="INFO">Clicking element 'id:edit-code-vendeur'.</msg>
<status status="PASS" starttime="20230303 19:39:56.567" endtime="20230303 19:39:58.646"/>
</kw>
<kw name="Clear Element Text" library="SeleniumLibrary">
<arg>${champ_codeconseiller}</arg>
<doc>Clears the value of the text-input-element identified by ``locator``.</doc>
<status status="PASS" starttime="20230303 19:39:58.646" endtime="20230303 19:40:00.756"/>
</kw>
<kw name="Input Text" library="SeleniumLibrary">
<arg>${champ_codeconseiller}</arg>
<arg>QTPM</arg>
<doc>Types the given ``text`` into the text field identified by ``locator``.</doc>
<msg timestamp="20230303 19:40:00.759" level="INFO">Typing text 'QTPM' into text field 'id:edit-code-vendeur'.</msg>
<status status="PASS" starttime="20230303 19:40:00.757" endtime="20230303 19:40:03.973"/>
</kw>
<status status="PASS" starttime="20230303 19:39:56.566" endtime="20230303 19:40:03.974"/>
</kw>
<kw name="Vérifier que le numéro de téléphone fixe rempli n'est pas correct" library="creation_devis_page_non_passant">
<kw name="Click Element" library="SeleniumLibrary">
<arg>${champ_numtelephonedirecte}</arg>
<doc>Click the element identified by ``locator``.</doc>
<msg timestamp="20230303 19:40:03.977" level="INFO">Clicking element 'xpath://*[@id="edit-telephone-ligne-directe"]'.</msg>
<status status="PASS" starttime="20230303 19:40:03.976" endtime="20230303 19:40:06.095"/>
</kw>
<kw name="Clear Element Text" library="SeleniumLibrary">
<arg>${champ_numtelephonedirecte}</arg>
<doc>Clears the value of the text-input-element identified by ``locator``.</doc>
<status status="PASS" starttime="20230303 19:40:06.095" endtime="20230303 19:40:08.155"/>
</kw>
<kw name="Input Text" library="SeleniumLibrary">
<arg>${champ_telephonefixe_distributeur}</arg>
<arg>02 01 01 01</arg>
<doc>Types the given ``text`` into the text field identified by ``locator``.</doc>
<msg timestamp="20230303 19:40:08.158" level="INFO">Typing text '02 01 01 01' into text field 'id:edit-telephone-fixe'.</msg>
<status status="PASS" starttime="20230303 19:40:08.156" endtime="20230303 19:40:11.353"/>
</kw>
<status status="PASS" starttime="20230303 19:40:03.974" endtime="20230303 19:40:11.353"/>
</kw>
<kw name="Vérifier que le numéro de téléphone portable du distributeur n'est pas correct" library="creation_devis_page_non_passant">
<kw name="Click Element" library="SeleniumLibrary">
<arg>${champ_numtelephoneportable}</arg>
<doc>Click the element identified by ``locator``.</doc>
<msg timestamp="20230303 19:40:11.358" level="INFO">Clicking element 'xpath://*[@id="edit-telephone-portable"]'.</msg>
<status status="PASS" starttime="20230303 19:40:11.356" endtime="20230303 19:40:13.443"/>
</kw>
<kw name="Clear Element Text" library="SeleniumLibrary">
<arg>${champ_numtelephoneportable}</arg>
<doc>Clears the value of the text-input-element identified by ``locator``.</doc>
<status status="PASS" starttime="20230303 19:40:13.445" endtime="20230303 19:40:15.493"/>
</kw>
<kw name="Input Text" library="SeleniumLibrary">
<arg>${champ_telephoneportable_distributeur}</arg>
<arg>06 01 01 01</arg>
<doc>Types the given ``text`` into the text field identified by ``locator``.</doc>
<msg timestamp="20230303 19:40:15.495" level="INFO">Typing text '06 01 01 01' into text field 'id:edit-telephone-mobile'.</msg>
<status status="PASS" starttime="20230303 19:40:15.494" endtime="20230303 19:40:18.677"/>
</kw>
<status status="PASS" starttime="20230303 19:40:11.354" endtime="20230303 19:40:18.678"/>
</kw>
<kw name="Cliquer sur le bouton Etape suivante non passant" library="creation_devis_page_non_passant">
<kw name="Click Element" library="SeleniumLibrary">
<arg>${btn_etape_suivante}</arg>
<doc>Click the element identified by ``locator``.</doc>
<msg timestamp="20230303 19:40:18.682" level="INFO">Clicking element 'xpath://*[@id="sendDevis"]'.</msg>
<status status="PASS" starttime="20230303 19:40:18.680" endtime="20230303 19:40:20.811"/>
</kw>
<kw name="Wait Until Element Contains" library="SeleniumLibrary">
<arg>${message_erreur_siret_incorrect}</arg>
<arg>Numéro de siret invalide</arg>
<doc>Waits until the element ``locator`` contains ``text``.</doc>
<status status="PASS" starttime="20230303 19:40:20.814" endtime="20230303 19:40:22.987"/>
</kw>
<status status="PASS" starttime="20230303 19:40:18.679" endtime="20230303 19:40:22.988"/>
</kw>
<status status="PASS" starttime="20230303 19:39:56.560" endtime="20230303 19:40:22.990"/>
</kw>
<kw name="Fermer le navigateur" library="selenium_utils" type="TEARDOWN">
<kw name="Close Browser" library="SeleniumLibrary">
<doc>Closes the current browser.</doc>
<status status="PASS" starttime="20230303 19:40:23.000" endtime="20230303 19:40:24.063"/>
</kw>
<kw name="Log To Console" library="BuiltIn">
<arg>Fin de l'exécution de test</arg>
<doc>Logs the given message to the console.</doc>
<status status="PASS" starttime="20230303 19:40:24.064" endtime="20230303 19:40:24.065"/>
</kw>
<status status="PASS" starttime="20230303 19:40:22.994" endtime="20230303 19:40:24.065"/>
</kw>
<status status="PASS" starttime="20230303 19:37:56.693" endtime="20230303 19:40:24.065"/>
</test>
<status status="PASS" starttime="20230303 19:25:01.330" endtime="20230303 19:40:24.073"/>
</suite>
<status status="PASS" starttime="20230303 19:25:01.310" endtime="20230303 19:40:24.094"/>
</suite>
<statistics>
<total>
<stat pass="27" fail="0" skip="0">All Tests</stat>
</total>
<tag>
</tag>
<suite>
<stat pass="27" fail="0" skip="0" id="s1" name="Tests">Tests</stat>
<stat pass="27" fail="0" skip="0" id="s1-s1" name="Mon Espace Commercial">Tests.Mon Espace Commercial</stat>
</suite>
</statistics>
<errors>
</errors>
</robot>
