<?xml version="1.0" encoding="UTF-8"?>
<robot generator="Robot 6.0.2 (Python 3.8.10 on linux)" generated="20230301 11:42:18.941" rpa="false" schemaversion="3">
<suite id="s1" name="Eco-testauto" source="/home/dione/Documents/Projet/ProjetDaouda/Eco-testauto">
<suite id="s1-s1" name="Tests" source="/home/dione/Documents/Projet/ProjetDaouda/Eco-testauto/tests">
<suite id="s1-s1-s1" name="Mon Espace Commercial" source="/home/dione/Documents/Projet/ProjetDaouda/Eco-testauto/tests/mon_espace_commercial.robot">
<test id="s1-s1-s1-t1" name="Création devis Accord national cooperation agricole non passant" line="268">
<kw name="Ouvrir le navigateur" library="selenium_utils" type="SETUP">
<arg>${url}</arg>
<arg>${browser}</arg>
<kw name="Open Browser" library="SeleniumLibrary">
<arg>${url}</arg>
<arg>${browser}</arg>
<doc>Opens a new browser instance to the optional ``url``.</doc>
<msg timestamp="20230301 11:42:19.666" level="INFO">Opening browser 'Chrome' to base url 'https://qualif-partenaires.groupagrica.com/'.</msg>
<status status="PASS" starttime="20230301 11:42:19.665" endtime="20230301 11:42:22.911"/>
</kw>
<kw name="Maximize Browser Window" library="SeleniumLibrary">
<doc>Maximizes current browser window.</doc>
<status status="PASS" starttime="20230301 11:42:22.913" endtime="20230301 11:42:23.031"/>
</kw>
<kw name="Log To Console" library="BuiltIn">
<arg>Exécution de test démarrée sur ${browser}</arg>
<doc>Logs the given message to the console.</doc>
<status status="PASS" starttime="20230301 11:42:23.041" endtime="20230301 11:42:23.043"/>
</kw>
<status status="PASS" starttime="20230301 11:42:19.663" endtime="20230301 11:42:23.052"/>
</kw>
<kw name="Connexion en tant que distributeur Agrica ACCORD NATIONAL DE LA COOPERATION AGRIGOLE ET DES INDUSTRIES non passant" library="creation_devis_non_passant_accord_national_cooperation_agricole_indusctries">
<kw name="Log To Console" library="BuiltIn">
<arg>Step-01-Connexion en tant que destributeur</arg>
<doc>Logs the given message to the console.</doc>
<status status="PASS" starttime="20230301 11:42:23.074" endtime="20230301 11:42:23.076"/>
</kw>
<kw name="Log To Console" library="BuiltIn">
<arg>path : ${EXEC_DIR}/pages/connexion_page.robot</arg>
<doc>Logs the given message to the console.</doc>
<status status="PASS" starttime="20230301 11:42:23.079" endtime="20230301 11:42:23.083"/>
</kw>
<kw name="Se connecter à Agrica Espace Co" library="connexion_page">
<arg>${nom_utilisateur_Distributeur}</arg>
<arg>${motdepasse_Distributeur}</arg>
<arg>${titre_profil_Distributeur}</arg>
<kw name="Entrer l'adresse mail" library="connexion_page">
<arg>${nom_utilisateur}</arg>
<kw name="Input Text" library="SeleniumLibrary">
<arg>${champ_adressemail}</arg>
<arg>${nom_utilisateur}</arg>
<doc>Types the given ``text`` into the text field identified by ``locator``.</doc>
<msg timestamp="20230301 11:42:23.098" level="INFO">Typing text 'distributeur_qtpm@groupagrica.com' into text field 'id:username'.</msg>
<status status="PASS" starttime="20230301 11:42:23.093" endtime="20230301 11:42:23.471"/>
</kw>
<status status="PASS" starttime="20230301 11:42:23.090" endtime="20230301 11:42:23.472"/>
</kw>
<kw name="Entrer le mot de passe" library="connexion_page">
<arg>${motdepasse}</arg>
<kw name="Input Text" library="SeleniumLibrary">
<arg>${champ_motdepasse}</arg>
<arg>${motdepasse}</arg>
<doc>Types the given ``text`` into the text field identified by ``locator``.</doc>
<msg timestamp="20230301 11:42:23.475" level="INFO">Typing text '3X4!r&amp;g6R' into text field 'id:password'.</msg>
<status status="PASS" starttime="20230301 11:42:23.473" endtime="20230301 11:42:23.587"/>
</kw>
<status status="PASS" starttime="20230301 11:42:23.472" endtime="20230301 11:42:23.589"/>
</kw>
<kw name="Cliquer sur le bouton Connexion" library="connexion_page">
<kw name="Click Button" library="SeleniumLibrary">
<arg>${btn_connexion}</arg>
<doc>Clicks the button identified by ``locator``.</doc>
<msg timestamp="20230301 11:42:23.596" level="INFO">Clicking button 'id:edit-submit'.</msg>
<status status="PASS" starttime="20230301 11:42:23.594" endtime="20230301 11:42:25.282"/>
</kw>
<status status="PASS" starttime="20230301 11:42:23.591" endtime="20230301 11:42:25.283"/>
</kw>
<kw name="Wait Until Page Contains" library="SeleniumLibrary">
<arg>${nom_profil_attendu}</arg>
<doc>Waits until ``text`` appears on the current page.</doc>
<status status="PASS" starttime="20230301 11:42:25.284" endtime="20230301 11:42:25.310"/>
</kw>
<status status="PASS" starttime="20230301 11:42:23.084" endtime="20230301 11:42:25.311"/>
</kw>
<status status="PASS" starttime="20230301 11:42:23.068" endtime="20230301 11:42:25.311"/>
</kw>
<kw name="Formulaire Devis-Accès-Offre ACCORD NATIONAL DE LA COOPERATION AGRIGOLE ET DES INDUSTRIES non passant" library="creation_devis_non_passant_accord_national_cooperation_agricole_indusctries">
<kw name="Log To Console" library="BuiltIn">
<arg>Step-02-Clic sur ACCORD NATIONAL DE LA COOPERATION AGRIGOLE ET DES INDUSTRIES</arg>
<doc>Logs the given message to the console.</doc>
<status status="PASS" starttime="20230301 11:42:25.313" endtime="20230301 11:42:25.313"/>
</kw>
<kw name="Cliquer sur le lien Offres" library="choix_offre_agrica">
<kw name="Click Element" library="SeleniumLibrary">
<arg>${lien_offe_Agrica_Prevoyance}</arg>
<doc>Click the element identified by ``locator``.</doc>
<msg timestamp="20230301 11:42:25.318" level="INFO">Clicking element 'xpath://a[contains(@href,'offres-agrica-prevoyance') and @class='btn btn-primary btn-arrow btn-large']'.</msg>
<status status="PASS" starttime="20230301 11:42:25.315" endtime="20230301 11:42:26.380"/>
</kw>
<status status="PASS" starttime="20230301 11:42:25.314" endtime="20230301 11:42:26.381"/>
</kw>
<kw name="Cliquer sur l'offre ACCORD NATIONAL DE LA COOPERATION AGRIGOLE ET DES INDUSTRIES" library="choix_offre_agrica">
<kw name="Click Element" library="SeleniumLibrary">
<arg>${btn_devis_accord_national_cooperation}</arg>
<doc>Click the element identified by ``locator``.</doc>
<msg timestamp="20230301 11:42:26.388" level="INFO">Clicking element 'xpath://a[contains(@href,'CONF_COOPIAA') and @class='btn btn-devis']'.</msg>
<status status="PASS" starttime="20230301 11:42:26.385" endtime="20230301 11:42:28.201"/>
</kw>
<status status="PASS" starttime="20230301 11:42:26.382" endtime="20230301 11:42:28.202"/>
</kw>
<kw name="Renseigner la date d'entretien" library="creation_devis_page">
<kw name="Cliquer sur le champ date" library="creation_devis_page">
<kw name="Click Element" library="SeleniumLibrary">
<arg>${champ_date_entretien}</arg>
<doc>Click the element identified by ``locator``.</doc>
<msg timestamp="20230301 11:42:28.208" level="INFO">Clicking element 'id:edit-date-entretien'.</msg>
<status status="PASS" starttime="20230301 11:42:28.206" endtime="20230301 11:42:28.279"/>
</kw>
<status status="PASS" starttime="20230301 11:42:28.205" endtime="20230301 11:42:28.280"/>
</kw>
<kw name="Cliquer sur la date d'aujourd'hui" library="creation_devis_page">
<kw name="Click Element" library="SeleniumLibrary">
<arg>${date_aujourd'hui}</arg>
<doc>Click the element identified by ``locator``.</doc>
<msg timestamp="20230301 11:42:28.283" level="INFO">Clicking element 'xpath://span[@class='flatpickr-day today' and @aria-current='date']'.</msg>
<status status="PASS" starttime="20230301 11:42:28.282" endtime="20230301 11:42:28.379"/>
</kw>
<status status="PASS" starttime="20230301 11:42:28.281" endtime="20230301 11:42:28.381"/>
</kw>
<status status="PASS" starttime="20230301 11:42:28.203" endtime="20230301 11:42:28.382"/>
</kw>
<status status="PASS" starttime="20230301 11:42:25.312" endtime="20230301 11:42:28.382"/>
</kw>
<kw name="Formulaire Devis-Entreprise-Offre ACCORD NATIONAL DE LA COOPERATION AGRIGOLE ET DES INDUSTRIES non passant" library="creation_devis_non_passant_accord_national_cooperation_agricole_indusctries">
<kw name="Vérifier que le numéro de SIRET n'est pas correct" library="creation_devis_page_non_passant">
<arg>${num_siret_incorrect}</arg>
<kw name="Input Text" library="SeleniumLibrary">
<arg>${champ_siret}</arg>
<arg>${num_siret_incorrect}</arg>
<doc>Types the given ``text`` into the text field identified by ``locator``.</doc>
<msg timestamp="20230301 11:42:28.394" level="INFO">Typing text '7120391630' into text field 'xpath:/html/body/div[3]/div[2]/main/div/form/div[1]/div/div/fieldset[2]/div[1]/div[1]/div/div/input'.</msg>
<status status="PASS" starttime="20230301 11:42:28.391" endtime="20230301 11:42:28.598"/>
</kw>
<kw name="Should Not Be Equal As Numbers" library="BuiltIn">
<arg>${num_siret_incorrect}</arg>
<arg>71203916300035</arg>
<doc>Fails if objects are equal after converting them to real numbers.</doc>
<status status="PASS" starttime="20230301 11:42:28.599" endtime="20230301 11:42:28.601"/>
</kw>
<status status="PASS" starttime="20230301 11:42:28.387" endtime="20230301 11:42:28.603"/>
</kw>
<kw name="Ajouter la couverture annuelle" library="creation_devis_page_non_passant">
<arg>${couverture_annuelle}</arg>
<kw name="Input Text" library="SeleniumLibrary">
<arg>${champ_couverture_annuelle}</arg>
<arg>${couverture_annuelle}</arg>
<doc>Types the given ``text`` into the text field identified by ``locator``.</doc>
<msg timestamp="20230301 11:42:28.610" level="INFO">Typing text '5' into text field 'xpath:/html/body/div[3]/div[2]/main/div/form/div[1]/div/div/fieldset[2]/div[1]/div[2]/div/div/input'.</msg>
<status status="PASS" starttime="20230301 11:42:28.608" endtime="20230301 11:42:28.773"/>
</kw>
<status status="PASS" starttime="20230301 11:42:28.604" endtime="20230301 11:42:28.775"/>
</kw>
<kw name="Ajouter la convention collective" library="creation_devis_page_non_passant">
<arg>${convention_collective}</arg>
<kw name="Input Text" library="SeleniumLibrary">
<arg>${champ_convention_collective}</arg>
<arg>${convention_collective}</arg>
<doc>Types the given ``text`` into the text field identified by ``locator``.</doc>
<msg timestamp="20230301 11:42:28.779" level="INFO">Typing text 'nn' into text field 'xpath:/html/body/div[3]/div[2]/main/div/form/div[1]/div/div/fieldset[2]/div[3]/div[3]/div/div[1]/div/div/div/textarea'.</msg>
<status status="PASS" starttime="20230301 11:42:28.778" endtime="20230301 11:42:28.914"/>
</kw>
<status status="PASS" starttime="20230301 11:42:28.776" endtime="20230301 11:42:28.915"/>
</kw>
<kw name="Ajouter un numero de SIRET de rattachemment incorrect" library="creation_devis_page_non_passant">
<arg>${num_siret_rattachement_incorrect}</arg>
<kw name="Click Element" library="SeleniumLibrary">
<arg>${btn_ajout_num_siret_rattachement}</arg>
<doc>Click the element identified by ``locator``.</doc>
<msg timestamp="20230301 11:42:28.919" level="INFO">Clicking element 'xpath:/html/body/div[3]/div[2]/main/div/form/div[1]/div/div/fieldset[2]/a'.</msg>
<status status="PASS" starttime="20230301 11:42:28.918" endtime="20230301 11:42:29.017"/>
</kw>
<kw name="Input Text" library="SeleniumLibrary">
<arg>${champ_siret_rattachement}</arg>
<arg>${num_siret_rattachement_incorrect}</arg>
<doc>Types the given ``text`` into the text field identified by ``locator``.</doc>
<msg timestamp="20230301 11:42:29.019" level="INFO">Typing text '900 8489380' into text field 'xpath:/html/body/div[3]/div[2]/main/div/form/div[1]/div/div/fieldset[2]/div[7]/div[1]/div[2]/div/input'.</msg>
<status status="PASS" starttime="20230301 11:42:29.018" endtime="20230301 11:42:29.309"/>
</kw>
<kw name="Should Not Be Equal As Numbers" library="BuiltIn">
<arg>${num_siret_rattachement_incorrect}</arg>
<arg>900 848 938 00016</arg>
<doc>Fails if objects are equal after converting them to real numbers.</doc>
<status status="PASS" starttime="20230301 11:42:29.310" endtime="20230301 11:42:29.311"/>
</kw>
<status status="PASS" starttime="20230301 11:42:28.916" endtime="20230301 11:42:29.311"/>
</kw>
<kw name="Ajouter le numéro N° IDCC dans le formulaire" library="creation_devis_page_non_passant">
<arg>${num_iddc}</arg>
<kw name="Input Text" library="SeleniumLibrary">
<arg>${champ_num_iddc}</arg>
<arg>${num_iddc}</arg>
<doc>Types the given ``text`` into the text field identified by ``locator``.</doc>
<msg timestamp="20230301 11:42:29.313" level="INFO">Typing text '1486' into text field 'xpath:/html/body/div[3]/div[2]/main/div/form/div[1]/div/div/fieldset[2]/div[3]/div[3]/div/div[2]/div[1]/div/input'.</msg>
<status status="PASS" starttime="20230301 11:42:29.312" endtime="20230301 11:42:29.563"/>
</kw>
<kw name="Sleep" library="BuiltIn">
<arg>5s</arg>
<doc>Pauses the test executed for the given time.</doc>
<msg timestamp="20230301 11:42:34.565" level="INFO">Slept 5 seconds</msg>
<status status="PASS" starttime="20230301 11:42:29.563" endtime="20230301 11:42:34.566"/>
</kw>
<status status="PASS" starttime="20230301 11:42:29.311" endtime="20230301 11:42:34.567"/>
</kw>
<kw name="Renseigner une valeur incorrecte du raison social" library="creation_devis_page_non_passant">
<arg>${raison_sociale_incorrect}</arg>
<kw name="Click Element" library="SeleniumLibrary">
<arg>${champ_raisonsociale}</arg>
<doc>Click the element identified by ``locator``.</doc>
<msg timestamp="20230301 11:42:34.575" level="INFO">Clicking element 'xpath:/html/body/div[3]/div[2]/main/div/form/div[1]/div/div/fieldset[2]/div[2]/div/input'.</msg>
<status status="PASS" starttime="20230301 11:42:34.571" endtime="20230301 11:42:34.654"/>
</kw>
<kw name="Input Text" library="SeleniumLibrary">
<arg>${champ_raisonsociale}</arg>
<arg>${raison_sociale_incorrect}</arg>
<doc>Types the given ``text`` into the text field identified by ``locator``.</doc>
<msg timestamp="20230301 11:42:34.656" level="INFO">Typing text 'FINA' into text field 'xpath:/html/body/div[3]/div[2]/main/div/form/div[1]/div/div/fieldset[2]/div[2]/div/input'.</msg>
<status status="PASS" starttime="20230301 11:42:34.655" endtime="20230301 11:42:34.770"/>
</kw>
<status status="PASS" starttime="20230301 11:42:34.569" endtime="20230301 11:42:34.771"/>
</kw>
<kw name="Renseigner un code Naf incorrect" library="creation_devis_page_non_passant">
<arg>${code_NAF_actualise_incorrect}</arg>
<kw name="Clear Element Text" library="SeleniumLibrary">
<arg>${champ_codeNaf}</arg>
<doc>Clears the value of the text-input-element identified by ``locator``.</doc>
<status status="PASS" starttime="20230301 11:42:34.776" endtime="20230301 11:42:34.842"/>
</kw>
<kw name="Click Element" library="SeleniumLibrary">
<arg>${champ_codeNaf}</arg>
<doc>Click the element identified by ``locator``.</doc>
<msg timestamp="20230301 11:42:34.843" level="INFO">Clicking element 'xpath :/html/body/div[3]/div[2]/main/div/form/div[1]/div/div/fieldset[2]/div[3]/div[1]/div/div/input'.</msg>
<status status="PASS" starttime="20230301 11:42:34.843" endtime="20230301 11:42:34.893"/>
</kw>
<kw name="Input Text" library="SeleniumLibrary">
<arg>${champ_codeNaf}</arg>
<arg>${code_NAF_actualise_incorrect}</arg>
<doc>Types the given ``text`` into the text field identified by ``locator``.</doc>
<msg timestamp="20230301 11:42:34.895" level="INFO">Typing text '64A' into text field 'xpath :/html/body/div[3]/div[2]/main/div/form/div[1]/div/div/fieldset[2]/div[3]/div[1]/div/div/input'.</msg>
<status status="PASS" starttime="20230301 11:42:34.893" endtime="20230301 11:42:35.002"/>
</kw>
<status status="PASS" starttime="20230301 11:42:34.772" endtime="20230301 11:42:35.003"/>
</kw>
<kw name="Renseigner le champ forme juridique par une valeur incorrect" library="creation_devis_page_non_passant">
<arg>${forme_juridique_incorrect}</arg>
<kw name="Click Element" library="SeleniumLibrary">
<arg>${champ_formejuridique}</arg>
<doc>Click the element identified by ``locator``.</doc>
<msg timestamp="20230301 11:42:35.010" level="INFO">Clicking element 'xpath:/html/body/div[3]/div[2]/main/div/form/div[1]/div/div/fieldset[2]/div[3]/div[2]/div/div/input'.</msg>
<status status="PASS" starttime="20230301 11:42:35.006" endtime="20230301 11:42:35.090"/>
</kw>
<kw name="Input Text" library="SeleniumLibrary">
<arg>${champ_formejuridique}</arg>
<arg>${forme_juridique_incorrect}</arg>
<doc>Types the given ``text`` into the text field identified by ``locator``.</doc>
<msg timestamp="20230301 11:42:35.092" level="INFO">Typing text 's.e.s' into text field 'xpath:/html/body/div[3]/div[2]/main/div/form/div[1]/div/div/fieldset[2]/div[3]/div[2]/div/div/input'.</msg>
<status status="PASS" starttime="20230301 11:42:35.091" endtime="20230301 11:42:35.203"/>
</kw>
<status status="PASS" starttime="20230301 11:42:35.004" endtime="20230301 11:42:35.204"/>
</kw>
<kw name="Renseigner la date incorrecte de création de l'entreprise" library="creation_devis_page_non_passant">
<arg>${date_creation_entreprise_actualise_incorrect}</arg>
<kw name="Textfield Value Should Be" library="SeleniumLibrary">
<arg>${champ_datecreation_entreprise}</arg>
<arg>${date_creation_incorrect}</arg>
<doc>Verifies text field ``locator`` has exactly text ``expected``.</doc>
<msg timestamp="20230301 11:42:35.257" level="INFO">Content of text field 'xpath:/html/body/div[3]/div[2]/main/div/form/div[1]/div/div/fieldset[2]/div[3]/div[3]/div/div[2]/div[2]/div/div/input' is ''.</msg>
<status status="PASS" starttime="20230301 11:42:35.207" endtime="20230301 11:42:35.258"/>
</kw>
<status status="PASS" starttime="20230301 11:42:35.205" endtime="20230301 11:42:35.259"/>
</kw>
<kw name="Renseigner une adresse incorrecte de l'entreprise" library="creation_devis_page_non_passant">
<arg>${adresse_entreprise_incorrect}</arg>
<kw name="Input Text" library="SeleniumLibrary">
<arg>${champ_adresse_entreprise}</arg>
<arg>${adresse_entreprise_incorrect}</arg>
<doc>Types the given ``text`` into the text field identified by ``locator``.</doc>
<msg timestamp="20230301 11:42:35.262" level="INFO">Typing text 'SKJRID' into text field 'xpath:/html/body/div[3]/div[2]/main/div/form/div[1]/div/div/fieldset[2]/div[4]/div/input'.</msg>
<status status="PASS" starttime="20230301 11:42:35.261" endtime="20230301 11:42:35.397"/>
</kw>
<status status="PASS" starttime="20230301 11:42:35.259" endtime="20230301 11:42:35.397"/>
</kw>
<kw name="Renseigner un code postal incorrect de l'entreprise" library="creation_devis_page_non_passant">
<arg>${codepostal_entreprise_incorrect}</arg>
<kw name="Input Text" library="SeleniumLibrary">
<arg>${champ_codepostal_entreprise}</arg>
<arg>${codepostal_entreprise_incorrect}</arg>
<doc>Types the given ``text`` into the text field identified by ``locator``.</doc>
<msg timestamp="20230301 11:42:35.403" level="INFO">Typing text '75876ds' into text field 'xpath:/html/body/div[3]/div[2]/main/div/form/div[1]/div/div/fieldset[2]/div[6]/div[1]/div/div/input'.</msg>
<status status="PASS" starttime="20230301 11:42:35.401" endtime="20230301 11:42:35.571"/>
</kw>
<status status="PASS" starttime="20230301 11:42:35.398" endtime="20230301 11:42:35.572"/>
</kw>
<kw name="Renseigner une ville quelconque de l'entreprise" library="creation_devis_page_non_passant">
<arg>${ville_entreprise_incorrect}</arg>
<kw name="Input Text" library="SeleniumLibrary">
<arg>${champ_ville_entreprise}</arg>
<arg>${ville_entreprise_incorrect}</arg>
<doc>Types the given ``text`` into the text field identified by ``locator``.</doc>
<msg timestamp="20230301 11:42:35.578" level="INFO">Typing text 'Reims' into text field 'xpath:/html/body/div[3]/div[2]/main/div/form/div[1]/div/div/fieldset[2]/div[6]/div[2]/div/div/input'.</msg>
<status status="PASS" starttime="20230301 11:42:35.575" endtime="20230301 11:42:35.727"/>
</kw>
<status status="PASS" starttime="20230301 11:42:35.574" endtime="20230301 11:42:35.728"/>
</kw>
<status status="PASS" starttime="20230301 11:42:28.386" endtime="20230301 11:42:35.729"/>
</kw>
<kw name="Formulaire Devis-Signataires-Offre ACCORD NATIONAL DE LA COOPERATION AGRIGOLE ET DES INDUSTRIES non passant" library="creation_devis_non_passant_accord_national_cooperation_agricole_indusctries">
<kw name="Renseigner la civilité" library="creation_devis_page_non_passant">
<arg>${civilite}</arg>
<kw name="Select From List By Value" library="SeleniumLibrary">
<arg>${champ_civilite}</arg>
<arg>${civilite}</arg>
<doc>Selects options from selection list ``locator`` by ``values``.</doc>
<msg timestamp="20230301 11:42:35.738" level="INFO">Selecting options from selection list 'xpath:/html/body/div[3]/div[2]/main/div/form/div[1]/div/div/fieldset[3]/div/div[1]/div/div/select' by value MADAME.</msg>
<status status="PASS" starttime="20230301 11:42:35.735" endtime="20230301 11:42:35.907"/>
</kw>
<status status="PASS" starttime="20230301 11:42:35.733" endtime="20230301 11:42:35.908"/>
</kw>
<kw name="Ajouter le prenom du signataire" library="creation_devis_page_non_passant">
<arg>${nom_signataire}</arg>
<kw name="Input Text" library="SeleniumLibrary">
<arg>${champ_prenom}</arg>
<arg>${prenom_signataire}</arg>
<doc>Types the given ``text`` into the text field identified by ``locator``.</doc>
<msg timestamp="20230301 11:42:35.913" level="INFO">Typing text 'Open' into text field 'xpath:/html/body/div[3]/div[2]/main/div/form/div[1]/div/div/fieldset[3]/div/div[3]/div/div/input'.</msg>
<status status="PASS" starttime="20230301 11:42:35.911" endtime="20230301 11:42:36.090"/>
</kw>
<status status="PASS" starttime="20230301 11:42:35.909" endtime="20230301 11:42:36.091"/>
</kw>
<kw name="Ajouter le nom du signataire" library="creation_devis_page_non_passant">
<arg>${prenom_signataire}</arg>
<kw name="Input Text" library="SeleniumLibrary">
<arg>${champ_nom}</arg>
<arg>${nom_signataire}</arg>
<doc>Types the given ``text`` into the text field identified by ``locator``.</doc>
<msg timestamp="20230301 11:42:36.095" level="INFO">Typing text 'Test' into text field 'xpath:/html/body/div[3]/div[2]/main/div/form/div[1]/div/div/fieldset[3]/div/div[2]/div/div/input'.</msg>
<status status="PASS" starttime="20230301 11:42:36.094" endtime="20230301 11:42:36.246"/>
</kw>
<status status="PASS" starttime="20230301 11:42:36.092" endtime="20230301 11:42:36.247"/>
</kw>
<kw name="Ajouter la fonction signataire" library="creation_devis_page_non_passant">
<arg>${fonction_signataire}</arg>
<kw name="Input Text" library="SeleniumLibrary">
<arg>${champ_fonction}</arg>
<arg>${fonction_signataire}</arg>
<doc>Types the given ``text`` into the text field identified by ``locator``.</doc>
<msg timestamp="20230301 11:42:36.251" level="INFO">Typing text 'Auto' into text field 'xpath:/html/body/div[3]/div[2]/main/div/form/div[1]/div/div/fieldset[3]/div/div[4]/div/div/input'.</msg>
<status status="PASS" starttime="20230301 11:42:36.249" endtime="20230301 11:42:36.398"/>
</kw>
<status status="PASS" starttime="20230301 11:42:36.248" endtime="20230301 11:42:36.399"/>
</kw>
<kw name="Vérifier que le numéro téléphone fixe du signatire n'est pas correct" library="creation_devis_page_non_passant">
<arg>${numtelephonedirecte_signataire_incorrect}</arg>
<kw name="Input Text" library="SeleniumLibrary">
<arg>${champ_numtelephonedirecte}</arg>
<arg>${numtelephonedirecte_signataire_incorrect}</arg>
<doc>Types the given ``text`` into the text field identified by ``locator``.</doc>
<msg timestamp="20230301 11:42:36.403" level="INFO">Typing text '02 01 01 01' into text field 'xpath:/html/body/div[3]/div[2]/main/div/form/div[1]/div/div/fieldset[3]/div/div[5]/div/div/input'.</msg>
<status status="PASS" starttime="20230301 11:42:36.402" endtime="20230301 11:42:36.582"/>
</kw>
<kw name="Should Not Be Equal As Numbers" library="BuiltIn">
<arg>${numtelephonedirecte_signataire_incorrect}</arg>
<arg>02 01 01 01 01</arg>
<doc>Fails if objects are equal after converting them to real numbers.</doc>
<status status="PASS" starttime="20230301 11:42:36.583" endtime="20230301 11:42:36.586"/>
</kw>
<status status="PASS" starttime="20230301 11:42:36.400" endtime="20230301 11:42:36.588"/>
</kw>
<kw name="Vérifier que le numéro téléphone direct du signataire n'est pas correct" library="creation_devis_page_non_passant">
<arg>${numtelephoneportable_signataire_incorrect}</arg>
<kw name="Input Text" library="SeleniumLibrary">
<arg>${champ_numtelephoneportable}</arg>
<arg>${numtelephoneportable_signataire_incorrect}</arg>
<doc>Types the given ``text`` into the text field identified by ``locator``.</doc>
<msg timestamp="20230301 11:42:36.594" level="INFO">Typing text '06 01 01 01' into text field 'xpath:/html/body/div[3]/div[2]/main/div/form/div[1]/div/div/fieldset[3]/div/div[6]/div/div/input'.</msg>
<status status="PASS" starttime="20230301 11:42:36.592" endtime="20230301 11:42:36.777"/>
</kw>
<kw name="Should Not Be Equal As Numbers" library="BuiltIn">
<arg>${numtelephoneportable_signataire_incorrect}</arg>
<arg>06 01 01 01 01</arg>
<doc>Fails if objects are equal after converting them to real numbers.</doc>
<status status="PASS" starttime="20230301 11:42:36.778" endtime="20230301 11:42:36.779"/>
</kw>
<status status="PASS" starttime="20230301 11:42:36.589" endtime="20230301 11:42:36.780"/>
</kw>
<kw name="Vérifier que l'adresse email signataire n'est pas correct" library="creation_devis_page_non_passant">
<arg>${adressemail_signataire_incorrect}</arg>
<kw name="Input Text" library="SeleniumLibrary">
<arg>${champ_adressemail_signataire}</arg>
<arg>${adressemail_signataire_incorrect}</arg>
<doc>Types the given ``text`` into the text field identified by ``locator``.</doc>
<msg timestamp="20230301 11:42:36.786" level="INFO">Typing text 'zgh7hyjb2o1secmail.com' into text field 'xpath:/html/body/div[3]/div[2]/main/div/form/div[1]/div/div/fieldset[3]/div/div[7]/div/div/input'.</msg>
<status status="PASS" starttime="20230301 11:42:36.784" endtime="20230301 11:42:36.985"/>
</kw>
<kw name="Should Not Be Equal As Strings" library="BuiltIn">
<arg>${adressemail_signataire_incorrect}</arg>
<arg>zgh7hyjb2o@1secmail.com</arg>
<doc>Fails if objects are equal after converting them to strings.</doc>
<status status="PASS" starttime="20230301 11:42:36.986" endtime="20230301 11:42:36.987"/>
</kw>
<status status="PASS" starttime="20230301 11:42:36.781" endtime="20230301 11:42:36.988"/>
</kw>
<status status="PASS" starttime="20230301 11:42:35.730" endtime="20230301 11:42:36.990"/>
</kw>
<kw name="Formulaire Devis-Distributeur-Offre ACCORD NATIONAL DE LA COOPERATION AGRIGOLE ET DES INDUSTRIES non passant" library="creation_devis_non_passant_accord_national_cooperation_agricole_indusctries">
<kw name="Vérifier que le code conseiller n'est pas correct" library="creation_devis_page_non_passant">
<kw name="Click Element" library="SeleniumLibrary">
<arg>${champ_codeconseiller}</arg>
<doc>Click the element identified by ``locator``.</doc>
<msg timestamp="20230301 11:42:36.994" level="INFO">Clicking element 'id:edit-code-vendeur'.</msg>
<status status="PASS" starttime="20230301 11:42:36.993" endtime="20230301 11:42:37.143"/>
</kw>
<kw name="Clear Element Text" library="SeleniumLibrary">
<arg>${champ_codeconseiller}</arg>
<doc>Clears the value of the text-input-element identified by ``locator``.</doc>
<status status="PASS" starttime="20230301 11:42:37.144" endtime="20230301 11:42:37.208"/>
</kw>
<kw name="Input Text" library="SeleniumLibrary">
<arg>${champ_codeconseiller}</arg>
<arg>QTPM</arg>
<doc>Types the given ``text`` into the text field identified by ``locator``.</doc>
<msg timestamp="20230301 11:42:37.212" level="INFO">Typing text 'QTPM' into text field 'id:edit-code-vendeur'.</msg>
<status status="PASS" starttime="20230301 11:42:37.209" endtime="20230301 11:42:37.348"/>
</kw>
<status status="PASS" starttime="20230301 11:42:36.993" endtime="20230301 11:42:37.349"/>
</kw>
<kw name="Vérifier que le numéro de téléphone fixe rempli n'est pas correct" library="creation_devis_page_non_passant">
<kw name="Click Element" library="SeleniumLibrary">
<arg>${champ_numtelephonedirecte}</arg>
<doc>Click the element identified by ``locator``.</doc>
<msg timestamp="20230301 11:42:37.354" level="INFO">Clicking element 'xpath:/html/body/div[3]/div[2]/main/div/form/div[1]/div/div/fieldset[3]/div/div[5]/div/div/input'.</msg>
<status status="PASS" starttime="20230301 11:42:37.352" endtime="20230301 11:42:37.444"/>
</kw>
<kw name="Clear Element Text" library="SeleniumLibrary">
<arg>${champ_numtelephonedirecte}</arg>
<doc>Clears the value of the text-input-element identified by ``locator``.</doc>
<status status="PASS" starttime="20230301 11:42:37.445" endtime="20230301 11:42:37.531"/>
</kw>
<kw name="Input Text" library="SeleniumLibrary">
<arg>${champ_telephonefixe_distributeur}</arg>
<arg>02 01 01 01</arg>
<doc>Types the given ``text`` into the text field identified by ``locator``.</doc>
<msg timestamp="20230301 11:42:37.534" level="INFO">Typing text '02 01 01 01' into text field 'id:edit-telephone-fixe'.</msg>
<status status="PASS" starttime="20230301 11:42:37.533" endtime="20230301 11:42:37.726"/>
</kw>
<status status="PASS" starttime="20230301 11:42:37.350" endtime="20230301 11:42:37.727"/>
</kw>
<kw name="Vérifier que le numéro de téléphone portable du distributeur n'est pas correct" library="creation_devis_page_non_passant">
<kw name="Click Element" library="SeleniumLibrary">
<arg>${champ_numtelephoneportable}</arg>
<doc>Click the element identified by ``locator``.</doc>
<msg timestamp="20230301 11:42:37.734" level="INFO">Clicking element 'xpath:/html/body/div[3]/div[2]/main/div/form/div[1]/div/div/fieldset[3]/div/div[6]/div/div/input'.</msg>
<status status="PASS" starttime="20230301 11:42:37.730" endtime="20230301 11:42:37.821"/>
</kw>
<kw name="Clear Element Text" library="SeleniumLibrary">
<arg>${champ_numtelephoneportable}</arg>
<doc>Clears the value of the text-input-element identified by ``locator``.</doc>
<status status="PASS" starttime="20230301 11:42:37.822" endtime="20230301 11:42:37.876"/>
</kw>
<kw name="Input Text" library="SeleniumLibrary">
<arg>${champ_telephoneportable_distributeur}</arg>
<arg>06 01 01 01</arg>
<doc>Types the given ``text`` into the text field identified by ``locator``.</doc>
<msg timestamp="20230301 11:42:37.880" level="INFO">Typing text '06 01 01 01' into text field 'id:edit-telephone-mobile'.</msg>
<status status="PASS" starttime="20230301 11:42:37.878" endtime="20230301 11:42:38.055"/>
</kw>
<status status="PASS" starttime="20230301 11:42:37.729" endtime="20230301 11:42:38.056"/>
</kw>
<kw name="Cliquer sur le bouton Etape suivante non passant" library="creation_devis_page_non_passant">
<kw name="Click Element" library="SeleniumLibrary">
<arg>${btn_etape_suivante}</arg>
<doc>Click the element identified by ``locator``.</doc>
<msg timestamp="20230301 11:42:38.059" level="INFO">Clicking element 'xpath:/html/body/div[3]/div[2]/main/div/form/div[2]/div[2]/button'.</msg>
<status status="PASS" starttime="20230301 11:42:38.058" endtime="20230301 11:42:38.149"/>
</kw>
<kw name="Wait Until Element Contains" library="SeleniumLibrary">
<arg>${message_erreur_siret_incorrect}</arg>
<arg>Numéro de siret invalide</arg>
<doc>Waits until the element ``locator`` contains ``text``.</doc>
<status status="PASS" starttime="20230301 11:42:38.149" endtime="20230301 11:42:38.199"/>
</kw>
<status status="PASS" starttime="20230301 11:42:38.057" endtime="20230301 11:42:38.200"/>
</kw>
<status status="PASS" starttime="20230301 11:42:36.991" endtime="20230301 11:42:38.201"/>
</kw>
<kw name="Fermer le navigateur" library="selenium_utils" type="TEARDOWN">
<kw name="Close Browser" library="SeleniumLibrary">
<doc>Closes the current browser.</doc>
<status status="PASS" starttime="20230301 11:42:38.202" endtime="20230301 11:42:38.294"/>
</kw>
<kw name="Log To Console" library="BuiltIn">
<arg>Fin de l'exécution de test</arg>
<doc>Logs the given message to the console.</doc>
<status status="PASS" starttime="20230301 11:42:38.295" endtime="20230301 11:42:38.298"/>
</kw>
<status status="PASS" starttime="20230301 11:42:38.201" endtime="20230301 11:42:38.299"/>
</kw>
<status status="PASS" starttime="20230301 11:42:19.661" endtime="20230301 11:42:38.301"/>
</test>
<status status="PASS" starttime="20230301 11:42:18.982" endtime="20230301 11:42:38.307"/>
</suite>
<status status="PASS" starttime="20230301 11:42:18.979" endtime="20230301 11:42:38.334"/>
</suite>
<status status="PASS" starttime="20230301 11:42:18.945" endtime="20230301 11:42:38.343"/>
</suite>
<statistics>
<total>
<stat pass="1" fail="0" skip="0">All Tests</stat>
</total>
<tag>
</tag>
<suite>
<stat pass="1" fail="0" skip="0" id="s1" name="Eco-testauto">Eco-testauto</stat>
<stat pass="1" fail="0" skip="0" id="s1-s1" name="Tests">Eco-testauto.Tests</stat>
<stat pass="1" fail="0" skip="0" id="s1-s1-s1" name="Mon Espace Commercial">Eco-testauto.Tests.Mon Espace Commercial</stat>
</suite>
</statistics>
<errors>
</errors>
</robot>
